ARM GAS  C:\Users\Tik\AppData\Local\Temp\ccyNUeZl.s 			page 1


   1              		.cpu cortex-m4
   2              		.arch armv7e-m
   3              		.fpu fpv4-sp-d16
   4              		.eabi_attribute 27, 1
   5              		.eabi_attribute 28, 1
   6              		.eabi_attribute 20, 1
   7              		.eabi_attribute 21, 1
   8              		.eabi_attribute 23, 3
   9              		.eabi_attribute 24, 1
  10              		.eabi_attribute 25, 1
  11              		.eabi_attribute 26, 1
  12              		.eabi_attribute 30, 1
  13              		.eabi_attribute 34, 1
  14              		.eabi_attribute 18, 4
  15              		.file	"stm32f4xx_hal_msp.c"
  16              		.text
  17              	.Ltext0:
  18              		.cfi_sections	.debug_frame
  19              		.section	.text.HAL_MspInit,"ax",%progbits
  20              		.align	1
  21              		.global	HAL_MspInit
  22              		.syntax unified
  23              		.thumb
  24              		.thumb_func
  26              	HAL_MspInit:
  27              	.LFB550:
  28              		.file 1 "Core/Src/stm32f4xx_hal_msp.c"
   1:Core/Src/stm32f4xx_hal_msp.c **** /* USER CODE BEGIN Header */
   2:Core/Src/stm32f4xx_hal_msp.c **** /**
   3:Core/Src/stm32f4xx_hal_msp.c ****   ******************************************************************************
   4:Core/Src/stm32f4xx_hal_msp.c ****   * @file         stm32f4xx_hal_msp.c
   5:Core/Src/stm32f4xx_hal_msp.c ****   * @brief        This file provides code for the MSP Initialization
   6:Core/Src/stm32f4xx_hal_msp.c ****   *               and de-Initialization codes.
   7:Core/Src/stm32f4xx_hal_msp.c ****   ******************************************************************************
   8:Core/Src/stm32f4xx_hal_msp.c ****   * @attention
   9:Core/Src/stm32f4xx_hal_msp.c ****   *
  10:Core/Src/stm32f4xx_hal_msp.c ****   * Copyright (c) 2023 STMicroelectronics.
  11:Core/Src/stm32f4xx_hal_msp.c ****   * All rights reserved.
  12:Core/Src/stm32f4xx_hal_msp.c ****   *
  13:Core/Src/stm32f4xx_hal_msp.c ****   * This software is licensed under terms that can be found in the LICENSE file
  14:Core/Src/stm32f4xx_hal_msp.c ****   * in the root directory of this software component.
  15:Core/Src/stm32f4xx_hal_msp.c ****   * If no LICENSE file comes with this software, it is provided AS-IS.
  16:Core/Src/stm32f4xx_hal_msp.c ****   *
  17:Core/Src/stm32f4xx_hal_msp.c ****   ******************************************************************************
  18:Core/Src/stm32f4xx_hal_msp.c ****   */
  19:Core/Src/stm32f4xx_hal_msp.c **** /* USER CODE END Header */
  20:Core/Src/stm32f4xx_hal_msp.c **** 
  21:Core/Src/stm32f4xx_hal_msp.c **** /* Includes ------------------------------------------------------------------*/
  22:Core/Src/stm32f4xx_hal_msp.c **** #include "main.h"
  23:Core/Src/stm32f4xx_hal_msp.c **** /* USER CODE BEGIN Includes */
  24:Core/Src/stm32f4xx_hal_msp.c **** 
  25:Core/Src/stm32f4xx_hal_msp.c **** /* USER CODE END Includes */
  26:Core/Src/stm32f4xx_hal_msp.c **** 
  27:Core/Src/stm32f4xx_hal_msp.c **** /* Private typedef -----------------------------------------------------------*/
  28:Core/Src/stm32f4xx_hal_msp.c **** /* USER CODE BEGIN TD */
  29:Core/Src/stm32f4xx_hal_msp.c **** 
  30:Core/Src/stm32f4xx_hal_msp.c **** /* USER CODE END TD */
ARM GAS  C:\Users\Tik\AppData\Local\Temp\ccyNUeZl.s 			page 2


  31:Core/Src/stm32f4xx_hal_msp.c **** 
  32:Core/Src/stm32f4xx_hal_msp.c **** /* Private define ------------------------------------------------------------*/
  33:Core/Src/stm32f4xx_hal_msp.c **** /* USER CODE BEGIN Define */
  34:Core/Src/stm32f4xx_hal_msp.c **** 
  35:Core/Src/stm32f4xx_hal_msp.c **** /* USER CODE END Define */
  36:Core/Src/stm32f4xx_hal_msp.c **** 
  37:Core/Src/stm32f4xx_hal_msp.c **** /* Private macro -------------------------------------------------------------*/
  38:Core/Src/stm32f4xx_hal_msp.c **** /* USER CODE BEGIN Macro */
  39:Core/Src/stm32f4xx_hal_msp.c **** 
  40:Core/Src/stm32f4xx_hal_msp.c **** /* USER CODE END Macro */
  41:Core/Src/stm32f4xx_hal_msp.c **** 
  42:Core/Src/stm32f4xx_hal_msp.c **** /* Private variables ---------------------------------------------------------*/
  43:Core/Src/stm32f4xx_hal_msp.c **** /* USER CODE BEGIN PV */
  44:Core/Src/stm32f4xx_hal_msp.c **** 
  45:Core/Src/stm32f4xx_hal_msp.c **** /* USER CODE END PV */
  46:Core/Src/stm32f4xx_hal_msp.c **** 
  47:Core/Src/stm32f4xx_hal_msp.c **** /* Private function prototypes -----------------------------------------------*/
  48:Core/Src/stm32f4xx_hal_msp.c **** /* USER CODE BEGIN PFP */
  49:Core/Src/stm32f4xx_hal_msp.c **** 
  50:Core/Src/stm32f4xx_hal_msp.c **** /* USER CODE END PFP */
  51:Core/Src/stm32f4xx_hal_msp.c **** 
  52:Core/Src/stm32f4xx_hal_msp.c **** /* External functions --------------------------------------------------------*/
  53:Core/Src/stm32f4xx_hal_msp.c **** /* USER CODE BEGIN ExternalFunctions */
  54:Core/Src/stm32f4xx_hal_msp.c **** 
  55:Core/Src/stm32f4xx_hal_msp.c **** /* USER CODE END ExternalFunctions */
  56:Core/Src/stm32f4xx_hal_msp.c **** 
  57:Core/Src/stm32f4xx_hal_msp.c **** /* USER CODE BEGIN 0 */
  58:Core/Src/stm32f4xx_hal_msp.c **** 
  59:Core/Src/stm32f4xx_hal_msp.c **** /* USER CODE END 0 */
  60:Core/Src/stm32f4xx_hal_msp.c **** /**
  61:Core/Src/stm32f4xx_hal_msp.c ****   * Initializes the Global MSP.
  62:Core/Src/stm32f4xx_hal_msp.c ****   */
  63:Core/Src/stm32f4xx_hal_msp.c **** void HAL_MspInit(void)
  64:Core/Src/stm32f4xx_hal_msp.c **** {
  29              		.loc 1 64 1 view -0
  30              		.cfi_startproc
  31              		@ args = 0, pretend = 0, frame = 8
  32              		@ frame_needed = 0, uses_anonymous_args = 0
  33              		@ link register save eliminated.
  34 0000 82B0     		sub	sp, sp, #8
  35              	.LCFI0:
  36              		.cfi_def_cfa_offset 8
  65:Core/Src/stm32f4xx_hal_msp.c ****   /* USER CODE BEGIN MspInit 0 */
  66:Core/Src/stm32f4xx_hal_msp.c **** 
  67:Core/Src/stm32f4xx_hal_msp.c ****   /* USER CODE END MspInit 0 */
  68:Core/Src/stm32f4xx_hal_msp.c **** 
  69:Core/Src/stm32f4xx_hal_msp.c ****   __HAL_RCC_SYSCFG_CLK_ENABLE();
  37              		.loc 1 69 3 view .LVU1
  38              	.LBB2:
  39              		.loc 1 69 3 view .LVU2
  40 0002 0021     		movs	r1, #0
  41 0004 0091     		str	r1, [sp]
  42              		.loc 1 69 3 view .LVU3
  43 0006 0B4B     		ldr	r3, .L3
  44 0008 5A6C     		ldr	r2, [r3, #68]
  45 000a 42F48042 		orr	r2, r2, #16384
  46 000e 5A64     		str	r2, [r3, #68]
ARM GAS  C:\Users\Tik\AppData\Local\Temp\ccyNUeZl.s 			page 3


  47              		.loc 1 69 3 view .LVU4
  48 0010 5A6C     		ldr	r2, [r3, #68]
  49 0012 02F48042 		and	r2, r2, #16384
  50 0016 0092     		str	r2, [sp]
  51              		.loc 1 69 3 view .LVU5
  52 0018 009A     		ldr	r2, [sp]
  53              	.LBE2:
  54              		.loc 1 69 3 view .LVU6
  70:Core/Src/stm32f4xx_hal_msp.c ****   __HAL_RCC_PWR_CLK_ENABLE();
  55              		.loc 1 70 3 view .LVU7
  56              	.LBB3:
  57              		.loc 1 70 3 view .LVU8
  58 001a 0191     		str	r1, [sp, #4]
  59              		.loc 1 70 3 view .LVU9
  60 001c 1A6C     		ldr	r2, [r3, #64]
  61 001e 42F08052 		orr	r2, r2, #268435456
  62 0022 1A64     		str	r2, [r3, #64]
  63              		.loc 1 70 3 view .LVU10
  64 0024 1B6C     		ldr	r3, [r3, #64]
  65 0026 03F08053 		and	r3, r3, #268435456
  66 002a 0193     		str	r3, [sp, #4]
  67              		.loc 1 70 3 view .LVU11
  68 002c 019B     		ldr	r3, [sp, #4]
  69              	.LBE3:
  70              		.loc 1 70 3 view .LVU12
  71:Core/Src/stm32f4xx_hal_msp.c **** 
  72:Core/Src/stm32f4xx_hal_msp.c ****   /* System interrupt init*/
  73:Core/Src/stm32f4xx_hal_msp.c **** 
  74:Core/Src/stm32f4xx_hal_msp.c ****   /* USER CODE BEGIN MspInit 1 */
  75:Core/Src/stm32f4xx_hal_msp.c **** 
  76:Core/Src/stm32f4xx_hal_msp.c ****   /* USER CODE END MspInit 1 */
  77:Core/Src/stm32f4xx_hal_msp.c **** }
  71              		.loc 1 77 1 is_stmt 0 view .LVU13
  72 002e 02B0     		add	sp, sp, #8
  73              	.LCFI1:
  74              		.cfi_def_cfa_offset 0
  75              		@ sp needed
  76 0030 7047     		bx	lr
  77              	.L4:
  78 0032 00BF     		.align	2
  79              	.L3:
  80 0034 00380240 		.word	1073887232
  81              		.cfi_endproc
  82              	.LFE550:
  84              		.section	.text.HAL_UART_MspInit,"ax",%progbits
  85              		.align	1
  86              		.global	HAL_UART_MspInit
  87              		.syntax unified
  88              		.thumb
  89              		.thumb_func
  91              	HAL_UART_MspInit:
  92              	.LVL0:
  93              	.LFB551:
  78:Core/Src/stm32f4xx_hal_msp.c **** 
  79:Core/Src/stm32f4xx_hal_msp.c **** /**
  80:Core/Src/stm32f4xx_hal_msp.c **** * @brief UART MSP Initialization
  81:Core/Src/stm32f4xx_hal_msp.c **** * This function configures the hardware resources used in this example
ARM GAS  C:\Users\Tik\AppData\Local\Temp\ccyNUeZl.s 			page 4


  82:Core/Src/stm32f4xx_hal_msp.c **** * @param huart: UART handle pointer
  83:Core/Src/stm32f4xx_hal_msp.c **** * @retval None
  84:Core/Src/stm32f4xx_hal_msp.c **** */
  85:Core/Src/stm32f4xx_hal_msp.c **** void HAL_UART_MspInit(UART_HandleTypeDef* huart)
  86:Core/Src/stm32f4xx_hal_msp.c **** {
  94              		.loc 1 86 1 is_stmt 1 view -0
  95              		.cfi_startproc
  96              		@ args = 0, pretend = 0, frame = 48
  97              		@ frame_needed = 0, uses_anonymous_args = 0
  98              		.loc 1 86 1 is_stmt 0 view .LVU15
  99 0000 00B5     		push	{lr}
 100              	.LCFI2:
 101              		.cfi_def_cfa_offset 4
 102              		.cfi_offset 14, -4
 103 0002 8DB0     		sub	sp, sp, #52
 104              	.LCFI3:
 105              		.cfi_def_cfa_offset 56
  87:Core/Src/stm32f4xx_hal_msp.c ****   GPIO_InitTypeDef GPIO_InitStruct = {0};
 106              		.loc 1 87 3 is_stmt 1 view .LVU16
 107              		.loc 1 87 20 is_stmt 0 view .LVU17
 108 0004 0023     		movs	r3, #0
 109 0006 0793     		str	r3, [sp, #28]
 110 0008 0893     		str	r3, [sp, #32]
 111 000a 0993     		str	r3, [sp, #36]
 112 000c 0A93     		str	r3, [sp, #40]
 113 000e 0B93     		str	r3, [sp, #44]
  88:Core/Src/stm32f4xx_hal_msp.c ****   if(huart->Instance==USART1)
 114              		.loc 1 88 3 is_stmt 1 view .LVU18
 115              		.loc 1 88 11 is_stmt 0 view .LVU19
 116 0010 0368     		ldr	r3, [r0]
 117              		.loc 1 88 5 view .LVU20
 118 0012 3B4A     		ldr	r2, .L13
 119 0014 9342     		cmp	r3, r2
 120 0016 08D0     		beq	.L10
  89:Core/Src/stm32f4xx_hal_msp.c ****   {
  90:Core/Src/stm32f4xx_hal_msp.c ****   /* USER CODE BEGIN USART1_MspInit 0 */
  91:Core/Src/stm32f4xx_hal_msp.c **** 
  92:Core/Src/stm32f4xx_hal_msp.c ****   /* USER CODE END USART1_MspInit 0 */
  93:Core/Src/stm32f4xx_hal_msp.c ****     /* Peripheral clock enable */
  94:Core/Src/stm32f4xx_hal_msp.c ****     __HAL_RCC_USART1_CLK_ENABLE();
  95:Core/Src/stm32f4xx_hal_msp.c **** 
  96:Core/Src/stm32f4xx_hal_msp.c ****     __HAL_RCC_GPIOA_CLK_ENABLE();
  97:Core/Src/stm32f4xx_hal_msp.c ****     /**USART1 GPIO Configuration
  98:Core/Src/stm32f4xx_hal_msp.c ****     PA9     ------> USART1_TX
  99:Core/Src/stm32f4xx_hal_msp.c ****     PA10     ------> USART1_RX
 100:Core/Src/stm32f4xx_hal_msp.c ****     */
 101:Core/Src/stm32f4xx_hal_msp.c ****     GPIO_InitStruct.Pin = GPIO_PIN_9|GPIO_PIN_10;
 102:Core/Src/stm32f4xx_hal_msp.c ****     GPIO_InitStruct.Mode = GPIO_MODE_AF_PP;
 103:Core/Src/stm32f4xx_hal_msp.c ****     GPIO_InitStruct.Pull = GPIO_NOPULL;
 104:Core/Src/stm32f4xx_hal_msp.c ****     GPIO_InitStruct.Speed = GPIO_SPEED_FREQ_VERY_HIGH;
 105:Core/Src/stm32f4xx_hal_msp.c ****     GPIO_InitStruct.Alternate = GPIO_AF7_USART1;
 106:Core/Src/stm32f4xx_hal_msp.c ****     HAL_GPIO_Init(GPIOA, &GPIO_InitStruct);
 107:Core/Src/stm32f4xx_hal_msp.c **** 
 108:Core/Src/stm32f4xx_hal_msp.c ****   /* USER CODE BEGIN USART1_MspInit 1 */
 109:Core/Src/stm32f4xx_hal_msp.c **** 
 110:Core/Src/stm32f4xx_hal_msp.c ****   /* USER CODE END USART1_MspInit 1 */
 111:Core/Src/stm32f4xx_hal_msp.c ****   }
ARM GAS  C:\Users\Tik\AppData\Local\Temp\ccyNUeZl.s 			page 5


 112:Core/Src/stm32f4xx_hal_msp.c ****   else if(huart->Instance==USART2)
 121              		.loc 1 112 8 is_stmt 1 view .LVU21
 122              		.loc 1 112 10 is_stmt 0 view .LVU22
 123 0018 3A4A     		ldr	r2, .L13+4
 124 001a 9342     		cmp	r3, r2
 125 001c 29D0     		beq	.L11
 113:Core/Src/stm32f4xx_hal_msp.c ****   {
 114:Core/Src/stm32f4xx_hal_msp.c ****   /* USER CODE BEGIN USART2_MspInit 0 */
 115:Core/Src/stm32f4xx_hal_msp.c **** 
 116:Core/Src/stm32f4xx_hal_msp.c ****   /* USER CODE END USART2_MspInit 0 */
 117:Core/Src/stm32f4xx_hal_msp.c ****     /* Peripheral clock enable */
 118:Core/Src/stm32f4xx_hal_msp.c ****     __HAL_RCC_USART2_CLK_ENABLE();
 119:Core/Src/stm32f4xx_hal_msp.c **** 
 120:Core/Src/stm32f4xx_hal_msp.c ****     __HAL_RCC_GPIOA_CLK_ENABLE();
 121:Core/Src/stm32f4xx_hal_msp.c ****     /**USART2 GPIO Configuration
 122:Core/Src/stm32f4xx_hal_msp.c ****     PA2     ------> USART2_TX
 123:Core/Src/stm32f4xx_hal_msp.c ****     PA3     ------> USART2_RX
 124:Core/Src/stm32f4xx_hal_msp.c ****     */
 125:Core/Src/stm32f4xx_hal_msp.c ****     GPIO_InitStruct.Pin = GPIO_PIN_2|GPIO_PIN_3;
 126:Core/Src/stm32f4xx_hal_msp.c ****     GPIO_InitStruct.Mode = GPIO_MODE_AF_PP;
 127:Core/Src/stm32f4xx_hal_msp.c ****     GPIO_InitStruct.Pull = GPIO_NOPULL;
 128:Core/Src/stm32f4xx_hal_msp.c ****     GPIO_InitStruct.Speed = GPIO_SPEED_FREQ_VERY_HIGH;
 129:Core/Src/stm32f4xx_hal_msp.c ****     GPIO_InitStruct.Alternate = GPIO_AF7_USART2;
 130:Core/Src/stm32f4xx_hal_msp.c ****     HAL_GPIO_Init(GPIOA, &GPIO_InitStruct);
 131:Core/Src/stm32f4xx_hal_msp.c **** 
 132:Core/Src/stm32f4xx_hal_msp.c ****   /* USER CODE BEGIN USART2_MspInit 1 */
 133:Core/Src/stm32f4xx_hal_msp.c **** 
 134:Core/Src/stm32f4xx_hal_msp.c ****   /* USER CODE END USART2_MspInit 1 */
 135:Core/Src/stm32f4xx_hal_msp.c ****   }
 136:Core/Src/stm32f4xx_hal_msp.c ****   else if(huart->Instance==USART3)
 126              		.loc 1 136 8 is_stmt 1 view .LVU23
 127              		.loc 1 136 10 is_stmt 0 view .LVU24
 128 001e 3A4A     		ldr	r2, .L13+8
 129 0020 9342     		cmp	r3, r2
 130 0022 49D0     		beq	.L12
 131              	.LVL1:
 132              	.L5:
 137:Core/Src/stm32f4xx_hal_msp.c ****   {
 138:Core/Src/stm32f4xx_hal_msp.c ****   /* USER CODE BEGIN USART3_MspInit 0 */
 139:Core/Src/stm32f4xx_hal_msp.c **** 
 140:Core/Src/stm32f4xx_hal_msp.c ****   /* USER CODE END USART3_MspInit 0 */
 141:Core/Src/stm32f4xx_hal_msp.c ****     /* Peripheral clock enable */
 142:Core/Src/stm32f4xx_hal_msp.c ****     __HAL_RCC_USART3_CLK_ENABLE();
 143:Core/Src/stm32f4xx_hal_msp.c **** 
 144:Core/Src/stm32f4xx_hal_msp.c ****     __HAL_RCC_GPIOB_CLK_ENABLE();
 145:Core/Src/stm32f4xx_hal_msp.c ****     /**USART3 GPIO Configuration
 146:Core/Src/stm32f4xx_hal_msp.c ****     PB10     ------> USART3_TX
 147:Core/Src/stm32f4xx_hal_msp.c ****     PB11     ------> USART3_RX
 148:Core/Src/stm32f4xx_hal_msp.c ****     */
 149:Core/Src/stm32f4xx_hal_msp.c ****     GPIO_InitStruct.Pin = GPIO_PIN_10|GPIO_PIN_11;
 150:Core/Src/stm32f4xx_hal_msp.c ****     GPIO_InitStruct.Mode = GPIO_MODE_AF_PP;
 151:Core/Src/stm32f4xx_hal_msp.c ****     GPIO_InitStruct.Pull = GPIO_NOPULL;
 152:Core/Src/stm32f4xx_hal_msp.c ****     GPIO_InitStruct.Speed = GPIO_SPEED_FREQ_VERY_HIGH;
 153:Core/Src/stm32f4xx_hal_msp.c ****     GPIO_InitStruct.Alternate = GPIO_AF7_USART3;
 154:Core/Src/stm32f4xx_hal_msp.c ****     HAL_GPIO_Init(GPIOB, &GPIO_InitStruct);
 155:Core/Src/stm32f4xx_hal_msp.c **** 
 156:Core/Src/stm32f4xx_hal_msp.c ****   /* USER CODE BEGIN USART3_MspInit 1 */
ARM GAS  C:\Users\Tik\AppData\Local\Temp\ccyNUeZl.s 			page 6


 157:Core/Src/stm32f4xx_hal_msp.c **** 
 158:Core/Src/stm32f4xx_hal_msp.c ****   /* USER CODE END USART3_MspInit 1 */
 159:Core/Src/stm32f4xx_hal_msp.c ****   }
 160:Core/Src/stm32f4xx_hal_msp.c **** 
 161:Core/Src/stm32f4xx_hal_msp.c **** }
 133              		.loc 1 161 1 view .LVU25
 134 0024 0DB0     		add	sp, sp, #52
 135              	.LCFI4:
 136              		.cfi_remember_state
 137              		.cfi_def_cfa_offset 4
 138              		@ sp needed
 139 0026 5DF804FB 		ldr	pc, [sp], #4
 140              	.LVL2:
 141              	.L10:
 142              	.LCFI5:
 143              		.cfi_restore_state
  94:Core/Src/stm32f4xx_hal_msp.c **** 
 144              		.loc 1 94 5 is_stmt 1 view .LVU26
 145              	.LBB4:
  94:Core/Src/stm32f4xx_hal_msp.c **** 
 146              		.loc 1 94 5 view .LVU27
 147 002a 0021     		movs	r1, #0
 148 002c 0191     		str	r1, [sp, #4]
  94:Core/Src/stm32f4xx_hal_msp.c **** 
 149              		.loc 1 94 5 view .LVU28
 150 002e 374B     		ldr	r3, .L13+12
 151 0030 5A6C     		ldr	r2, [r3, #68]
 152 0032 42F01002 		orr	r2, r2, #16
 153 0036 5A64     		str	r2, [r3, #68]
  94:Core/Src/stm32f4xx_hal_msp.c **** 
 154              		.loc 1 94 5 view .LVU29
 155 0038 5A6C     		ldr	r2, [r3, #68]
 156 003a 02F01002 		and	r2, r2, #16
 157 003e 0192     		str	r2, [sp, #4]
  94:Core/Src/stm32f4xx_hal_msp.c **** 
 158              		.loc 1 94 5 view .LVU30
 159 0040 019A     		ldr	r2, [sp, #4]
 160              	.LBE4:
  94:Core/Src/stm32f4xx_hal_msp.c **** 
 161              		.loc 1 94 5 view .LVU31
  96:Core/Src/stm32f4xx_hal_msp.c ****     /**USART1 GPIO Configuration
 162              		.loc 1 96 5 view .LVU32
 163              	.LBB5:
  96:Core/Src/stm32f4xx_hal_msp.c ****     /**USART1 GPIO Configuration
 164              		.loc 1 96 5 view .LVU33
 165 0042 0291     		str	r1, [sp, #8]
  96:Core/Src/stm32f4xx_hal_msp.c ****     /**USART1 GPIO Configuration
 166              		.loc 1 96 5 view .LVU34
 167 0044 1A6B     		ldr	r2, [r3, #48]
 168 0046 42F00102 		orr	r2, r2, #1
 169 004a 1A63     		str	r2, [r3, #48]
  96:Core/Src/stm32f4xx_hal_msp.c ****     /**USART1 GPIO Configuration
 170              		.loc 1 96 5 view .LVU35
 171 004c 1B6B     		ldr	r3, [r3, #48]
 172 004e 03F00103 		and	r3, r3, #1
 173 0052 0293     		str	r3, [sp, #8]
  96:Core/Src/stm32f4xx_hal_msp.c ****     /**USART1 GPIO Configuration
ARM GAS  C:\Users\Tik\AppData\Local\Temp\ccyNUeZl.s 			page 7


 174              		.loc 1 96 5 view .LVU36
 175 0054 029B     		ldr	r3, [sp, #8]
 176              	.LBE5:
  96:Core/Src/stm32f4xx_hal_msp.c ****     /**USART1 GPIO Configuration
 177              		.loc 1 96 5 view .LVU37
 101:Core/Src/stm32f4xx_hal_msp.c ****     GPIO_InitStruct.Mode = GPIO_MODE_AF_PP;
 178              		.loc 1 101 5 view .LVU38
 101:Core/Src/stm32f4xx_hal_msp.c ****     GPIO_InitStruct.Mode = GPIO_MODE_AF_PP;
 179              		.loc 1 101 25 is_stmt 0 view .LVU39
 180 0056 4FF4C063 		mov	r3, #1536
 181 005a 0793     		str	r3, [sp, #28]
 102:Core/Src/stm32f4xx_hal_msp.c ****     GPIO_InitStruct.Pull = GPIO_NOPULL;
 182              		.loc 1 102 5 is_stmt 1 view .LVU40
 102:Core/Src/stm32f4xx_hal_msp.c ****     GPIO_InitStruct.Pull = GPIO_NOPULL;
 183              		.loc 1 102 26 is_stmt 0 view .LVU41
 184 005c 0223     		movs	r3, #2
 185 005e 0893     		str	r3, [sp, #32]
 103:Core/Src/stm32f4xx_hal_msp.c ****     GPIO_InitStruct.Speed = GPIO_SPEED_FREQ_VERY_HIGH;
 186              		.loc 1 103 5 is_stmt 1 view .LVU42
 104:Core/Src/stm32f4xx_hal_msp.c ****     GPIO_InitStruct.Alternate = GPIO_AF7_USART1;
 187              		.loc 1 104 5 view .LVU43
 104:Core/Src/stm32f4xx_hal_msp.c ****     GPIO_InitStruct.Alternate = GPIO_AF7_USART1;
 188              		.loc 1 104 27 is_stmt 0 view .LVU44
 189 0060 0323     		movs	r3, #3
 190 0062 0A93     		str	r3, [sp, #40]
 105:Core/Src/stm32f4xx_hal_msp.c ****     HAL_GPIO_Init(GPIOA, &GPIO_InitStruct);
 191              		.loc 1 105 5 is_stmt 1 view .LVU45
 105:Core/Src/stm32f4xx_hal_msp.c ****     HAL_GPIO_Init(GPIOA, &GPIO_InitStruct);
 192              		.loc 1 105 31 is_stmt 0 view .LVU46
 193 0064 0723     		movs	r3, #7
 194 0066 0B93     		str	r3, [sp, #44]
 106:Core/Src/stm32f4xx_hal_msp.c **** 
 195              		.loc 1 106 5 is_stmt 1 view .LVU47
 196 0068 07A9     		add	r1, sp, #28
 197 006a 2948     		ldr	r0, .L13+16
 198              	.LVL3:
 106:Core/Src/stm32f4xx_hal_msp.c **** 
 199              		.loc 1 106 5 is_stmt 0 view .LVU48
 200 006c FFF7FEFF 		bl	HAL_GPIO_Init
 201              	.LVL4:
 202 0070 D8E7     		b	.L5
 203              	.LVL5:
 204              	.L11:
 118:Core/Src/stm32f4xx_hal_msp.c **** 
 205              		.loc 1 118 5 is_stmt 1 view .LVU49
 206              	.LBB6:
 118:Core/Src/stm32f4xx_hal_msp.c **** 
 207              		.loc 1 118 5 view .LVU50
 208 0072 0021     		movs	r1, #0
 209 0074 0391     		str	r1, [sp, #12]
 118:Core/Src/stm32f4xx_hal_msp.c **** 
 210              		.loc 1 118 5 view .LVU51
 211 0076 254B     		ldr	r3, .L13+12
 212 0078 1A6C     		ldr	r2, [r3, #64]
 213 007a 42F40032 		orr	r2, r2, #131072
 214 007e 1A64     		str	r2, [r3, #64]
 118:Core/Src/stm32f4xx_hal_msp.c **** 
ARM GAS  C:\Users\Tik\AppData\Local\Temp\ccyNUeZl.s 			page 8


 215              		.loc 1 118 5 view .LVU52
 216 0080 1A6C     		ldr	r2, [r3, #64]
 217 0082 02F40032 		and	r2, r2, #131072
 218 0086 0392     		str	r2, [sp, #12]
 118:Core/Src/stm32f4xx_hal_msp.c **** 
 219              		.loc 1 118 5 view .LVU53
 220 0088 039A     		ldr	r2, [sp, #12]
 221              	.LBE6:
 118:Core/Src/stm32f4xx_hal_msp.c **** 
 222              		.loc 1 118 5 view .LVU54
 120:Core/Src/stm32f4xx_hal_msp.c ****     /**USART2 GPIO Configuration
 223              		.loc 1 120 5 view .LVU55
 224              	.LBB7:
 120:Core/Src/stm32f4xx_hal_msp.c ****     /**USART2 GPIO Configuration
 225              		.loc 1 120 5 view .LVU56
 226 008a 0491     		str	r1, [sp, #16]
 120:Core/Src/stm32f4xx_hal_msp.c ****     /**USART2 GPIO Configuration
 227              		.loc 1 120 5 view .LVU57
 228 008c 1A6B     		ldr	r2, [r3, #48]
 229 008e 42F00102 		orr	r2, r2, #1
 230 0092 1A63     		str	r2, [r3, #48]
 120:Core/Src/stm32f4xx_hal_msp.c ****     /**USART2 GPIO Configuration
 231              		.loc 1 120 5 view .LVU58
 232 0094 1B6B     		ldr	r3, [r3, #48]
 233 0096 03F00103 		and	r3, r3, #1
 234 009a 0493     		str	r3, [sp, #16]
 120:Core/Src/stm32f4xx_hal_msp.c ****     /**USART2 GPIO Configuration
 235              		.loc 1 120 5 view .LVU59
 236 009c 049B     		ldr	r3, [sp, #16]
 237              	.LBE7:
 120:Core/Src/stm32f4xx_hal_msp.c ****     /**USART2 GPIO Configuration
 238              		.loc 1 120 5 view .LVU60
 125:Core/Src/stm32f4xx_hal_msp.c ****     GPIO_InitStruct.Mode = GPIO_MODE_AF_PP;
 239              		.loc 1 125 5 view .LVU61
 125:Core/Src/stm32f4xx_hal_msp.c ****     GPIO_InitStruct.Mode = GPIO_MODE_AF_PP;
 240              		.loc 1 125 25 is_stmt 0 view .LVU62
 241 009e 0C23     		movs	r3, #12
 242 00a0 0793     		str	r3, [sp, #28]
 126:Core/Src/stm32f4xx_hal_msp.c ****     GPIO_InitStruct.Pull = GPIO_NOPULL;
 243              		.loc 1 126 5 is_stmt 1 view .LVU63
 126:Core/Src/stm32f4xx_hal_msp.c ****     GPIO_InitStruct.Pull = GPIO_NOPULL;
 244              		.loc 1 126 26 is_stmt 0 view .LVU64
 245 00a2 0223     		movs	r3, #2
 246 00a4 0893     		str	r3, [sp, #32]
 127:Core/Src/stm32f4xx_hal_msp.c ****     GPIO_InitStruct.Speed = GPIO_SPEED_FREQ_VERY_HIGH;
 247              		.loc 1 127 5 is_stmt 1 view .LVU65
 128:Core/Src/stm32f4xx_hal_msp.c ****     GPIO_InitStruct.Alternate = GPIO_AF7_USART2;
 248              		.loc 1 128 5 view .LVU66
 128:Core/Src/stm32f4xx_hal_msp.c ****     GPIO_InitStruct.Alternate = GPIO_AF7_USART2;
 249              		.loc 1 128 27 is_stmt 0 view .LVU67
 250 00a6 0323     		movs	r3, #3
 251 00a8 0A93     		str	r3, [sp, #40]
 129:Core/Src/stm32f4xx_hal_msp.c ****     HAL_GPIO_Init(GPIOA, &GPIO_InitStruct);
 252              		.loc 1 129 5 is_stmt 1 view .LVU68
 129:Core/Src/stm32f4xx_hal_msp.c ****     HAL_GPIO_Init(GPIOA, &GPIO_InitStruct);
 253              		.loc 1 129 31 is_stmt 0 view .LVU69
 254 00aa 0723     		movs	r3, #7
ARM GAS  C:\Users\Tik\AppData\Local\Temp\ccyNUeZl.s 			page 9


 255 00ac 0B93     		str	r3, [sp, #44]
 130:Core/Src/stm32f4xx_hal_msp.c **** 
 256              		.loc 1 130 5 is_stmt 1 view .LVU70
 257 00ae 07A9     		add	r1, sp, #28
 258 00b0 1748     		ldr	r0, .L13+16
 259              	.LVL6:
 130:Core/Src/stm32f4xx_hal_msp.c **** 
 260              		.loc 1 130 5 is_stmt 0 view .LVU71
 261 00b2 FFF7FEFF 		bl	HAL_GPIO_Init
 262              	.LVL7:
 263 00b6 B5E7     		b	.L5
 264              	.LVL8:
 265              	.L12:
 142:Core/Src/stm32f4xx_hal_msp.c **** 
 266              		.loc 1 142 5 is_stmt 1 view .LVU72
 267              	.LBB8:
 142:Core/Src/stm32f4xx_hal_msp.c **** 
 268              		.loc 1 142 5 view .LVU73
 269 00b8 0021     		movs	r1, #0
 270 00ba 0591     		str	r1, [sp, #20]
 142:Core/Src/stm32f4xx_hal_msp.c **** 
 271              		.loc 1 142 5 view .LVU74
 272 00bc 134B     		ldr	r3, .L13+12
 273 00be 1A6C     		ldr	r2, [r3, #64]
 274 00c0 42F48022 		orr	r2, r2, #262144
 275 00c4 1A64     		str	r2, [r3, #64]
 142:Core/Src/stm32f4xx_hal_msp.c **** 
 276              		.loc 1 142 5 view .LVU75
 277 00c6 1A6C     		ldr	r2, [r3, #64]
 278 00c8 02F48022 		and	r2, r2, #262144
 279 00cc 0592     		str	r2, [sp, #20]
 142:Core/Src/stm32f4xx_hal_msp.c **** 
 280              		.loc 1 142 5 view .LVU76
 281 00ce 059A     		ldr	r2, [sp, #20]
 282              	.LBE8:
 142:Core/Src/stm32f4xx_hal_msp.c **** 
 283              		.loc 1 142 5 view .LVU77
 144:Core/Src/stm32f4xx_hal_msp.c ****     /**USART3 GPIO Configuration
 284              		.loc 1 144 5 view .LVU78
 285              	.LBB9:
 144:Core/Src/stm32f4xx_hal_msp.c ****     /**USART3 GPIO Configuration
 286              		.loc 1 144 5 view .LVU79
 287 00d0 0691     		str	r1, [sp, #24]
 144:Core/Src/stm32f4xx_hal_msp.c ****     /**USART3 GPIO Configuration
 288              		.loc 1 144 5 view .LVU80
 289 00d2 1A6B     		ldr	r2, [r3, #48]
 290 00d4 42F00202 		orr	r2, r2, #2
 291 00d8 1A63     		str	r2, [r3, #48]
 144:Core/Src/stm32f4xx_hal_msp.c ****     /**USART3 GPIO Configuration
 292              		.loc 1 144 5 view .LVU81
 293 00da 1B6B     		ldr	r3, [r3, #48]
 294 00dc 03F00203 		and	r3, r3, #2
 295 00e0 0693     		str	r3, [sp, #24]
 144:Core/Src/stm32f4xx_hal_msp.c ****     /**USART3 GPIO Configuration
 296              		.loc 1 144 5 view .LVU82
 297 00e2 069B     		ldr	r3, [sp, #24]
 298              	.LBE9:
ARM GAS  C:\Users\Tik\AppData\Local\Temp\ccyNUeZl.s 			page 10


 144:Core/Src/stm32f4xx_hal_msp.c ****     /**USART3 GPIO Configuration
 299              		.loc 1 144 5 view .LVU83
 149:Core/Src/stm32f4xx_hal_msp.c ****     GPIO_InitStruct.Mode = GPIO_MODE_AF_PP;
 300              		.loc 1 149 5 view .LVU84
 149:Core/Src/stm32f4xx_hal_msp.c ****     GPIO_InitStruct.Mode = GPIO_MODE_AF_PP;
 301              		.loc 1 149 25 is_stmt 0 view .LVU85
 302 00e4 4FF44063 		mov	r3, #3072
 303 00e8 0793     		str	r3, [sp, #28]
 150:Core/Src/stm32f4xx_hal_msp.c ****     GPIO_InitStruct.Pull = GPIO_NOPULL;
 304              		.loc 1 150 5 is_stmt 1 view .LVU86
 150:Core/Src/stm32f4xx_hal_msp.c ****     GPIO_InitStruct.Pull = GPIO_NOPULL;
 305              		.loc 1 150 26 is_stmt 0 view .LVU87
 306 00ea 0223     		movs	r3, #2
 307 00ec 0893     		str	r3, [sp, #32]
 151:Core/Src/stm32f4xx_hal_msp.c ****     GPIO_InitStruct.Speed = GPIO_SPEED_FREQ_VERY_HIGH;
 308              		.loc 1 151 5 is_stmt 1 view .LVU88
 152:Core/Src/stm32f4xx_hal_msp.c ****     GPIO_InitStruct.Alternate = GPIO_AF7_USART3;
 309              		.loc 1 152 5 view .LVU89
 152:Core/Src/stm32f4xx_hal_msp.c ****     GPIO_InitStruct.Alternate = GPIO_AF7_USART3;
 310              		.loc 1 152 27 is_stmt 0 view .LVU90
 311 00ee 0323     		movs	r3, #3
 312 00f0 0A93     		str	r3, [sp, #40]
 153:Core/Src/stm32f4xx_hal_msp.c ****     HAL_GPIO_Init(GPIOB, &GPIO_InitStruct);
 313              		.loc 1 153 5 is_stmt 1 view .LVU91
 153:Core/Src/stm32f4xx_hal_msp.c ****     HAL_GPIO_Init(GPIOB, &GPIO_InitStruct);
 314              		.loc 1 153 31 is_stmt 0 view .LVU92
 315 00f2 0723     		movs	r3, #7
 316 00f4 0B93     		str	r3, [sp, #44]
 154:Core/Src/stm32f4xx_hal_msp.c **** 
 317              		.loc 1 154 5 is_stmt 1 view .LVU93
 318 00f6 07A9     		add	r1, sp, #28
 319 00f8 0648     		ldr	r0, .L13+20
 320              	.LVL9:
 154:Core/Src/stm32f4xx_hal_msp.c **** 
 321              		.loc 1 154 5 is_stmt 0 view .LVU94
 322 00fa FFF7FEFF 		bl	HAL_GPIO_Init
 323              	.LVL10:
 324              		.loc 1 161 1 view .LVU95
 325 00fe 91E7     		b	.L5
 326              	.L14:
 327              		.align	2
 328              	.L13:
 329 0100 00100140 		.word	1073811456
 330 0104 00440040 		.word	1073759232
 331 0108 00480040 		.word	1073760256
 332 010c 00380240 		.word	1073887232
 333 0110 00000240 		.word	1073872896
 334 0114 00040240 		.word	1073873920
 335              		.cfi_endproc
 336              	.LFE551:
 338              		.section	.text.HAL_UART_MspDeInit,"ax",%progbits
 339              		.align	1
 340              		.global	HAL_UART_MspDeInit
 341              		.syntax unified
 342              		.thumb
 343              		.thumb_func
 345              	HAL_UART_MspDeInit:
ARM GAS  C:\Users\Tik\AppData\Local\Temp\ccyNUeZl.s 			page 11


 346              	.LVL11:
 347              	.LFB552:
 162:Core/Src/stm32f4xx_hal_msp.c **** 
 163:Core/Src/stm32f4xx_hal_msp.c **** /**
 164:Core/Src/stm32f4xx_hal_msp.c **** * @brief UART MSP De-Initialization
 165:Core/Src/stm32f4xx_hal_msp.c **** * This function freeze the hardware resources used in this example
 166:Core/Src/stm32f4xx_hal_msp.c **** * @param huart: UART handle pointer
 167:Core/Src/stm32f4xx_hal_msp.c **** * @retval None
 168:Core/Src/stm32f4xx_hal_msp.c **** */
 169:Core/Src/stm32f4xx_hal_msp.c **** void HAL_UART_MspDeInit(UART_HandleTypeDef* huart)
 170:Core/Src/stm32f4xx_hal_msp.c **** {
 348              		.loc 1 170 1 is_stmt 1 view -0
 349              		.cfi_startproc
 350              		@ args = 0, pretend = 0, frame = 0
 351              		@ frame_needed = 0, uses_anonymous_args = 0
 352              		.loc 1 170 1 is_stmt 0 view .LVU97
 353 0000 08B5     		push	{r3, lr}
 354              	.LCFI6:
 355              		.cfi_def_cfa_offset 8
 356              		.cfi_offset 3, -8
 357              		.cfi_offset 14, -4
 171:Core/Src/stm32f4xx_hal_msp.c ****   if(huart->Instance==USART1)
 358              		.loc 1 171 3 is_stmt 1 view .LVU98
 359              		.loc 1 171 11 is_stmt 0 view .LVU99
 360 0002 0368     		ldr	r3, [r0]
 361              		.loc 1 171 5 view .LVU100
 362 0004 164A     		ldr	r2, .L23
 363 0006 9342     		cmp	r3, r2
 364 0008 06D0     		beq	.L20
 172:Core/Src/stm32f4xx_hal_msp.c ****   {
 173:Core/Src/stm32f4xx_hal_msp.c ****   /* USER CODE BEGIN USART1_MspDeInit 0 */
 174:Core/Src/stm32f4xx_hal_msp.c **** 
 175:Core/Src/stm32f4xx_hal_msp.c ****   /* USER CODE END USART1_MspDeInit 0 */
 176:Core/Src/stm32f4xx_hal_msp.c ****     /* Peripheral clock disable */
 177:Core/Src/stm32f4xx_hal_msp.c ****     __HAL_RCC_USART1_CLK_DISABLE();
 178:Core/Src/stm32f4xx_hal_msp.c **** 
 179:Core/Src/stm32f4xx_hal_msp.c ****     /**USART1 GPIO Configuration
 180:Core/Src/stm32f4xx_hal_msp.c ****     PA9     ------> USART1_TX
 181:Core/Src/stm32f4xx_hal_msp.c ****     PA10     ------> USART1_RX
 182:Core/Src/stm32f4xx_hal_msp.c ****     */
 183:Core/Src/stm32f4xx_hal_msp.c ****     HAL_GPIO_DeInit(GPIOA, GPIO_PIN_9|GPIO_PIN_10);
 184:Core/Src/stm32f4xx_hal_msp.c **** 
 185:Core/Src/stm32f4xx_hal_msp.c ****   /* USER CODE BEGIN USART1_MspDeInit 1 */
 186:Core/Src/stm32f4xx_hal_msp.c **** 
 187:Core/Src/stm32f4xx_hal_msp.c ****   /* USER CODE END USART1_MspDeInit 1 */
 188:Core/Src/stm32f4xx_hal_msp.c ****   }
 189:Core/Src/stm32f4xx_hal_msp.c ****   else if(huart->Instance==USART2)
 365              		.loc 1 189 8 is_stmt 1 view .LVU101
 366              		.loc 1 189 10 is_stmt 0 view .LVU102
 367 000a 164A     		ldr	r2, .L23+4
 368 000c 9342     		cmp	r3, r2
 369 000e 0FD0     		beq	.L21
 190:Core/Src/stm32f4xx_hal_msp.c ****   {
 191:Core/Src/stm32f4xx_hal_msp.c ****   /* USER CODE BEGIN USART2_MspDeInit 0 */
 192:Core/Src/stm32f4xx_hal_msp.c **** 
 193:Core/Src/stm32f4xx_hal_msp.c ****   /* USER CODE END USART2_MspDeInit 0 */
 194:Core/Src/stm32f4xx_hal_msp.c ****     /* Peripheral clock disable */
ARM GAS  C:\Users\Tik\AppData\Local\Temp\ccyNUeZl.s 			page 12


 195:Core/Src/stm32f4xx_hal_msp.c ****     __HAL_RCC_USART2_CLK_DISABLE();
 196:Core/Src/stm32f4xx_hal_msp.c **** 
 197:Core/Src/stm32f4xx_hal_msp.c ****     /**USART2 GPIO Configuration
 198:Core/Src/stm32f4xx_hal_msp.c ****     PA2     ------> USART2_TX
 199:Core/Src/stm32f4xx_hal_msp.c ****     PA3     ------> USART2_RX
 200:Core/Src/stm32f4xx_hal_msp.c ****     */
 201:Core/Src/stm32f4xx_hal_msp.c ****     HAL_GPIO_DeInit(GPIOA, GPIO_PIN_2|GPIO_PIN_3);
 202:Core/Src/stm32f4xx_hal_msp.c **** 
 203:Core/Src/stm32f4xx_hal_msp.c ****   /* USER CODE BEGIN USART2_MspDeInit 1 */
 204:Core/Src/stm32f4xx_hal_msp.c **** 
 205:Core/Src/stm32f4xx_hal_msp.c ****   /* USER CODE END USART2_MspDeInit 1 */
 206:Core/Src/stm32f4xx_hal_msp.c ****   }
 207:Core/Src/stm32f4xx_hal_msp.c ****   else if(huart->Instance==USART3)
 370              		.loc 1 207 8 is_stmt 1 view .LVU103
 371              		.loc 1 207 10 is_stmt 0 view .LVU104
 372 0010 154A     		ldr	r2, .L23+8
 373 0012 9342     		cmp	r3, r2
 374 0014 17D0     		beq	.L22
 375              	.LVL12:
 376              	.L15:
 208:Core/Src/stm32f4xx_hal_msp.c ****   {
 209:Core/Src/stm32f4xx_hal_msp.c ****   /* USER CODE BEGIN USART3_MspDeInit 0 */
 210:Core/Src/stm32f4xx_hal_msp.c **** 
 211:Core/Src/stm32f4xx_hal_msp.c ****   /* USER CODE END USART3_MspDeInit 0 */
 212:Core/Src/stm32f4xx_hal_msp.c ****     /* Peripheral clock disable */
 213:Core/Src/stm32f4xx_hal_msp.c ****     __HAL_RCC_USART3_CLK_DISABLE();
 214:Core/Src/stm32f4xx_hal_msp.c **** 
 215:Core/Src/stm32f4xx_hal_msp.c ****     /**USART3 GPIO Configuration
 216:Core/Src/stm32f4xx_hal_msp.c ****     PB10     ------> USART3_TX
 217:Core/Src/stm32f4xx_hal_msp.c ****     PB11     ------> USART3_RX
 218:Core/Src/stm32f4xx_hal_msp.c ****     */
 219:Core/Src/stm32f4xx_hal_msp.c ****     HAL_GPIO_DeInit(GPIOB, GPIO_PIN_10|GPIO_PIN_11);
 220:Core/Src/stm32f4xx_hal_msp.c **** 
 221:Core/Src/stm32f4xx_hal_msp.c ****   /* USER CODE BEGIN USART3_MspDeInit 1 */
 222:Core/Src/stm32f4xx_hal_msp.c **** 
 223:Core/Src/stm32f4xx_hal_msp.c ****   /* USER CODE END USART3_MspDeInit 1 */
 224:Core/Src/stm32f4xx_hal_msp.c ****   }
 225:Core/Src/stm32f4xx_hal_msp.c **** 
 226:Core/Src/stm32f4xx_hal_msp.c **** }
 377              		.loc 1 226 1 view .LVU105
 378 0016 08BD     		pop	{r3, pc}
 379              	.LVL13:
 380              	.L20:
 177:Core/Src/stm32f4xx_hal_msp.c **** 
 381              		.loc 1 177 5 is_stmt 1 view .LVU106
 382 0018 02F59432 		add	r2, r2, #75776
 383 001c 536C     		ldr	r3, [r2, #68]
 384 001e 23F01003 		bic	r3, r3, #16
 385 0022 5364     		str	r3, [r2, #68]
 183:Core/Src/stm32f4xx_hal_msp.c **** 
 386              		.loc 1 183 5 view .LVU107
 387 0024 4FF4C061 		mov	r1, #1536
 388 0028 1048     		ldr	r0, .L23+12
 389              	.LVL14:
 183:Core/Src/stm32f4xx_hal_msp.c **** 
 390              		.loc 1 183 5 is_stmt 0 view .LVU108
 391 002a FFF7FEFF 		bl	HAL_GPIO_DeInit
ARM GAS  C:\Users\Tik\AppData\Local\Temp\ccyNUeZl.s 			page 13


 392              	.LVL15:
 393 002e F2E7     		b	.L15
 394              	.LVL16:
 395              	.L21:
 195:Core/Src/stm32f4xx_hal_msp.c **** 
 396              		.loc 1 195 5 is_stmt 1 view .LVU109
 397 0030 02F5FA32 		add	r2, r2, #128000
 398 0034 136C     		ldr	r3, [r2, #64]
 399 0036 23F40033 		bic	r3, r3, #131072
 400 003a 1364     		str	r3, [r2, #64]
 201:Core/Src/stm32f4xx_hal_msp.c **** 
 401              		.loc 1 201 5 view .LVU110
 402 003c 0C21     		movs	r1, #12
 403 003e 0B48     		ldr	r0, .L23+12
 404              	.LVL17:
 201:Core/Src/stm32f4xx_hal_msp.c **** 
 405              		.loc 1 201 5 is_stmt 0 view .LVU111
 406 0040 FFF7FEFF 		bl	HAL_GPIO_DeInit
 407              	.LVL18:
 408 0044 E7E7     		b	.L15
 409              	.LVL19:
 410              	.L22:
 213:Core/Src/stm32f4xx_hal_msp.c **** 
 411              		.loc 1 213 5 is_stmt 1 view .LVU112
 412 0046 02F5F832 		add	r2, r2, #126976
 413 004a 136C     		ldr	r3, [r2, #64]
 414 004c 23F48023 		bic	r3, r3, #262144
 415 0050 1364     		str	r3, [r2, #64]
 219:Core/Src/stm32f4xx_hal_msp.c **** 
 416              		.loc 1 219 5 view .LVU113
 417 0052 4FF44061 		mov	r1, #3072
 418 0056 0648     		ldr	r0, .L23+16
 419              	.LVL20:
 219:Core/Src/stm32f4xx_hal_msp.c **** 
 420              		.loc 1 219 5 is_stmt 0 view .LVU114
 421 0058 FFF7FEFF 		bl	HAL_GPIO_DeInit
 422              	.LVL21:
 423              		.loc 1 226 1 view .LVU115
 424 005c DBE7     		b	.L15
 425              	.L24:
 426 005e 00BF     		.align	2
 427              	.L23:
 428 0060 00100140 		.word	1073811456
 429 0064 00440040 		.word	1073759232
 430 0068 00480040 		.word	1073760256
 431 006c 00000240 		.word	1073872896
 432 0070 00040240 		.word	1073873920
 433              		.cfi_endproc
 434              	.LFE552:
 436              		.text
 437              	.Letext0:
 438              		.file 2 "c:\\program files (x86)\\gnu arm embedded toolchain\\10 2021.10\\arm-none-eabi\\include\\
 439              		.file 3 "c:\\program files (x86)\\gnu arm embedded toolchain\\10 2021.10\\arm-none-eabi\\include\\
 440              		.file 4 "Drivers/CMSIS/Device/ST/STM32F4xx/Include/stm32f407xx.h"
 441              		.file 5 "Drivers/STM32F4xx_HAL_Driver/Inc/stm32f4xx_hal_def.h"
 442              		.file 6 "Drivers/STM32F4xx_HAL_Driver/Inc/stm32f4xx_hal_gpio.h"
 443              		.file 7 "Drivers/STM32F4xx_HAL_Driver/Inc/stm32f4xx_hal_dma.h"
ARM GAS  C:\Users\Tik\AppData\Local\Temp\ccyNUeZl.s 			page 14


 444              		.file 8 "Drivers/STM32F4xx_HAL_Driver/Inc/stm32f4xx_hal_uart.h"
 445              		.file 9 "Drivers/STM32F4xx_HAL_Driver/Inc/stm32f4xx_ll_dma.h"
ARM GAS  C:\Users\Tik\AppData\Local\Temp\ccyNUeZl.s 			page 15


DEFINED SYMBOLS
                            *ABS*:00000000 stm32f4xx_hal_msp.c
C:\Users\Tik\AppData\Local\Temp\ccyNUeZl.s:20     .text.HAL_MspInit:00000000 $t
C:\Users\Tik\AppData\Local\Temp\ccyNUeZl.s:26     .text.HAL_MspInit:00000000 HAL_MspInit
C:\Users\Tik\AppData\Local\Temp\ccyNUeZl.s:80     .text.HAL_MspInit:00000034 $d
C:\Users\Tik\AppData\Local\Temp\ccyNUeZl.s:85     .text.HAL_UART_MspInit:00000000 $t
C:\Users\Tik\AppData\Local\Temp\ccyNUeZl.s:91     .text.HAL_UART_MspInit:00000000 HAL_UART_MspInit
C:\Users\Tik\AppData\Local\Temp\ccyNUeZl.s:329    .text.HAL_UART_MspInit:00000100 $d
C:\Users\Tik\AppData\Local\Temp\ccyNUeZl.s:339    .text.HAL_UART_MspDeInit:00000000 $t
C:\Users\Tik\AppData\Local\Temp\ccyNUeZl.s:345    .text.HAL_UART_MspDeInit:00000000 HAL_UART_MspDeInit
C:\Users\Tik\AppData\Local\Temp\ccyNUeZl.s:428    .text.HAL_UART_MspDeInit:00000060 $d

UNDEFINED SYMBOLS
HAL_GPIO_Init
HAL_GPIO_DeInit
