2023-06-13 09:13:35,983 [INFO] Activator:176 - 


2023-06-13 09:13:35,983 [INFO] Activator:177 - !SESSION log4j initialized
2023-06-13 09:13:43,121 [INFO] LogOutputStream:77 - [STDOUT_REDIRECT] 
2023-06-13 09:14:01,613 [ERROR] LogOutputStream:75 - [STDERR_REDIRECT] SLF4J: Failed to load class "org.slf4j.impl.StaticLoggerBinder".
2023-06-13 09:14:01,613 [ERROR] LogOutputStream:75 - [STDERR_REDIRECT] SLF4J: Defaulting to no-operation (NOP) logger implementation
2023-06-13 09:14:01,615 [ERROR] LogOutputStream:75 - [STDERR_REDIRECT] SLF4J: See http://www.slf4j.org/codes.html#StaticLoggerBinder for further details.
2023-06-13 10:34:54,258 [INFO] Activator:176 - 


2023-06-13 10:34:54,258 [INFO] Activator:177 - !SESSION log4j initialized
2023-06-13 10:35:00,035 [INFO] LogOutputStream:77 - [STDOUT_REDIRECT] 
2023-06-13 10:35:18,648 [ERROR] LogOutputStream:75 - [STDERR_REDIRECT] SLF4J: Failed to load class "org.slf4j.impl.StaticLoggerBinder".
2023-06-13 10:35:18,648 [ERROR] LogOutputStream:75 - [STDERR_REDIRECT] SLF4J: Defaulting to no-operation (NOP) logger implementation
2023-06-13 10:35:18,648 [ERROR] LogOutputStream:75 - [STDERR_REDIRECT] SLF4J: See http://www.slf4j.org/codes.html#StaticLoggerBinder for further details.
2023-06-13 13:04:16,060 [ERROR] LogOutputStream:75 - [STDERR_REDIRECT] Warning: NLS missing message: ExternalToolsPreferencePage_External_tool_project_builders_migration_2 in: org.eclipse.ui.externaltools.internal.ui.ExternalToolsUIMessages
2023-06-13 13:04:16,060 [ERROR] LogOutputStream:75 - [STDERR_REDIRECT] Warning: NLS missing message: ExternalToolsPreferencePage_Prompt_before_migrating_3 in: org.eclipse.ui.externaltools.internal.ui.ExternalToolsUIMessages
2023-06-13 13:04:16,060 [ERROR] LogOutputStream:75 - [STDERR_REDIRECT] Warning: NLS missing message: ExternalToolsPreferencePage_1 in: org.eclipse.ui.externaltools.internal.ui.ExternalToolsUIMessages
2023-06-13 13:27:05,339 [INFO] Activator:176 - 


2023-06-13 13:27:05,339 [INFO] Activator:177 - !SESSION log4j initialized
2023-06-13 13:27:11,638 [INFO] LogOutputStream:77 - [STDOUT_REDIRECT] 
2023-06-13 13:27:30,490 [ERROR] LogOutputStream:75 - [STDERR_REDIRECT] SLF4J: Failed to load class "org.slf4j.impl.StaticLoggerBinder".
2023-06-13 13:27:30,490 [ERROR] LogOutputStream:75 - [STDERR_REDIRECT] SLF4J: Defaulting to no-operation (NOP) logger implementation
2023-06-13 13:27:30,490 [ERROR] LogOutputStream:75 - [STDERR_REDIRECT] SLF4J: See http://www.slf4j.org/codes.html#StaticLoggerBinder for further details.
