2023-06-16 10:44:28,685 [INFO] Activator:176 - 


2023-06-16 10:44:28,692 [INFO] Activator:177 - !SESSION log4j initialized
2023-06-16 10:44:35,420 [INFO] LogOutputStream:77 - [STDOUT_REDIRECT] 
2023-06-16 10:44:53,746 [ERROR] LogOutputStream:75 - [STDERR_REDIRECT] SLF4J: Failed to load class "org.slf4j.impl.StaticLoggerBinder".
2023-06-16 10:44:53,746 [ERROR] LogOutputStream:75 - [STDERR_REDIRECT] SLF4J: Defaulting to no-operation (NOP) logger implementation
2023-06-16 10:44:53,762 [ERROR] LogOutputStream:75 - [STDERR_REDIRECT] SLF4J: See http://www.slf4j.org/codes.html#StaticLoggerBinder for further details.
2023-06-16 15:48:42,248 [INFO] Activator:176 - 


2023-06-16 15:48:42,250 [INFO] Activator:177 - !SESSION log4j initialized
2023-06-16 15:48:49,224 [INFO] LogOutputStream:77 - [STDOUT_REDIRECT] 
2023-06-16 15:49:07,504 [ERROR] LogOutputStream:75 - [STDERR_REDIRECT] SLF4J: Failed to load class "org.slf4j.impl.StaticLoggerBinder".
2023-06-16 15:49:07,504 [ERROR] LogOutputStream:75 - [STDERR_REDIRECT] SLF4J: Defaulting to no-operation (NOP) logger implementation
2023-06-16 15:49:07,506 [ERROR] LogOutputStream:75 - [STDERR_REDIRECT] SLF4J: See http://www.slf4j.org/codes.html#StaticLoggerBinder for further details.
2023-06-16 15:51:27,897 [INFO] ApplicationProperties:184 - Using Application install path: C:\ST\STM32CubeIDE_1.10.1\STM32CubeIDE\plugins\com.st.stm32cube.common.mx_6.8.0.202302231600
2023-06-16 15:51:27,923 [INFO] DbMcusXml:78 - Set database path to: C:\ST\STM32CubeIDE_1.10.1\STM32CubeIDE\plugins\com.st.stm32cube.common.mx_6.8.0.202302231600\\db\/mcu/
2023-06-16 15:51:27,924 [INFO] ApiDb:274 - Set plugin database path to: C:\ST\STM32CubeIDE_1.10.1\STM32CubeIDE\plugins\com.st.stm32cube.common.mx_6.8.0.202302231600\\db\/plugins/boardmanager/
2023-06-16 15:51:27,926 [WARN] ApiDb:259 - Overriding images path with different value:  => C:\ST\STM32CubeIDE_1.10.1\STM32CubeIDE\plugins\com.st.stm32cube.common.mx_6.8.0.202302231600\\db\/plugins/mcufinder/images/
2023-06-16 15:51:27,949 [INFO] ApiDb:250 - Set database path to: C:\Users\Tik\.stmcufinder\plugins\mcufinder//mcu/
2023-06-16 15:51:27,951 [INFO] DbMcusAds:125 - Set database path to: C:\Users\Tik\.stmcufinder\plugins\mcufinder//mcu/
2023-06-16 15:51:39,553 [INFO] CrossReferenceDbSqlite:203 - Set database path to: C:\Users\Tik\.stmcufinder\plugins\mcufinder//mcu/cs/
2023-06-16 15:51:39,676 [INFO] RulesReader:64 - Compatibility file has been processed (293 Rules)
2023-06-16 15:51:39,763 [INFO] DbMcusXml:78 - Set database path to: C:\ST\STM32CubeIDE_1.10.1\STM32CubeIDE\plugins\com.st.stm32cube.common.mx_6.8.0.202302231600\\db\/mcu/
2023-06-16 15:51:39,763 [INFO] ApiDb:274 - Set plugin database path to: C:\ST\STM32CubeIDE_1.10.1\STM32CubeIDE\plugins\com.st.stm32cube.common.mx_6.8.0.202302231600\\db\/plugins/boardmanager/
2023-06-16 15:51:39,763 [INFO] ApiDb:261 - Set plugin images path to: C:\ST\STM32CubeIDE_1.10.1\STM32CubeIDE\plugins\com.st.stm32cube.common.mx_6.8.0.202302231600\\db\/plugins/mcufinder/images/
2023-06-16 15:51:39,764 [WARN] DbFile:41 - Overriding database path with different value: C:\Users\Tik\.stmcufinder\plugins\mcufinder/ => C:\Users\Tik\.stmcufinder\plugins\mcufinder
2023-06-16 15:51:39,764 [INFO] ApiDb:250 - Set database path to: C:\Users\Tik\.stmcufinder\plugins\mcufinder//mcu/
2023-06-16 15:51:39,764 [WARN] DbFile:41 - Overriding database path with different value: C:\Users\Tik\.stmcufinder\plugins\mcufinder/ => C:\Users\Tik\.stmcufinder\plugins\mcufinder
2023-06-16 15:51:39,764 [INFO] DbMcusAds:125 - Set database path to: C:\Users\Tik\.stmcufinder\plugins\mcufinder//mcu/
2023-06-16 15:51:39,764 [WARN] DbFile:41 - Overriding database path with different value: C:\Users\Tik\.stmcufinder\plugins\mcufinder/ => C:\Users\Tik\.stmcufinder\plugins\mcufinder
2023-06-16 15:51:39,764 [WARN] DbFile:41 - Overriding database path with different value: C:\Users\Tik\.stmcufinder\plugins\mcufinder/ => C:\Users\Tik\.stmcufinder\plugins\mcufinder
2023-06-16 15:51:39,764 [INFO] CrossReferenceDbSqlite:203 - Set database path to: C:\Users\Tik\.stmcufinder\plugins\mcufinder//mcu/cs/
2023-06-16 15:51:39,865 [INFO] MainPanel:253 - HeapMemory: 692060160
2023-06-16 15:51:39,976 [INFO] DbMcusXml:78 - Set database path to: C:\ST\STM32CubeIDE_1.10.1\STM32CubeIDE\plugins\com.st.stm32cube.common.mx_6.8.0.202302231600\\db\/mcu/
2023-06-16 15:51:39,976 [INFO] ApiDb:274 - Set plugin database path to: C:\ST\STM32CubeIDE_1.10.1\STM32CubeIDE\plugins\com.st.stm32cube.common.mx_6.8.0.202302231600\\db\/plugins/boardmanager/
2023-06-16 15:51:39,976 [INFO] ApiDb:261 - Set plugin images path to: C:\ST\STM32CubeIDE_1.10.1\STM32CubeIDE\plugins\com.st.stm32cube.common.mx_6.8.0.202302231600\\db\/plugins/mcufinder/images/
2023-06-16 15:51:39,976 [WARN] DbFile:41 - Overriding database path with different value: C:\Users\Tik\.stmcufinder\plugins\mcufinder/ => C:\Users\Tik\.stmcufinder\plugins\mcufinder
2023-06-16 15:51:39,977 [INFO] ApiDb:250 - Set database path to: C:\Users\Tik\.stmcufinder\plugins\mcufinder//mcu/
2023-06-16 15:51:39,977 [WARN] DbFile:41 - Overriding database path with different value: C:\Users\Tik\.stmcufinder\plugins\mcufinder/ => C:\Users\Tik\.stmcufinder\plugins\mcufinder
2023-06-16 15:51:39,977 [INFO] DbMcusAds:125 - Set database path to: C:\Users\Tik\.stmcufinder\plugins\mcufinder//mcu/
2023-06-16 15:51:39,977 [WARN] DbFile:41 - Overriding database path with different value: C:\Users\Tik\.stmcufinder\plugins\mcufinder/ => C:\Users\Tik\.stmcufinder\plugins\mcufinder
2023-06-16 15:51:39,977 [WARN] DbFile:41 - Overriding database path with different value: C:\Users\Tik\.stmcufinder\plugins\mcufinder/ => C:\Users\Tik\.stmcufinder\plugins\mcufinder
2023-06-16 15:51:39,977 [INFO] CrossReferenceDbSqlite:203 - Set database path to: C:\Users\Tik\.stmcufinder\plugins\mcufinder//mcu/cs/
2023-06-16 15:51:39,998 [INFO] ApplicationProperties:184 - Using Application install path: C:\ST\STM32CubeIDE_1.10.1\STM32CubeIDE\plugins\com.st.stm32cube.common.mx_6.8.0.202302231600
2023-06-16 15:51:40,000 [INFO] PluginManage:196 - Search for loadable plugins [exclusion list=, ]
2023-06-16 15:51:40,002 [INFO] PluginManage:310 - Check plugin analytics
2023-06-16 15:51:44,809 [INFO] AnalyticsPlugin:253 - Accepted Software Licenses: STM32CubeMX.6.8.1,STM32CubeMX.6.5.0
2023-06-16 15:51:44,810 [INFO] AnalyticsPlugin:255 - Accepted CMSIS Pack Licenses: 
2023-06-16 15:51:44,810 [INFO] AnalyticsPlugin:257 - Accepted Firmware Licenses: FW.F4.1.27.0
2023-06-16 15:51:44,820 [INFO] PluginManage:359 - Loaded plugin analytics (category:tool,tabindex:-1)
2023-06-16 15:51:44,821 [INFO] PluginManage:310 - Check plugin cadmodel
2023-06-16 15:51:44,834 [INFO] CADModel:105 - Init CAD model plugin
2023-06-16 15:51:44,834 [INFO] PluginManage:359 - Loaded plugin cadmodel (category:power,tabindex:5)
2023-06-16 15:51:44,834 [INFO] PluginManage:310 - Check plugin clock
2023-06-16 15:51:44,855 [INFO] PluginManage:359 - Loaded plugin clock (category:base,tabindex:2)
2023-06-16 15:51:44,855 [INFO] PluginManage:310 - Check plugin ddr
2023-06-16 15:51:44,858 [INFO] PluginManage:359 - Loaded plugin ddr (category:tool,tabindex:6)
2023-06-16 15:51:44,858 [INFO] PluginManage:310 - Check plugin filemanager
2023-06-16 15:51:45,001 [INFO] PluginManage:359 - Loaded plugin filemanager (category:base,tabindex:10)
2023-06-16 15:51:45,001 [INFO] PluginManage:310 - Check plugin ipmanager
2023-06-16 15:51:45,009 [INFO] PluginManage:359 - Loaded plugin ipmanager (category:base,tabindex:5)
2023-06-16 15:51:45,009 [INFO] PluginManage:310 - Check plugin lpbam
2023-06-16 15:51:45,028 [INFO] PluginManage:359 - Loaded plugin lpbam (category:base,tabindex:0)
2023-06-16 15:51:45,028 [INFO] PluginManage:310 - Check plugin pinoutandconfiguration
2023-06-16 15:51:45,045 [INFO] PluginManage:359 - Loaded plugin pinoutandconfiguration (category:base,tabindex:1)
2023-06-16 15:51:45,045 [INFO] PluginManage:310 - Check plugin pinoutconfig
2023-06-16 15:51:45,142 [WARN] SupportedApi:132 - Cannot load RTOS API schema: s4s-elt-must-match.1: The content of 'definitions' must match (annotation?, (simpleType | complexType)?, (unique | key | keyref)*)). A problem was found starting at: attribute.
2023-06-16 15:51:45,288 [INFO] PluginManage:359 - Loaded plugin pinoutconfig (category:base,tabindex:0)
2023-06-16 15:51:45,288 [INFO] PluginManage:310 - Check plugin power
2023-06-16 15:51:45,307 [INFO] PluginManage:359 - Loaded plugin power (category:power,tabindex:4)
2023-06-16 15:51:45,307 [INFO] PluginManage:310 - Check plugin projectmanager
2023-06-16 15:51:45,325 [INFO] PluginManage:359 - Loaded plugin projectmanager (category:projectmanager,tabindex:3)
2023-06-16 15:51:45,325 [INFO] PluginManage:310 - Check plugin thirdparty
2023-06-16 15:51:45,579 [INFO] PluginManage:359 - Loaded plugin thirdparty (category:base,tabindex:-1)
2023-06-16 15:51:45,580 [INFO] PluginManage:310 - Check plugin tools
2023-06-16 15:51:45,579 [WARN] IntegrityCheckThread:84 - waiting for thirdparty lock release [integrity check]
2023-06-16 15:51:45,580 [INFO] IntegrityCheckThread:86 - entering critical section [integrity check]
2023-06-16 15:51:45,583 [INFO] ThirdPartyUpdaterWithRetryManager:70 - Updater plugin not ready yet. [1/15]
2023-06-16 15:51:45,609 [INFO] PluginManage:359 - Loaded plugin tools (category:base,tabindex:7)
2023-06-16 15:51:45,610 [INFO] PluginManage:310 - Check plugin tutovideos
2023-06-16 15:51:45,868 [INFO] PluginManage:359 - Loaded plugin tutovideos (category:base,tabindex:-1)
2023-06-16 15:51:45,868 [INFO] PluginManage:310 - Check plugin updater
2023-06-16 15:51:45,885 [INFO] PluginManage:359 - Loaded plugin updater (category:base,tabindex:12)
2023-06-16 15:51:45,886 [INFO] PluginManage:283 - PluginManage : Loaded plugins [15]
2023-06-16 15:51:46,192 [INFO] PinOutPanel:1499 - setPackage(No Configuration,No Configuration)
2023-06-16 15:51:46,265 [INFO] CADModel:165 - CPN selected for project level
2023-06-16 15:51:46,265 [INFO] CADModel:114 - Register for checkConnection events
2023-06-16 15:51:46,297 [INFO] IPUIPlugin:80 - create IPUIPlugin
2023-06-16 15:51:46,297 [INFO] PluginManager:220 - loadIPPluginJar : add adc
2023-06-16 15:51:46,330 [INFO] IPUIPlugin:80 - create IPUIPlugin
2023-06-16 15:51:46,330 [INFO] PluginManager:220 - loadIPPluginJar : add aes
2023-06-16 15:51:46,368 [INFO] IPUIPlugin:80 - create IPUIPlugin
2023-06-16 15:51:46,368 [INFO] PluginManager:220 - loadIPPluginJar : add can
2023-06-16 15:51:46,389 [INFO] IPUIPlugin:80 - create IPUIPlugin
2023-06-16 15:51:46,389 [INFO] PluginManager:220 - loadIPPluginJar : add comp
2023-06-16 15:51:46,418 [INFO] IPUIPlugin:80 - create IPUIPlugin
2023-06-16 15:51:46,418 [INFO] PluginManager:220 - loadIPPluginJar : add cryp
2023-06-16 15:51:46,445 [INFO] IPUIPlugin:80 - create IPUIPlugin
2023-06-16 15:51:46,445 [INFO] PluginManager:220 - loadIPPluginJar : add dfsdm
2023-06-16 15:51:46,459 [INFO] IPUIPlugin:80 - create IPUIPlugin
2023-06-16 15:51:46,460 [INFO] PluginManager:220 - loadIPPluginJar : add dma
2023-06-16 15:51:46,498 [INFO] IPUIPlugin:80 - create IPUIPlugin
2023-06-16 15:51:46,498 [INFO] PluginManager:220 - loadIPPluginJar : add dma3
2023-06-16 15:51:46,516 [INFO] IPUIPlugin:80 - create IPUIPlugin
2023-06-16 15:51:46,517 [INFO] PluginManager:220 - loadIPPluginJar : add fatfs
2023-06-16 15:51:46,559 [INFO] IPUIPlugin:80 - create IPUIPlugin
2023-06-16 15:51:46,559 [INFO] PluginManager:220 - loadIPPluginJar : add fmc
2023-06-16 15:51:46,574 [INFO] IPUIPlugin:80 - create IPUIPlugin
2023-06-16 15:51:46,574 [INFO] PluginManager:220 - loadIPPluginJar : add freertos
2023-06-16 15:51:46,592 [INFO] IPUIPlugin:80 - create IPUIPlugin
2023-06-16 15:51:46,593 [INFO] PluginManager:220 - loadIPPluginJar : add genericplugin
2023-06-16 15:51:46,674 [INFO] IPUIPlugin:80 - create IPUIPlugin
2023-06-16 15:51:46,675 [INFO] PluginManager:220 - loadIPPluginJar : add gfxmmu
2023-06-16 15:51:46,788 [INFO] IPUIPlugin:80 - create IPUIPlugin
2023-06-16 15:51:46,788 [INFO] PluginManager:220 - loadIPPluginJar : add gic
2023-06-16 15:51:46,804 [INFO] IPUIPlugin:80 - create IPUIPlugin
2023-06-16 15:51:46,804 [INFO] PluginManager:220 - loadIPPluginJar : add gpio
2023-06-16 15:51:46,886 [INFO] IPUIPlugin:80 - create IPUIPlugin
2023-06-16 15:51:46,886 [INFO] PluginManager:220 - loadIPPluginJar : add gtzc
2023-06-16 15:51:46,917 [INFO] IPUIPlugin:80 - create IPUIPlugin
2023-06-16 15:51:46,918 [INFO] PluginManager:220 - loadIPPluginJar : add hash
2023-06-16 15:51:46,967 [INFO] IPUIPlugin:80 - create IPUIPlugin
2023-06-16 15:51:46,967 [INFO] PluginManager:220 - loadIPPluginJar : add i2c
2023-06-16 15:51:47,005 [INFO] IPUIPlugin:80 - create IPUIPlugin
2023-06-16 15:51:47,005 [INFO] PluginManager:220 - loadIPPluginJar : add i2s
2023-06-16 15:51:47,044 [INFO] IPUIPlugin:80 - create IPUIPlugin
2023-06-16 15:51:47,044 [INFO] PluginManager:220 - loadIPPluginJar : add i3c
2023-06-16 15:51:47,141 [INFO] IPUIPlugin:80 - create IPUIPlugin
2023-06-16 15:51:47,141 [INFO] PluginManager:220 - loadIPPluginJar : add ipddr
2023-06-16 15:51:47,224 [INFO] IPUIPlugin:80 - create IPUIPlugin
2023-06-16 15:51:47,224 [INFO] PluginManager:220 - loadIPPluginJar : add linkedlist
2023-06-16 15:51:47,255 [INFO] IPUIPlugin:80 - create IPUIPlugin
2023-06-16 15:51:47,255 [INFO] PluginManager:220 - loadIPPluginJar : add lorawan
2023-06-16 15:51:47,287 [INFO] IPUIPlugin:80 - create IPUIPlugin
2023-06-16 15:51:47,287 [INFO] PluginManager:220 - loadIPPluginJar : add ltdc
2023-06-16 15:51:47,302 [INFO] IPUIPlugin:80 - create IPUIPlugin
2023-06-16 15:51:47,302 [INFO] PluginManager:220 - loadIPPluginJar : add mdma
2023-06-16 15:51:47,314 [INFO] IPUIPlugin:80 - create IPUIPlugin
2023-06-16 15:51:47,315 [INFO] PluginManager:220 - loadIPPluginJar : add nvic
2023-06-16 15:51:47,347 [INFO] IPUIPlugin:80 - create IPUIPlugin
2023-06-16 15:51:47,347 [INFO] PluginManager:220 - loadIPPluginJar : add opamp
2023-06-16 15:51:47,400 [INFO] IPUIPlugin:80 - create IPUIPlugin
2023-06-16 15:51:47,400 [INFO] PluginManager:220 - loadIPPluginJar : add openamp
2023-06-16 15:51:47,438 [INFO] IPUIPlugin:80 - create IPUIPlugin
2023-06-16 15:51:47,438 [INFO] PluginManager:220 - loadIPPluginJar : add pdm2pcm
2023-06-16 15:51:47,454 [INFO] IPUIPlugin:80 - create IPUIPlugin
2023-06-16 15:51:47,458 [INFO] PluginManager:220 - loadIPPluginJar : add plateformsettings
2023-06-16 15:51:47,477 [INFO] IPUIPlugin:80 - create IPUIPlugin
2023-06-16 15:51:47,477 [INFO] PluginManager:220 - loadIPPluginJar : add quadspi
2023-06-16 15:51:47,489 [INFO] IPUIPlugin:80 - create IPUIPlugin
2023-06-16 15:51:47,489 [INFO] PluginManager:220 - loadIPPluginJar : add resmgrutility
2023-06-16 15:51:47,531 [INFO] IPUIPlugin:80 - create IPUIPlugin
2023-06-16 15:51:47,531 [INFO] PluginManager:220 - loadIPPluginJar : add sai
2023-06-16 15:51:47,563 [INFO] IPUIPlugin:80 - create IPUIPlugin
2023-06-16 15:51:47,564 [INFO] PluginManager:220 - loadIPPluginJar : add spi
2023-06-16 15:51:47,613 [INFO] IPUIPlugin:80 - create IPUIPlugin
2023-06-16 15:51:47,613 [INFO] PluginManager:220 - loadIPPluginJar : add stm32_wpan
2023-06-16 15:51:47,634 [INFO] IPUIPlugin:80 - create IPUIPlugin
2023-06-16 15:51:47,634 [INFO] PluginManager:220 - loadIPPluginJar : add tim
2023-06-16 15:51:47,683 [INFO] IPUIPlugin:80 - create IPUIPlugin
2023-06-16 15:51:47,683 [INFO] PluginManager:220 - loadIPPluginJar : add touchsensing
2023-06-16 15:51:47,703 [INFO] IPUIPlugin:80 - create IPUIPlugin
2023-06-16 15:51:47,703 [INFO] PluginManager:220 - loadIPPluginJar : add tracer_emb
2023-06-16 15:51:47,723 [INFO] IPUIPlugin:80 - create IPUIPlugin
2023-06-16 15:51:47,723 [INFO] PluginManager:220 - loadIPPluginJar : add ts
2023-06-16 15:51:47,744 [INFO] IPUIPlugin:80 - create IPUIPlugin
2023-06-16 15:51:47,744 [INFO] PluginManager:220 - loadIPPluginJar : add tsc
2023-06-16 15:51:47,765 [INFO] IPUIPlugin:80 - create IPUIPlugin
2023-06-16 15:51:47,765 [INFO] PluginManager:220 - loadIPPluginJar : add ucpd
2023-06-16 15:51:47,803 [INFO] IPUIPlugin:80 - create IPUIPlugin
2023-06-16 15:51:47,803 [INFO] PluginManager:220 - loadIPPluginJar : add usart
2023-06-16 15:51:47,842 [INFO] IPUIPlugin:80 - create IPUIPlugin
2023-06-16 15:51:47,842 [INFO] PluginManager:220 - loadIPPluginJar : add usbx
2023-06-16 15:51:47,978 [INFO] CADModel:165 - CPN selected for project level
2023-06-16 15:51:47,978 [INFO] CADModel:114 - Register for checkConnection events
2023-06-16 15:51:47,978 [FATAL] Updater:308 - Updater called before beeing initialized
2023-06-16 15:51:47,979 [ERROR] CADModel:125 - Updater not yet initialized, retry later 
2023-06-16 15:51:48,164 [INFO] CADModel:165 - CPN selected for project level
2023-06-16 15:51:48,164 [INFO] CADModel:114 - Register for checkConnection events
2023-06-16 15:51:48,164 [FATAL] Updater:308 - Updater called before beeing initialized
2023-06-16 15:51:48,164 [ERROR] CADModel:125 - Updater not yet initialized, retry later 
2023-06-16 15:51:48,168 [FATAL] Updater:308 - Updater called before beeing initialized
2023-06-16 15:51:48,287 [FATAL] Updater:308 - Updater called before beeing initialized
2023-06-16 15:51:48,299 [INFO] DbMcusAds:53 - JSON generation date=Tue Mar 07 15:50:55 GMT+07:00 2023 (1678179055335)
2023-06-16 15:51:48,299 [FATAL] Updater:308 - Updater called before beeing initialized
2023-06-16 15:51:48,338 [WARN] DetailPanel:346 - Failed to get advertising image, set to default
2023-06-16 15:51:48,468 [FATAL] Updater:308 - Updater called before beeing initialized
2023-06-16 15:51:48,470 [FATAL] Updater:308 - Updater called before beeing initialized
2023-06-16 15:51:48,471 [FATAL] Updater:308 - Updater called before beeing initialized
2023-06-16 15:51:48,471 [WARN] DetailPanel:346 - Failed to get advertising image, set to default
2023-06-16 15:51:48,472 [FATAL] Updater:308 - Updater called before beeing initialized
2023-06-16 15:51:48,535 [ERROR] Updater:1120 - MainUpdater not yet initialized. External WinMGr cannot be set.
2023-06-16 15:51:48,545 [INFO] Updater:1056 - Updater Version found : 6.8.0
2023-06-16 15:51:48,571 [INFO] ApplicationProperties:184 - Using Application install path: C:\ST\STM32CubeIDE_1.10.1\STM32CubeIDE\plugins\com.st.stm32cube.common.mx_6.8.0.202302231600
2023-06-16 15:51:48,593 [INFO] ThirdPartyUpdaterWithRetryManager:70 - Updater plugin not ready yet. [2/15]
2023-06-16 15:51:48,696 [INFO] MainUpdater:519 - Copy updater definitions from MX database
2023-06-16 15:51:49,260 [INFO] MainUpdater:2854 - connection check result : 10
2023-06-16 15:51:49,260 [INFO] MainUpdater:3548 - Updater definition file requires update
2023-06-16 15:51:49,262 [INFO] MainUpdater:283 - Updater Check For Update Now.
2023-06-16 15:51:49,262 [INFO] MicroXplorer:498 - Change Database Version : DB.6.0.80
2023-06-16 15:51:49,382 [INFO] ServerAccessManage:473 - Download File updaters.zip
2023-06-16 15:51:49,626 [INFO] FileExtend:240 - Unzip File : updaters.zip
2023-06-16 15:51:49,626 [INFO] FileExtend:255 - Standard Zip Deflate
2023-06-16 15:51:50,198 [INFO] ServerAccessManage:473 - Download File PacksControlFlags.xml
2023-06-16 15:51:50,434 [INFO] ServerAccessManage:473 - Download File cubemx.pidx
2023-06-16 15:51:50,517 [INFO] LoadServerUpdatesThread:373 - End of LoadServerUpdate Thread
2023-06-16 15:51:50,686 [INFO] CheckServerUpdateThread:120 - End of CheckServer Thread
2023-06-16 15:51:50,727 [INFO] MainUpdater:2854 - connection check result : 10
2023-06-16 15:51:50,735 [INFO] MainUpdater:2854 - connection check result : 10
2023-06-16 15:51:50,914 [INFO] MicroXplorer:468 - Change Database Path : 
2023-06-16 15:51:50,914 [INFO] MicroXplorer:498 - Change Database Version : DB.6.0.80
2023-06-16 15:51:50,914 [WARN] ThirdParty:871 - waiting for thirdparty lock release [close project]
2023-06-16 15:51:51,776 [WARN] PackLoader:240 - Cannot read IP mode file for STMicroelectronics.X-CUBE-SMBUS.2.1.0
2023-06-16 15:51:51,817 [WARN] PackLoader:240 - Cannot read IP mode file for STMicroelectronics.X-CUBE-AZRTOS-F7.1.1.0
2023-06-16 15:51:51,834 [ERROR] RealEvaluatedCondition:428 - Found unsupported composite condition: GROUP='STM32_MetaDataManager' CLASS='Data Exchange'
2023-06-16 15:51:51,834 [ERROR] RealEvaluatedCondition:428 - Found unsupported composite condition: GROUP='STM32_MetaDataManager' CLASS='Data Exchange'
2023-06-16 15:51:51,846 [WARN] PackLoader:240 - Cannot read IP mode file for STMicroelectronics.FP-SNS-MOTENV1.4.3.0
2023-06-16 15:51:51,861 [WARN] PackLoader:240 - Cannot read IP mode file for STMicroelectronics.FP-SNS-FLIGHT1.5.0.0
2023-06-16 15:51:51,872 [ERROR] RealEvaluatedCondition:428 - Found unsupported composite condition: CLASS='Data Exchange' GROUP='STM32_MetaDataManager'
2023-06-16 15:51:51,872 [ERROR] RealEvaluatedCondition:428 - Found unsupported composite condition: GROUP='STM32_MetaDataManager' CLASS='Data Exchange'
2023-06-16 15:51:51,874 [WARN] PackLoader:240 - Cannot read IP mode file for STMicroelectronics.FP-SNS-MOTENV1.4.3.1
2023-06-16 15:51:51,888 [WARN] PackLoader:240 - Cannot read IP mode file for STMicroelectronics.FP-SNS-FLIGHT1.5.0.1
2023-06-16 15:51:51,902 [WARN] PackLoader:240 - Cannot read IP mode file for STMicroelectronics.X-CUBE-BLE1.6.2.4
2023-06-16 15:51:51,917 [WARN] PackLoader:240 - Cannot read IP mode file for STMicroelectronics.X-CUBE-DISPLAY.3.0.0
2023-06-16 15:51:51,940 [INFO] LogOutputStream:77 - [STDOUT_REDIRECT] 1 : Invalid condition id : UX_CORESTACK_Condition cause : null
2023-06-16 15:51:51,940 [INFO] LogOutputStream:77 - [STDOUT_REDIRECT] 1 : Invalid condition id : UX_CORESTACK_Condition cause : null
2023-06-16 15:51:51,941 [INFO] LogOutputStream:77 - [STDOUT_REDIRECT] 1 : Invalid condition id : UX_CORESTACK_Condition cause : null
2023-06-16 15:51:51,943 [INFO] LogOutputStream:77 - [STDOUT_REDIRECT] 1 : Invalid condition id : UX_CORESTACK_Condition cause : null
2023-06-16 15:51:51,944 [INFO] LogOutputStream:77 - [STDOUT_REDIRECT] 1 : Invalid condition id : UX_CORESTACK_Condition cause : null
2023-06-16 15:51:51,947 [WARN] PackLoader:240 - Cannot read IP mode file for STMicroelectronics.X-CUBE-AZRTOS-WL.2.0.0
2023-06-16 15:51:51,964 [WARN] PackLoader:240 - Cannot read IP mode file for WES.I-CUBE-Cesium.1.3.0
2023-06-16 15:51:51,975 [WARN] PackLoader:240 - Cannot read IP mode file for STMicroelectronics.X-CUBE-BLE2.3.3.0
2023-06-16 15:51:51,988 [WARN] PackLoader:240 - Cannot read IP mode file for STMicroelectronics.X-CUBE-TOUCHGFX.4.21.3
2023-06-16 15:51:51,999 [WARN] PackLoader:240 - Cannot read IP mode file for STMicroelectronics.X-CUBE-TOUCHGFX.4.21.4
2023-06-16 15:51:52,014 [WARN] PackLoader:240 - Cannot read IP mode file for STMicroelectronics.X-CUBE-ALGOBUILD.1.3.0
2023-06-16 15:51:52,040 [WARN] PackLoader:240 - Cannot read IP mode file for STMicroelectronics.X-CUBE-AZRTOS-G0.1.1.0
2023-06-16 15:51:52,056 [WARN] PackLoader:240 - Cannot read IP mode file for STMicroelectronics.X-CUBE-NFC4.3.0.0
2023-06-16 15:51:52,069 [WARN] PackLoader:240 - Cannot read IP mode file for STMicroelectronics.FP-ATR-SIGFOX1.3.2.0
2023-06-16 15:51:52,103 [WARN] PackLoader:240 - Cannot read IP mode file for SEGGER.I-CUBE-embOS.1.3.1
2023-06-16 15:51:52,149 [WARN] PackLoader:240 - Cannot read IP mode file for STMicroelectronics.X-CUBE-GNSS1.6.0.0
2023-06-16 15:51:52,178 [WARN] PackLoader:240 - Cannot read IP mode file for STMicroelectronics.X-CUBE-AZRTOS-F4.1.1.0
2023-06-16 15:51:52,193 [WARN] PackLoader:240 - Cannot read IP mode file for wolfSSL.I-CUBE-wolfSSL.5.6.0
2023-06-16 15:51:52,239 [WARN] PackLoader:240 - Cannot read IP mode file for STMicroelectronics.X-CUBE-MEMS1.9.6.0
2023-06-16 15:51:52,369 [WARN] PackLoader:240 - Cannot read IP mode file for emotas.I-CUBE-CANOPEN.1.1.3
2023-06-16 15:51:52,383 [WARN] PackLoader:240 - Cannot read IP mode file for STMicroelectronics.X-CUBE-BLEMGR.2.0.0
2023-06-16 15:51:52,408 [WARN] ConditionMgr:438 - getConditionDescription Invalid condition id : UX DEVICE CLASS RTOS Condition cause : null
2023-06-16 15:51:52,408 [WARN] ConditionMgr:438 - getConditionDescription Invalid condition id : UX DEVICE CLASS RTOS Condition cause : null
2023-06-16 15:51:52,411 [WARN] PackLoader:240 - Cannot read IP mode file for STMicroelectronics.X-CUBE-AZRTOS-H7.3.1.0
2023-06-16 15:51:52,412 [WARN] ConditionMgr:1039 - genDependencies : Invalid condition id : UX DEVICE CLASS RTOS Condition cause : null
2023-06-16 15:51:52,412 [WARN] ConditionMgr:1039 - genDependencies : Invalid condition id : UX DEVICE CLASS RTOS Condition cause : null
2023-06-16 15:51:52,413 [WARN] ConditionMgr:1039 - genDependencies : Invalid condition id : UX DEVICE CLASS RTOS Condition cause : null
2023-06-16 15:51:52,413 [WARN] ConditionMgr:1039 - genDependencies : Invalid condition id : UX DEVICE CLASS RTOS Condition cause : null
2023-06-16 15:51:52,413 [WARN] ConditionMgr:1039 - genDependencies : Invalid condition id : UX DEVICE CLASS RTOS Condition cause : null
2023-06-16 15:51:52,426 [WARN] PackLoader:240 - Cannot read IP mode file for STMicroelectronics.X-CUBE-NFC7.1.0.1
2023-06-16 15:51:52,440 [WARN] PackLoader:240 - Cannot read IP mode file for STMicroelectronics.X-CUBE-NFC7.1.0.0
2023-06-16 15:51:52,453 [WARN] PackLoader:240 - Cannot read IP mode file for STMicroelectronics.X-CUBE-EEPRMA1.4.1.0
2023-06-16 15:51:52,478 [WARN] ConditionMgr:438 - getConditionDescription Invalid condition id : LAN8742 Phy interface Condition cause : null
2023-06-16 15:51:52,479 [WARN] PackLoader:240 - Cannot read IP mode file for STMicroelectronics.X-CUBE-AZRTOS-L4.2.0.0
2023-06-16 15:51:52,480 [WARN] ConditionMgr:1039 - genDependencies : Invalid condition id : LAN8742 Phy interface Condition cause : null
2023-06-16 15:51:52,480 [WARN] ConditionMgr:1039 - genDependencies : Invalid condition id : LAN8742 Phy interface Condition cause : null
2023-06-16 15:51:52,481 [WARN] ConditionMgr:1039 - genDependencies : Invalid condition id : LAN8742 Phy interface Condition cause : null
2023-06-16 15:51:52,495 [WARN] PackLoader:240 - Cannot read IP mode file for STMicroelectronics.X-CUBE-SFXS2LP1.4.0.0
2023-06-16 15:51:52,508 [WARN] PackLoader:240 - Cannot read IP mode file for STMicroelectronics.X-CUBE-ISPU.1.1.0
2023-06-16 15:51:52,520 [WARN] PackLoader:240 - Cannot read IP mode file for STMicroelectronics.X-CUBE-AI.8.0.0
2023-06-16 15:51:52,531 [WARN] PackLoader:240 - Cannot read IP mode file for STMicroelectronics.X-CUBE-FREERTOS.1.0.1
2023-06-16 15:51:52,553 [WARN] PackLoader:240 - Cannot read IP mode file for STMicroelectronics.X-CUBE-AZRTOS-L5.1.1.0
2023-06-16 15:51:52,567 [WARN] PackLoader:240 - Cannot read IP mode file for STMicroelectronics.X-CUBE-AI.8.0.1
2023-06-16 15:51:52,582 [WARN] PackLoader:240 - Cannot read IP mode file for STMicroelectronics.X-CUBE-SUBG2.5.0.0
2023-06-16 15:51:52,603 [WARN] PackLoader:240 - Cannot read IP mode file for STMicroelectronics.X-CUBE-AZRTOS-G4.2.0.0
2023-06-16 15:51:52,619 [WARN] PackLoader:240 - Cannot read IP mode file for STMicroelectronics.X-CUBE-TOF1.3.3.0
2023-06-16 15:51:52,647 [WARN] PackLoader:240 - Cannot read IP mode file for STMicroelectronics.X-CUBE-AZRTOS-L4.1.0.0
2023-06-16 15:51:52,664 [WARN] PackLoader:240 - Cannot read IP mode file for STMicroelectronics.X-CUBE-AZRTOS-WL.1.0.0
2023-06-16 15:51:52,675 [WARN] PackLoader:240 - Cannot read IP mode file for portGmbH.I-Cube-SoM-uGOAL.1.1.0
2023-06-16 15:51:52,684 [WARN] PackLoader:240 - Cannot read IP mode file for STMicroelectronics.X-CUBE-ALS.1.0.1
2023-06-16 15:51:52,705 [WARN] PackLoader:240 - Cannot read IP mode file for STMicroelectronics.X-CUBE-AZRTOS-WB.1.1.0
2023-06-16 15:51:52,716 [WARN] PackLoader:240 - Cannot read IP mode file for STMicroelectronics.FP-ATR-ASTRA1.2.0.0
2023-06-16 15:51:52,717 [INFO] ThirdParty:978 - Integrity check success = true
2023-06-16 15:51:52,717 [INFO] IntegrityCheckThread:100 - exiting critical section [integrity check]
2023-06-16 15:51:52,717 [INFO] IntegrityCheckThread:103 - End integrity checks thread
2023-06-16 15:51:52,717 [INFO] ThirdParty:873 - entering critical section [close project]
2023-06-16 15:51:52,720 [INFO] ThirdParty:883 - exiting critical section [close project]
2023-06-16 15:51:52,723 [INFO] PinOutPanel:1499 - setPackage(No Configuration,No Configuration)
2023-06-16 15:51:52,729 [INFO] UtilMem:75 - Begin LoadConfig() Used Memory: 621902648 Bytes (859832320)
2023-06-16 15:51:52,736 [INFO] MicroXplorer:468 - Change Database Path : C:/Users/Tik/.stm32cubemx/databases/DB.6.0.30/db/
2023-06-16 15:51:52,736 [INFO] MicroXplorer:498 - Change Database Version : DB.6.0.30
2023-06-16 15:51:54,539 [INFO] OpenFileManager:308 - Change cursor
2023-06-16 15:51:54,582 [INFO] Mcu:1937 - Initializing MCU STM32F405RGTx STM32F405RGTx 
2023-06-16 15:51:54,689 [INFO] ApiDb:581 - Connected to CubeFinder SQLite database (C:\Users\Tik\.stmcufinder\plugins\mcufinder\mcu\cube-finder-db.db)
2023-06-16 15:51:54,760 [INFO] ApiDb:668 - CubeFinder database Data Model version=2.1
2023-06-16 15:51:54,761 [INFO] ApiDb:669 - CubeFinder database Configuration version=3.0.35
2023-06-16 15:51:54,761 [INFO] ApiDb:670 - CubeFinder database generation date=2023-05-12 (1683877179)
2023-06-16 15:51:54,761 [INFO] ApiDb:671 - CubeFinder database FW Pack versions=[FP-ATR-ASTRA1_V2.0.0, FP-SNS-FLIGHT1_V5.0.0, FP-SNS-MOTENV1_V4.3.0, STM32Cube_FW_C0_V1.0.1, STM32Cube_FW_F0_V1.11.4, STM32Cube_FW_F3_V1.11.4, STM32Cube_FW_F4_V1.27.1, STM32Cube_FW_F7_V1.17.0, STM32Cube_FW_G0_V1.6.1, STM32Cube_FW_G4_V1.5.1, STM32Cube_FW_H5_V0.5.1, STM32Cube_FW_H5_V1.0.0, STM32Cube_FW_H7_V1.11.0, STM32Cube_FW_L0_V1.12.2, STM32Cube_FW_L5_V1.5.0, STM32Cube_FW_U5_V1.2.0, STM32Cube_FW_WBA_V1.0.0, STM32Cube_FW_WBA_V1.0.0RC1, STM32Cube_FW_WBA_V1.0.0RC3, STM32Cube_FW_WB_V1.15.0RC1, STM32Cube_FW_WB_V1.16.0, STM32Cube_FW_WB_V1.16.0RC2, STM32Cube_FW_WL_V1.3.0, X-CUBE-ALGOBUILD_V1.3.0, X-CUBE-ALS_V1.0.1, X-CUBE-AZRTOS-F4_V1.1.0, X-CUBE-AZRTOS-F7_V1.1.0, X-CUBE-AZRTOS-G0_V1.1.0, X-CUBE-AZRTOS-G4_V2.0.0, X-CUBE-AZRTOS-H7_V3.1.0, X-CUBE-AZRTOS-L4_V1.0.0, X-CUBE-AZRTOS-L5_V1.1.0, X-CUBE-AZRTOS-WB_V1.1.0, X-CUBE-AZRTOS-WL_V1.0.0, X-CUBE-BLE1_V6.2.4, X-CUBE-BLE2_V3.3.0, X-CUBE-BLEMGR_V2.0.0, X-CUBE-EEPRMA1_V4.1.0, X-CUBE-FREERTOS_V1.0.1, X-CUBE-GNSS1_V6.0.0, X-CUBE-MEMS1_V9.1.0, X-CUBE-MEMS1_V9.4.0, X-CUBE-MEMS1_V9.6.0, X-CUBE-NFC4_V3.0.0, X-CUBE-NFC7_V1.0.0, X-CUBE-SFXS2LP1_V4.0.0, X-CUBE-SUBG2_V5.0.0]
2023-06-16 15:51:56,910 [INFO] ApiDb:240 - Found 297 in-development CPN: [B-G473E-ZEST1S, B-WB1M-WPAN1, B-WL5M-SUBG1, NUCLEO-C031C6, NUCLEO-H503RB, NUCLEO-H563ZI, NUCLEO-U545RE-Q, NUCLEO-U5A5ZJ-Q, NUCLEO-WBA52CG, STEVAL-PROTEUS1, STEVAL-STWINBX1, STM320518-EVAL, STM32C0116-DK, STM32C011D6Y3TR, STM32C011D6Y6TR, STM32C011F4P3, STM32C011F4P6, STM32C011F4U3, STM32C011F4U6TR, STM32C011F6P3, STM32C011F6P6, STM32C011F6U3, STM32C011F6U6TR, STM32C011J4M3, STM32C011J4M6, STM32C011J6M3, STM32C011J6M6, STM32C0316-DK, STM32C031C4T3, STM32C031C4T6, STM32C031C4U3, STM32C031C4U6, STM32C031C6T3, STM32C031C6T6, STM32C031C6U3, STM32C031C6U6, STM32C031F4P3, STM32C031F4P6, STM32C031F6P3, STM32C031F6P6, STM32C031G4U3, STM32C031G4U6, STM32C031G6U3, STM32C031G6U6, STM32C031K4T3, STM32C031K4T6, STM32C031K4U3, STM32C031K4U6, STM32C031K6T3, STM32C031K6T6, STM32C031K6U3, STM32C031K6U6, STM32G071K8TXN, STM32G071K8UXN, STM32G081GBU6N, STM32G081KBT6N, STM32G081KBUXN, STM32G0B1CCT6N, STM32G0B1KCT6, STM32G0B1NEY6TR, STM32G0B1RCT6N, STM32G0C1CCT6, STM32G0C1CCT6N, STM32G0C1CCU6N, STM32G0C1CET6N, STM32G0C1CEU6N, STM32G0C1KCT6, STM32G0C1NEY6TR, STM32G0C1RCI6N, STM32G0C1RCT6N, STM32G0C1REI6N, STM32G0C1RET6N, STM32G0C1VCI6, STM32G0C1VEI6, STM32G471CCT6, STM32G471CCU6, STM32G471CET3, STM32G471CET6, STM32G471CEU3, STM32G471CEU6, STM32G471MCT6, STM32G471MET3, STM32G471MET6, STM32G471MEY6TR, STM32G471QCT6, STM32G471QET3, STM32G471RCT6, STM32G471RET3, STM32G471RET6, STM32G471VCH6, STM32G471VCI6, STM32G471VCT6, STM32G471VEH3, STM32G471VEH6, STM32G471VEI3, STM32G471VEI6, STM32G471VET3, STM32G471VET6, STM32G474CCT6, STM32H503CBT6, STM32H503CBU6, STM32H503EBY6TR, STM32H503KBU6, STM32H503RBT6, STM32H562AGI6, STM32H562AII6, STM32H562IGK6, STM32H562IGT6, STM32H562IIK6, STM32H562IIT6, STM32H562RGT6, STM32H562RGV6, STM32H562RIT6, STM32H562RIV6, STM32H562VGT6, STM32H562VIT6, STM32H562ZGT6, STM32H562ZIT6, STM32H563AGI6, STM32H563AII3Q, STM32H563AII6, STM32H563IGK6, STM32H563IGT6, STM32H563IIK3Q, STM32H563IIK6, STM32H563IIT3Q, STM32H563IIT6, STM32H563MIY3QTR, STM32H563RGT6, STM32H563RGV6, STM32H563RIT6, STM32H563RIV6, STM32H563VGT6, STM32H563VIT3Q, STM32H563VIT6, STM32H563ZGT6, STM32H563ZIT3Q, STM32H563ZIT6, STM32H573AII3Q, STM32H573AII6, STM32H573I-DK, STM32H573IIK3Q, STM32H573IIK6, STM32H573IIT3Q, STM32H573IIT6, STM32H573MIY3QTR, STM32H573RIT6, STM32H573RIV6, STM32H573VIT3Q, STM32H573VIT6, STM32H573ZIT3Q, STM32H573ZIT6, STM32L4R5QGI6STR, STM32MP131AAE3, STM32MP131AAF3, STM32MP131AAG3, STM32MP131CAE3, STM32MP131CAF3, STM32MP131CAG3, STM32MP131DAE7, STM32MP131DAF7, STM32MP131DAG7, STM32MP131FAE7, STM32MP131FAF7, STM32MP131FAG7, STM32MP133AAE3, STM32MP133AAF3, STM32MP133AAG3, STM32MP133CAE3, STM32MP133CAF3, STM32MP133CAG3, STM32MP133DAE7, STM32MP133DAF7, STM32MP133DAG7, STM32MP133FAE7, STM32MP133FAF7, STM32MP133FAG7, STM32MP135AAE3, STM32MP135AAF3, STM32MP135AAG3, STM32MP135CAE3, STM32MP135CAF3, STM32MP135CAG3, STM32MP135DAE7, STM32MP135DAF7, STM32MP135DAG7, STM32MP135F-DK, STM32MP135FAE7, STM32MP135FAF7, STM32MP135FAF7T, STM32MP135FAF7U, STM32MP135FAG7, STM32U535CBT6, STM32U535CBT6Q, STM32U535CBU6, STM32U535CBU6Q, STM32U535CCT6, STM32U535CCT6Q, STM32U535CCU6, STM32U535CCU6Q, STM32U535CET6, STM32U535CET6Q, STM32U535CEU6, STM32U535CEU6Q, STM32U535JEY6QTR, STM32U535NCY6QTR, STM32U535NEY6QTR, STM32U535RBI6, STM32U535RBI6Q, STM32U535RBT6, STM32U535RBT6Q, STM32U535RCI6, STM32U535RCI6Q, STM32U535RCT6, STM32U535RCT6Q, STM32U535REI6, STM32U535REI6Q, STM32U535RET6, STM32U535RET6Q, STM32U535VCI6, STM32U535VCI6Q, STM32U535VCT6, STM32U535VCT6Q, STM32U535VEI6, STM32U535VEI6Q, STM32U535VET6, STM32U535VET6Q, STM32U545CET6, STM32U545CET6Q, STM32U545CEU6, STM32U545CEU6Q, STM32U545JEY6QTR, STM32U545NEY6QTR, STM32U545REI6, STM32U545REI6Q, STM32U545RET6, STM32U545RET6Q, STM32U545VEI6, STM32U545VEI6Q, STM32U545VET6, STM32U545VET6Q, STM32U595AIH6, STM32U595AIH6Q, STM32U595AJH6, STM32U595AJH6Q, STM32U595QII6, STM32U595QII6Q, STM32U595QJI6, STM32U595QJI6Q, STM32U595RIT6, STM32U595RIT6Q, STM32U595RJT6, STM32U595RJT6Q, STM32U595VIT6, STM32U595VIT6Q, STM32U595VJT6, STM32U595VJT6Q, STM32U595ZIT6, STM32U595ZIT6Q, STM32U595ZIY6QTR, STM32U595ZJT6, STM32U595ZJT6Q, STM32U595ZJY6QTR, STM32U599BJY6QTR, STM32U599NIH6Q, STM32U599NJH6Q, STM32U599VIT6Q, STM32U599VJT6, STM32U599VJT6Q, STM32U599ZIT6Q, STM32U599ZIY6QTR, STM32U599ZJT6Q, STM32U599ZJY6QTR, STM32U5A5AJH6, STM32U5A5AJH6Q, STM32U5A5QJI6, STM32U5A5QJI6Q, STM32U5A5RJT6, STM32U5A5RJT6Q, STM32U5A5VJT6, STM32U5A5VJT6Q, STM32U5A5ZJT6, STM32U5A5ZJT6Q, STM32U5A5ZJY6QTR, STM32U5A9BJY6QTR, STM32U5A9J-DK, STM32U5A9NJH6Q, STM32U5A9VJT6Q, STM32U5A9ZJT6Q, STM32U5A9ZJY6QTR, STM32WB1MMCH6, STM32WBA52CEU6, STM32WBA52CEU6T, STM32WBA52CGU6, STM32WBA52CGU6T, STM32WL5MOCH6, STM32WL5MOCH6TR]
2023-06-16 15:51:56,913 [INFO] DbMcus:216 - Found 3775 MCUs, 3775 are supported
2023-06-16 15:51:56,916 [INFO] ApiDb:423 - Load user favorites file C:\Users\Tik/.stm32cubeide/favorites.mcus.txt: 0 item(s)
2023-06-16 15:51:56,917 [INFO] ApiDb:427 - User favorites MCUs=[]
2023-06-16 15:51:56,917 [INFO] DbMcus:222 - Set 0 / 0 favorites MCUs
2023-06-16 15:51:57,135 [INFO] Mcu:1950 - No CPN specified => set CPN to STM32F405RGT6
2023-06-16 15:51:58,787 [INFO] Context:659 - Trying to add GPIOservice into a context  which must be forbidden
2023-06-16 15:51:59,537 [INFO] RtosManager:555 - Registered RTOS mode: class=CMSIS, group=RTOS, mode=CMSIS_V1, owner=FREERTOS
2023-06-16 15:51:59,537 [INFO] RtosManager:555 - Registered RTOS mode: class=CMSIS, group=RTOS2, mode=CMSIS_V2, owner=FREERTOS
2023-06-16 15:51:59,537 [INFO] RtosManager:555 - Registered RTOS mode: class=RTOS, group=Core, mode=CMSIS_V1, owner=FREERTOS
2023-06-16 15:51:59,537 [INFO] RtosManager:555 - Registered RTOS mode: class=RTOS, group=Core, mode=CMSIS_V2, owner=FREERTOS
2023-06-16 15:51:59,537 [WARN] ModelIntegratedComponent:184 - Missing modes for component STMicroelectronics:FreeRTOS:0.0.1:STMicroelectronics:RTOS:FreeRTOS:Core:::10.2.0:
2023-06-16 15:51:59,548 [WARN] ModelIntegratedComponent:63 - No mode defined for component null
2023-06-16 15:51:59,548 [WARN] ModelIntegratedComponent:63 - No mode defined for component null
2023-06-16 15:51:59,548 [WARN] ModelIntegratedComponent:63 - No mode defined for component null
2023-06-16 15:51:59,548 [WARN] ModelIntegratedComponent:63 - No mode defined for component null
2023-06-16 15:51:59,548 [WARN] ModelIntegratedComponent:63 - No mode defined for component null
2023-06-16 15:51:59,548 [WARN] ModelIntegratedComponent:63 - No mode defined for component null
2023-06-16 15:51:59,549 [WARN] ModelIntegratedComponent:63 - No mode defined for component null
2023-06-16 15:51:59,549 [WARN] ModelIntegratedComponent:63 - No mode defined for component null
2023-06-16 15:51:59,549 [WARN] ModelIntegratedComponent:63 - No mode defined for component null
2023-06-16 15:51:59,549 [WARN] ModelIntegratedComponent:63 - No mode defined for component null
2023-06-16 15:51:59,549 [WARN] ModelIntegratedComponent:63 - No mode defined for component null
2023-06-16 15:51:59,549 [WARN] ModelIntegratedComponent:63 - No mode defined for component null
2023-06-16 15:51:59,549 [WARN] ModelIntegratedComponent:63 - No mode defined for component null
2023-06-16 15:51:59,549 [WARN] ModelIntegratedComponent:63 - No mode defined for component null
2023-06-16 15:51:59,549 [WARN] ModelIntegratedComponent:63 - No mode defined for component null
2023-06-16 15:51:59,549 [WARN] ModelIntegratedComponent:63 - No mode defined for component null
2023-06-16 15:51:59,549 [WARN] ModelIntegratedComponent:63 - No mode defined for component null
2023-06-16 15:51:59,549 [WARN] ModelIntegratedComponent:63 - No mode defined for component null
2023-06-16 15:51:59,549 [WARN] ModelIntegratedComponent:63 - No mode defined for component null
2023-06-16 15:51:59,549 [WARN] ModelIntegratedComponent:63 - No mode defined for component null
2023-06-16 15:51:59,549 [WARN] ModelIntegratedComponent:63 - No mode defined for component null
2023-06-16 15:51:59,549 [WARN] ModelIntegratedComponent:63 - No mode defined for component null
2023-06-16 15:51:59,549 [WARN] ModelIntegratedComponent:63 - No mode defined for component null
2023-06-16 15:51:59,549 [WARN] ModelIntegratedComponent:63 - No mode defined for component null
2023-06-16 15:51:59,549 [WARN] ModelIntegratedComponent:63 - No mode defined for component null
2023-06-16 15:51:59,549 [WARN] ModelIntegratedComponent:63 - No mode defined for component null
2023-06-16 15:51:59,549 [WARN] ModelIntegratedComponent:63 - No mode defined for component null
2023-06-16 15:51:59,549 [WARN] ModelIntegratedComponent:63 - No mode defined for component null
2023-06-16 15:51:59,549 [WARN] ModelIntegratedComponent:63 - No mode defined for component null
2023-06-16 15:51:59,549 [WARN] ModelIntegratedComponent:63 - No mode defined for component null
2023-06-16 15:51:59,549 [WARN] ModelIntegratedComponent:63 - No mode defined for component null
2023-06-16 15:51:59,549 [WARN] ModelIntegratedComponent:63 - No mode defined for component null
2023-06-16 15:51:59,550 [WARN] ModelIntegratedComponent:63 - No mode defined for component null
2023-06-16 15:51:59,581 [INFO] ThirdPartyModel:298 - Start build external matchings
2023-06-16 15:51:59,769 [INFO] ThirdPartyModel:316 - End build external matchings
2023-06-16 15:51:59,795 [INFO] ImportTextPane:194 - (OptionalMessage_ERROR) IP (RCC) : Parameter (48MHZClocksFreq_Value) has invalid value (84000000)
2023-06-16 15:51:59,796 [INFO] ImportTextPane:194 - (OptionalMessage_ERROR) IP (RCC) : Parameter (RTCHSEDivFreq_Value) has invalid value (4000000)
2023-06-16 15:52:00,026 [INFO] UtilMem:75 - End LoadConfig() Used Memory: 682336008 Bytes (859832320)
2023-06-16 15:52:00,143 [WARN] ThirdParty:833 - waiting for thirdparty lock release [change project]
2023-06-16 15:52:00,143 [INFO] ThirdParty:835 - entering critical section [change project]
2023-06-16 15:52:00,144 [INFO] ThirdParty:1030 - CMSIS Pack Vendor :STMicroelectronics X-CUBE-ISPU 1.1.0
2023-06-16 15:52:00,144 [INFO] ThirdParty:1030 - CMSIS Pack Vendor :STMicroelectronics X-CUBE-GNSS1 6.0.0
2023-06-16 15:52:00,144 [INFO] ThirdParty:1030 - CMSIS Pack Vendor :STMicroelectronics USB_HOST 2.0.0
2023-06-16 15:52:00,144 [INFO] ThirdParty:1030 - CMSIS Pack Vendor :STMicroelectronics X-CUBE-AZRTOS-F4 1.1.0
2023-06-16 15:52:00,144 [INFO] ThirdParty:1030 - CMSIS Pack Vendor :STMicroelectronics LIBJPEG 8.0.0
2023-06-16 15:52:00,144 [INFO] ThirdParty:1030 - CMSIS Pack Vendor :STMicroelectronics X-CUBE-SMBUS 2.1.0
2023-06-16 15:52:00,144 [INFO] ThirdParty:1030 - CMSIS Pack Vendor :wolfSSL I-CUBE-wolfSSL 5.6.0
2023-06-16 15:52:00,144 [INFO] ThirdParty:1030 - CMSIS Pack Vendor :STMicroelectronics USB_DEVICE 3.0.0
2023-06-16 15:52:00,144 [INFO] ThirdParty:1030 - CMSIS Pack Vendor :STMicroelectronics X-CUBE-AI 8.0.0
2023-06-16 15:52:00,145 [INFO] ThirdParty:1030 - CMSIS Pack Vendor :STMicroelectronics X-CUBE-FREERTOS 1.0.1
2023-06-16 15:52:00,145 [INFO] ThirdParty:1030 - CMSIS Pack Vendor :STMicroelectronics X-CUBE-TOUCHGFX 4.21.3
2023-06-16 15:52:00,145 [INFO] ThirdParty:1030 - CMSIS Pack Vendor :STMicroelectronics X-CUBE-AZRTOS-F7 1.1.0
2023-06-16 15:52:00,145 [INFO] ThirdParty:1030 - CMSIS Pack Vendor :STMicroelectronics X-CUBE-TOUCHGFX 4.21.4
2023-06-16 15:52:00,145 [INFO] ThirdParty:1030 - CMSIS Pack Vendor :STMicroelectronics USB_DEVICE 2.0.0
2023-06-16 15:52:00,145 [INFO] ThirdParty:1030 - CMSIS Pack Vendor :STMicroelectronics X-CUBE-MEMS1 9.6.0
2023-06-16 15:52:00,145 [INFO] ThirdParty:1030 - CMSIS Pack Vendor :STMicroelectronics FP-SNS-MOTENV1 4.3.0
2023-06-16 15:52:00,145 [INFO] ThirdParty:1030 - CMSIS Pack Vendor :STMicroelectronics FP-SNS-FLIGHT1 5.0.0
2023-06-16 15:52:00,145 [INFO] ThirdParty:1030 - CMSIS Pack Vendor :STMicroelectronics FP-SNS-MOTENV1 4.3.1
2023-06-16 15:52:00,145 [INFO] ThirdParty:1030 - CMSIS Pack Vendor :STMicroelectronics FP-SNS-FLIGHT1 5.0.1
2023-06-16 15:52:00,145 [INFO] ThirdParty:1030 - CMSIS Pack Vendor :STMicroelectronics X-CUBE-ALGOBUILD 1.3.0
2023-06-16 15:52:00,145 [INFO] ThirdParty:1030 - CMSIS Pack Vendor :STMicroelectronics X-CUBE-BLE1 6.2.4
2023-06-16 15:52:00,145 [INFO] ThirdParty:1030 - CMSIS Pack Vendor :STMicroelectronics X-CUBE-AZRTOS-L5 1.1.0
2023-06-16 15:52:00,145 [INFO] ThirdParty:1030 - CMSIS Pack Vendor :STMicroelectronics FreeRTOS 0.0.1
2023-06-16 15:52:00,145 [INFO] ThirdParty:1030 - CMSIS Pack Vendor :STMicroelectronics X-CUBE-AZRTOS-G0 1.1.0
2023-06-16 15:52:00,145 [INFO] ThirdParty:1030 - CMSIS Pack Vendor :emotas I-CUBE-CANOPEN 1.1.3
2023-06-16 15:52:00,145 [INFO] ThirdParty:1030 - CMSIS Pack Vendor :STMicroelectronics X-CUBE-BLEMGR 2.0.0
2023-06-16 15:52:00,145 [INFO] ThirdParty:1030 - CMSIS Pack Vendor :STMicroelectronics X-CUBE-AI 8.0.1
2023-06-16 15:52:00,145 [INFO] ThirdParty:1030 - CMSIS Pack Vendor :STMicroelectronics X-CUBE-NFC4 3.0.0
2023-06-16 15:52:00,145 [INFO] ThirdParty:1030 - CMSIS Pack Vendor :STMicroelectronics X-CUBE-SUBG2 5.0.0
2023-06-16 15:52:00,145 [INFO] ThirdParty:1030 - CMSIS Pack Vendor :STMicroelectronics STM32_WPAN 1.0.0
2023-06-16 15:52:00,145 [INFO] ThirdParty:1030 - CMSIS Pack Vendor :STMicroelectronics lwIP 2.0.3
2023-06-16 15:52:00,146 [INFO] ThirdParty:1030 - CMSIS Pack Vendor :STMicroelectronics USB_HOST 1.0.0
2023-06-16 15:52:00,146 [INFO] ThirdParty:1030 - CMSIS Pack Vendor :STMicroelectronics X-CUBE-AZRTOS-G4 2.0.0
2023-06-16 15:52:00,146 [INFO] ThirdParty:1030 - CMSIS Pack Vendor :STMicroelectronics PDM2PCM 3.1.0
2023-06-16 15:52:00,146 [INFO] ThirdParty:1030 - CMSIS Pack Vendor :STMicroelectronics X-CUBE-AZRTOS-H7 3.1.0
2023-06-16 15:52:00,146 [INFO] ThirdParty:1030 - CMSIS Pack Vendor :STMicroelectronics X-CUBE-TOF1 3.3.0
2023-06-16 15:52:00,146 [INFO] ThirdParty:1030 - CMSIS Pack Vendor :STMicroelectronics PDM2PCM 3.3.0
2023-06-16 15:52:00,146 [INFO] ThirdParty:1030 - CMSIS Pack Vendor :STMicroelectronics X-CUBE-DISPLAY 3.0.0
2023-06-16 15:52:00,146 [INFO] ThirdParty:1030 - CMSIS Pack Vendor :STMicroelectronics FP-ATR-SIGFOX1 3.2.0
2023-06-16 15:52:00,146 [INFO] ThirdParty:1030 - CMSIS Pack Vendor :STMicroelectronics X-CUBE-AZRTOS-L4 1.0.0
2023-06-16 15:52:00,146 [INFO] ThirdParty:1030 - CMSIS Pack Vendor :STMicroelectronics HAL Drivers 0.0.0
2023-06-16 15:52:00,146 [INFO] ThirdParty:1030 - CMSIS Pack Vendor :STMicroelectronics MBEDTLS 2.16.2
2023-06-16 15:52:00,146 [INFO] ThirdParty:1030 - CMSIS Pack Vendor :STMicroelectronics X-CUBE-NFC7 1.0.1
2023-06-16 15:52:00,146 [INFO] ThirdParty:1030 - CMSIS Pack Vendor :STMicroelectronics MBEDTLS 2.14.1
2023-06-16 15:52:00,146 [INFO] ThirdParty:1030 - CMSIS Pack Vendor :STMicroelectronics X-CUBE-NFC7 1.0.0
2023-06-16 15:52:00,146 [INFO] ThirdParty:1030 - CMSIS Pack Vendor :STMicroelectronics X-CUBE-AZRTOS-WL 1.0.0
2023-06-16 15:52:00,146 [INFO] ThirdParty:1030 - CMSIS Pack Vendor :STMicroelectronics X-CUBE-EEPRMA1 4.1.0
2023-06-16 15:52:00,147 [INFO] ThirdParty:1030 - CMSIS Pack Vendor :portGmbH I-Cube-SoM-uGOAL 1.1.0
2023-06-16 15:52:00,147 [INFO] ThirdParty:1030 - CMSIS Pack Vendor :STMicroelectronics X-CUBE-ALS 1.0.1
2023-06-16 15:52:00,147 [INFO] ThirdParty:1030 - CMSIS Pack Vendor :STMicroelectronics ThreadX 1.0.0
2023-06-16 15:52:00,147 [INFO] ThirdParty:1030 - CMSIS Pack Vendor :STMicroelectronics X-CUBE-AZRTOS-WB 1.1.0
2023-06-16 15:52:00,147 [INFO] ThirdParty:1030 - CMSIS Pack Vendor :STMicroelectronics X-CUBE-AZRTOS-WL 2.0.0
2023-06-16 15:52:00,147 [INFO] ThirdParty:1030 - CMSIS Pack Vendor :SEGGER I-CUBE-embOS 1.3.1
2023-06-16 15:52:00,147 [INFO] ThirdParty:1030 - CMSIS Pack Vendor :STMicroelectronics USB_DEVICE 1.0.0
2023-06-16 15:52:00,148 [INFO] ThirdParty:1030 - CMSIS Pack Vendor :STMicroelectronics X-CUBE-AZRTOS-L4 2.0.0
2023-06-16 15:52:00,148 [INFO] ThirdParty:1030 - CMSIS Pack Vendor :STMicroelectronics ThreadX 0.0.2
2023-06-16 15:52:00,148 [INFO] ThirdParty:1030 - CMSIS Pack Vendor :WES I-CUBE-Cesium 1.3.0
2023-06-16 15:52:00,148 [INFO] ThirdParty:1030 - CMSIS Pack Vendor :STMicroelectronics FP-ATR-ASTRA1 2.0.0
2023-06-16 15:52:00,148 [INFO] ThirdParty:1030 - CMSIS Pack Vendor :STMicroelectronics lwIP 2.1.2
2023-06-16 15:52:00,148 [INFO] ThirdParty:1030 - CMSIS Pack Vendor :STMicroelectronics X-CUBE-SFXS2LP1 4.0.0
2023-06-16 15:52:00,148 [INFO] ThirdParty:1030 - CMSIS Pack Vendor :STMicroelectronics X-CUBE-BLE2 3.3.0
2023-06-16 15:52:00,148 [INFO] ThirdParty:1030 - CMSIS Pack Vendor :STMicroelectronics PDM2PCM 3.2.0
2023-06-16 15:52:00,148 [INFO] ThirdParty:841 - exiting critical section [change project]
2023-06-16 15:52:00,596 [INFO] PinOutPanel:1499 - setPackage(No Configuration,No Configuration)
2023-06-16 15:52:00,598 [INFO] PinOutPanel:1499 - setPackage(STM32F405RGTx,LQFP64)
2023-06-16 15:52:01,152 [INFO] UtilMem:75 - Before build in PCC Used Memory: 629871712 Bytes (859832320)
2023-06-16 15:52:02,055 [INFO] UtilMem:75 - After build in PCC Used Memory: 625979920 Bytes (859832320)
2023-06-16 15:52:02,082 [INFO] IPUIPlugin:80 - create IPUIPlugin
2023-06-16 15:52:02,082 [INFO] IPUIPlugin:80 - create IPUIPlugin
2023-06-16 15:52:02,082 [INFO] IPUIPlugin:80 - create IPUIPlugin
2023-06-16 15:52:02,082 [INFO] IPUIPlugin:80 - create IPUIPlugin
2023-06-16 15:52:02,082 [INFO] IPUIPlugin:80 - create IPUIPlugin
2023-06-16 15:52:02,082 [INFO] IPUIPlugin:80 - create IPUIPlugin
2023-06-16 15:52:02,082 [INFO] IPUIPlugin:80 - create IPUIPlugin
2023-06-16 15:52:02,082 [INFO] IPUIPlugin:80 - create IPUIPlugin
2023-06-16 15:52:02,083 [INFO] IPUIPlugin:80 - create IPUIPlugin
2023-06-16 15:52:02,083 [INFO] IPUIPlugin:80 - create IPUIPlugin
2023-06-16 15:52:02,083 [INFO] IPUIPlugin:80 - create IPUIPlugin
2023-06-16 15:52:02,083 [INFO] IPUIPlugin:80 - create IPUIPlugin
2023-06-16 15:52:02,083 [INFO] IPUIPlugin:80 - create IPUIPlugin
2023-06-16 15:52:02,084 [INFO] IPUIPlugin:80 - create IPUIPlugin
2023-06-16 15:52:02,084 [INFO] IPUIPlugin:80 - create IPUIPlugin
2023-06-16 15:52:02,084 [INFO] IPUIPlugin:80 - create IPUIPlugin
2023-06-16 15:52:02,084 [INFO] IPUIPlugin:80 - create IPUIPlugin
2023-06-16 15:52:02,084 [INFO] IPUIPlugin:80 - create IPUIPlugin
2023-06-16 15:52:02,084 [INFO] IPUIPlugin:80 - create IPUIPlugin
2023-06-16 15:52:02,085 [INFO] IPUIPlugin:80 - create IPUIPlugin
2023-06-16 15:52:02,085 [INFO] IPUIPlugin:80 - create IPUIPlugin
2023-06-16 15:52:02,085 [INFO] IPUIPlugin:80 - create IPUIPlugin
2023-06-16 15:52:02,085 [INFO] IPUIPlugin:80 - create IPUIPlugin
2023-06-16 15:52:02,085 [INFO] IPUIPlugin:80 - create IPUIPlugin
2023-06-16 15:52:02,086 [INFO] IPUIPlugin:80 - create IPUIPlugin
2023-06-16 15:52:02,086 [INFO] IPUIPlugin:80 - create IPUIPlugin
2023-06-16 15:52:02,086 [INFO] IPUIPlugin:80 - create IPUIPlugin
2023-06-16 15:52:02,086 [INFO] IPUIPlugin:80 - create IPUIPlugin
2023-06-16 15:52:02,086 [INFO] IPUIPlugin:80 - create IPUIPlugin
2023-06-16 15:52:02,086 [INFO] IPUIPlugin:80 - create IPUIPlugin
2023-06-16 15:52:02,087 [INFO] IPUIPlugin:80 - create IPUIPlugin
2023-06-16 15:52:02,087 [INFO] IPUIPlugin:80 - create IPUIPlugin
2023-06-16 15:52:02,087 [INFO] IPUIPlugin:80 - create IPUIPlugin
2023-06-16 15:52:02,087 [INFO] IPUIPlugin:80 - create IPUIPlugin
2023-06-16 15:52:02,087 [INFO] IPUIPlugin:80 - create IPUIPlugin
2023-06-16 15:52:02,089 [INFO] IPUIPlugin:80 - create IPUIPlugin
2023-06-16 15:52:02,089 [INFO] IPUIPlugin:80 - create IPUIPlugin
2023-06-16 15:52:02,089 [INFO] IPUIPlugin:80 - create IPUIPlugin
2023-06-16 15:52:02,089 [INFO] IPUIPlugin:80 - create IPUIPlugin
2023-06-16 15:52:02,089 [INFO] IPUIPlugin:80 - create IPUIPlugin
2023-06-16 15:52:02,090 [INFO] IPUIPlugin:80 - create IPUIPlugin
2023-06-16 15:52:02,090 [INFO] IPUIPlugin:80 - create IPUIPlugin
2023-06-16 15:52:02,090 [INFO] IPUIPlugin:80 - create IPUIPlugin
2023-06-16 15:52:02,090 [INFO] IPUIPlugin:80 - create IPUIPlugin
2023-06-16 15:52:02,091 [INFO] IPUIPlugin:80 - create IPUIPlugin
2023-06-16 15:52:02,091 [INFO] IPUIPlugin:80 - create IPUIPlugin
2023-06-16 15:52:02,091 [INFO] IPUIPlugin:80 - create IPUIPlugin
2023-06-16 15:52:02,091 [INFO] IPUIPlugin:80 - create IPUIPlugin
2023-06-16 15:52:02,092 [INFO] IPUIPlugin:80 - create IPUIPlugin
2023-06-16 15:52:02,092 [INFO] IPUIPlugin:80 - create IPUIPlugin
2023-06-16 15:52:02,092 [INFO] IPUIPlugin:80 - create IPUIPlugin
2023-06-16 15:52:02,093 [INFO] IPUIPlugin:80 - create IPUIPlugin
2023-06-16 15:52:02,093 [INFO] IPUIPlugin:80 - create IPUIPlugin
2023-06-16 15:52:02,094 [INFO] IPUIPlugin:80 - create IPUIPlugin
2023-06-16 15:52:02,150 [INFO] ApiDbMcu:507 - Load IP Config File for PDM2PCM
2023-06-16 15:52:02,402 [INFO] CADModel:165 - CPN selected for project levelSTM32F405RGT6
2023-06-16 15:52:02,402 [INFO] CADModel:114 - Register for checkConnection events
2023-06-16 15:52:02,459 [INFO] OpenFileManager:328 - Restore cursor
