2023-06-17 10:36:12,236 [INFO] Activator:176 - 


2023-06-17 10:36:12,238 [INFO] Activator:177 - !SESSION log4j initialized
2023-06-17 10:36:16,256 [INFO] LogOutputStream:77 - [STDOUT_REDIRECT] 
2023-06-17 10:36:34,746 [ERROR] LogOutputStream:75 - [STDERR_REDIRECT] SLF4J: Failed to load class "org.slf4j.impl.StaticLoggerBinder".
2023-06-17 10:36:34,747 [ERROR] LogOutputStream:75 - [STDERR_REDIRECT] SLF4J: Defaulting to no-operation (NOP) logger implementation
2023-06-17 10:36:34,749 [ERROR] LogOutputStream:75 - [STDERR_REDIRECT] SLF4J: See http://www.slf4j.org/codes.html#StaticLoggerBinder for further details.
2023-06-17 10:41:54,586 [INFO] Activator:176 - 


2023-06-17 10:41:54,588 [INFO] Activator:177 - !SESSION log4j initialized
2023-06-17 10:42:01,136 [INFO] LogOutputStream:77 - [STDOUT_REDIRECT] 
2023-06-17 10:42:20,098 [ERROR] LogOutputStream:75 - [STDERR_REDIRECT] SLF4J: Failed to load class "org.slf4j.impl.StaticLoggerBinder".
2023-06-17 10:42:20,100 [ERROR] LogOutputStream:75 - [STDERR_REDIRECT] SLF4J: Defaulting to no-operation (NOP) logger implementation
2023-06-17 10:42:20,102 [ERROR] LogOutputStream:75 - [STDERR_REDIRECT] SLF4J: See http://www.slf4j.org/codes.html#StaticLoggerBinder for further details.
2023-06-17 10:42:34,821 [INFO] ApplicationProperties:184 - Using Application install path: C:\ST\STM32CubeIDE_1.10.1\STM32CubeIDE\plugins\com.st.stm32cube.common.mx_6.8.1.202304191431
2023-06-17 10:42:34,852 [INFO] DbMcusXml:78 - Set database path to: C:\ST\STM32CubeIDE_1.10.1\STM32CubeIDE\plugins\com.st.stm32cube.common.mx_6.8.1.202304191431\\db\/mcu/
2023-06-17 10:42:34,852 [INFO] ApiDb:274 - Set plugin database path to: C:\ST\STM32CubeIDE_1.10.1\STM32CubeIDE\plugins\com.st.stm32cube.common.mx_6.8.1.202304191431\\db\/plugins/boardmanager/
2023-06-17 10:42:34,855 [WARN] ApiDb:259 - Overriding images path with different value:  => C:\ST\STM32CubeIDE_1.10.1\STM32CubeIDE\plugins\com.st.stm32cube.common.mx_6.8.1.202304191431\\db\/plugins/mcufinder/images/
2023-06-17 10:42:34,883 [INFO] ApiDb:250 - Set database path to: C:\Users\Tik\.stmcufinder\plugins\mcufinder//mcu/
2023-06-17 10:42:34,885 [INFO] DbMcusAds:125 - Set database path to: C:\Users\Tik\.stmcufinder\plugins\mcufinder//mcu/
2023-06-17 10:42:34,893 [INFO] CrossReferenceDbSqlite:203 - Set database path to: C:\Users\Tik\.stmcufinder\plugins\mcufinder//mcu/cs/
2023-06-17 10:42:35,062 [INFO] RulesReader:64 - Compatibility file has been processed (293 Rules)
2023-06-17 10:42:35,227 [INFO] DbMcusXml:78 - Set database path to: C:\ST\STM32CubeIDE_1.10.1\STM32CubeIDE\plugins\com.st.stm32cube.common.mx_6.8.1.202304191431\\db\/mcu/
2023-06-17 10:42:35,227 [INFO] ApiDb:274 - Set plugin database path to: C:\ST\STM32CubeIDE_1.10.1\STM32CubeIDE\plugins\com.st.stm32cube.common.mx_6.8.1.202304191431\\db\/plugins/boardmanager/
2023-06-17 10:42:35,228 [INFO] ApiDb:261 - Set plugin images path to: C:\ST\STM32CubeIDE_1.10.1\STM32CubeIDE\plugins\com.st.stm32cube.common.mx_6.8.1.202304191431\\db\/plugins/mcufinder/images/
2023-06-17 10:42:35,228 [WARN] DbFile:41 - Overriding database path with different value: C:\Users\Tik\.stmcufinder\plugins\mcufinder/ => C:\Users\Tik\.stmcufinder\plugins\mcufinder
2023-06-17 10:42:35,228 [INFO] ApiDb:250 - Set database path to: C:\Users\Tik\.stmcufinder\plugins\mcufinder//mcu/
2023-06-17 10:42:35,228 [WARN] DbFile:41 - Overriding database path with different value: C:\Users\Tik\.stmcufinder\plugins\mcufinder/ => C:\Users\Tik\.stmcufinder\plugins\mcufinder
2023-06-17 10:42:35,228 [INFO] DbMcusAds:125 - Set database path to: C:\Users\Tik\.stmcufinder\plugins\mcufinder//mcu/
2023-06-17 10:42:35,228 [WARN] DbFile:41 - Overriding database path with different value: C:\Users\Tik\.stmcufinder\plugins\mcufinder/ => C:\Users\Tik\.stmcufinder\plugins\mcufinder
2023-06-17 10:42:35,229 [WARN] DbFile:41 - Overriding database path with different value: C:\Users\Tik\.stmcufinder\plugins\mcufinder/ => C:\Users\Tik\.stmcufinder\plugins\mcufinder
2023-06-17 10:42:35,229 [INFO] CrossReferenceDbSqlite:203 - Set database path to: C:\Users\Tik\.stmcufinder\plugins\mcufinder//mcu/cs/
2023-06-17 10:42:35,337 [INFO] MainPanel:253 - HeapMemory: 492830720
2023-06-17 10:42:35,469 [INFO] DbMcusXml:78 - Set database path to: C:\ST\STM32CubeIDE_1.10.1\STM32CubeIDE\plugins\com.st.stm32cube.common.mx_6.8.1.202304191431\\db\/mcu/
2023-06-17 10:42:35,469 [INFO] ApiDb:274 - Set plugin database path to: C:\ST\STM32CubeIDE_1.10.1\STM32CubeIDE\plugins\com.st.stm32cube.common.mx_6.8.1.202304191431\\db\/plugins/boardmanager/
2023-06-17 10:42:35,469 [INFO] ApiDb:261 - Set plugin images path to: C:\ST\STM32CubeIDE_1.10.1\STM32CubeIDE\plugins\com.st.stm32cube.common.mx_6.8.1.202304191431\\db\/plugins/mcufinder/images/
2023-06-17 10:42:35,469 [WARN] DbFile:41 - Overriding database path with different value: C:\Users\Tik\.stmcufinder\plugins\mcufinder/ => C:\Users\Tik\.stmcufinder\plugins\mcufinder
2023-06-17 10:42:35,470 [INFO] ApiDb:250 - Set database path to: C:\Users\Tik\.stmcufinder\plugins\mcufinder//mcu/
2023-06-17 10:42:35,470 [WARN] DbFile:41 - Overriding database path with different value: C:\Users\Tik\.stmcufinder\plugins\mcufinder/ => C:\Users\Tik\.stmcufinder\plugins\mcufinder
2023-06-17 10:42:35,470 [INFO] DbMcusAds:125 - Set database path to: C:\Users\Tik\.stmcufinder\plugins\mcufinder//mcu/
2023-06-17 10:42:35,470 [WARN] DbFile:41 - Overriding database path with different value: C:\Users\Tik\.stmcufinder\plugins\mcufinder/ => C:\Users\Tik\.stmcufinder\plugins\mcufinder
2023-06-17 10:42:35,470 [WARN] DbFile:41 - Overriding database path with different value: C:\Users\Tik\.stmcufinder\plugins\mcufinder/ => C:\Users\Tik\.stmcufinder\plugins\mcufinder
2023-06-17 10:42:35,470 [INFO] CrossReferenceDbSqlite:203 - Set database path to: C:\Users\Tik\.stmcufinder\plugins\mcufinder//mcu/cs/
2023-06-17 10:42:35,500 [INFO] ApplicationProperties:184 - Using Application install path: C:\ST\STM32CubeIDE_1.10.1\STM32CubeIDE\plugins\com.st.stm32cube.common.mx_6.8.1.202304191431
2023-06-17 10:42:35,502 [INFO] PluginManage:196 - Search for loadable plugins [exclusion list=, ]
2023-06-17 10:42:35,504 [INFO] PluginManage:310 - Check plugin analytics
2023-06-17 10:42:35,711 [INFO] AnalyticsPlugin:253 - Accepted Software Licenses: STM32CubeMX.6.8.1,STM32CubeMX.6.5.0
2023-06-17 10:42:35,711 [INFO] AnalyticsPlugin:255 - Accepted CMSIS Pack Licenses: 
2023-06-17 10:42:35,712 [INFO] AnalyticsPlugin:257 - Accepted Firmware Licenses: FW.F4.1.27.0
2023-06-17 10:42:35,723 [INFO] PluginManage:359 - Loaded plugin analytics (category:tool,tabindex:-1)
2023-06-17 10:42:35,724 [INFO] PluginManage:310 - Check plugin cadmodel
2023-06-17 10:42:35,729 [INFO] CADModel:105 - Init CAD model plugin
2023-06-17 10:42:35,729 [INFO] PluginManage:359 - Loaded plugin cadmodel (category:power,tabindex:5)
2023-06-17 10:42:35,730 [INFO] PluginManage:310 - Check plugin clock
2023-06-17 10:42:35,743 [INFO] PluginManage:359 - Loaded plugin clock (category:base,tabindex:2)
2023-06-17 10:42:35,743 [INFO] PluginManage:310 - Check plugin ddr
2023-06-17 10:42:35,746 [INFO] PluginManage:359 - Loaded plugin ddr (category:tool,tabindex:6)
2023-06-17 10:42:35,747 [INFO] PluginManage:310 - Check plugin filemanager
2023-06-17 10:42:35,924 [INFO] PluginManage:359 - Loaded plugin filemanager (category:base,tabindex:10)
2023-06-17 10:42:35,925 [INFO] PluginManage:310 - Check plugin ipmanager
2023-06-17 10:42:35,937 [INFO] PluginManage:359 - Loaded plugin ipmanager (category:base,tabindex:5)
2023-06-17 10:42:35,938 [INFO] PluginManage:310 - Check plugin lpbam
2023-06-17 10:42:35,951 [INFO] PluginManage:359 - Loaded plugin lpbam (category:base,tabindex:0)
2023-06-17 10:42:35,951 [INFO] PluginManage:310 - Check plugin pinoutandconfiguration
2023-06-17 10:42:35,963 [INFO] PluginManage:359 - Loaded plugin pinoutandconfiguration (category:base,tabindex:1)
2023-06-17 10:42:35,963 [INFO] PluginManage:310 - Check plugin pinoutconfig
2023-06-17 10:42:36,047 [WARN] SupportedApi:132 - Cannot load RTOS API schema: s4s-elt-must-match.1: The content of 'definitions' must match (annotation?, (simpleType | complexType)?, (unique | key | keyref)*)). A problem was found starting at: attribute.
2023-06-17 10:42:36,188 [INFO] PluginManage:359 - Loaded plugin pinoutconfig (category:base,tabindex:0)
2023-06-17 10:42:36,189 [INFO] PluginManage:310 - Check plugin power
2023-06-17 10:42:36,199 [INFO] PluginManage:359 - Loaded plugin power (category:power,tabindex:4)
2023-06-17 10:42:36,200 [INFO] PluginManage:310 - Check plugin projectmanager
2023-06-17 10:42:36,230 [INFO] PluginManage:359 - Loaded plugin projectmanager (category:projectmanager,tabindex:3)
2023-06-17 10:42:36,230 [INFO] PluginManage:310 - Check plugin thirdparty
2023-06-17 10:42:36,370 [INFO] PluginManage:359 - Loaded plugin thirdparty (category:base,tabindex:-1)
2023-06-17 10:42:36,369 [WARN] IntegrityCheckThread:84 - waiting for thirdparty lock release [integrity check]
2023-06-17 10:42:36,370 [INFO] PluginManage:310 - Check plugin tools
2023-06-17 10:42:36,370 [INFO] IntegrityCheckThread:86 - entering critical section [integrity check]
2023-06-17 10:42:36,373 [INFO] ThirdPartyUpdaterWithRetryManager:70 - Updater plugin not ready yet. [1/15]
2023-06-17 10:42:36,375 [INFO] PluginManage:359 - Loaded plugin tools (category:base,tabindex:7)
2023-06-17 10:42:36,375 [INFO] PluginManage:310 - Check plugin tutovideos
2023-06-17 10:42:36,669 [INFO] PluginManage:359 - Loaded plugin tutovideos (category:base,tabindex:-1)
2023-06-17 10:42:36,669 [INFO] PluginManage:310 - Check plugin updater
2023-06-17 10:42:36,690 [INFO] PluginManage:359 - Loaded plugin updater (category:base,tabindex:12)
2023-06-17 10:42:36,691 [INFO] PluginManage:283 - PluginManage : Loaded plugins [15]
2023-06-17 10:42:37,044 [INFO] PinOutPanel:1499 - setPackage(No Configuration,No Configuration)
2023-06-17 10:42:37,129 [INFO] CADModel:165 - CPN selected for project level
2023-06-17 10:42:37,129 [INFO] CADModel:114 - Register for checkConnection events
2023-06-17 10:42:37,150 [INFO] IPUIPlugin:80 - create IPUIPlugin
2023-06-17 10:42:37,150 [INFO] PluginManager:220 - loadIPPluginJar : add adc
2023-06-17 10:42:37,153 [INFO] IPUIPlugin:80 - create IPUIPlugin
2023-06-17 10:42:37,153 [INFO] PluginManager:220 - loadIPPluginJar : add aes
2023-06-17 10:42:37,156 [INFO] IPUIPlugin:80 - create IPUIPlugin
2023-06-17 10:42:37,157 [INFO] PluginManager:220 - loadIPPluginJar : add can
2023-06-17 10:42:37,158 [INFO] IPUIPlugin:80 - create IPUIPlugin
2023-06-17 10:42:37,159 [INFO] PluginManager:220 - loadIPPluginJar : add comp
2023-06-17 10:42:37,162 [INFO] IPUIPlugin:80 - create IPUIPlugin
2023-06-17 10:42:37,162 [INFO] PluginManager:220 - loadIPPluginJar : add cryp
2023-06-17 10:42:37,165 [INFO] IPUIPlugin:80 - create IPUIPlugin
2023-06-17 10:42:37,165 [INFO] PluginManager:220 - loadIPPluginJar : add dfsdm
2023-06-17 10:42:37,172 [INFO] IPUIPlugin:80 - create IPUIPlugin
2023-06-17 10:42:37,172 [INFO] PluginManager:220 - loadIPPluginJar : add dma
2023-06-17 10:42:37,175 [INFO] IPUIPlugin:80 - create IPUIPlugin
2023-06-17 10:42:37,175 [INFO] PluginManager:220 - loadIPPluginJar : add dma3
2023-06-17 10:42:37,177 [INFO] IPUIPlugin:80 - create IPUIPlugin
2023-06-17 10:42:37,177 [INFO] PluginManager:220 - loadIPPluginJar : add fatfs
2023-06-17 10:42:37,183 [INFO] IPUIPlugin:80 - create IPUIPlugin
2023-06-17 10:42:37,183 [INFO] PluginManager:220 - loadIPPluginJar : add fmc
2023-06-17 10:42:37,189 [INFO] IPUIPlugin:80 - create IPUIPlugin
2023-06-17 10:42:37,189 [INFO] PluginManager:220 - loadIPPluginJar : add freertos
2023-06-17 10:42:37,191 [INFO] IPUIPlugin:80 - create IPUIPlugin
2023-06-17 10:42:37,191 [INFO] PluginManager:220 - loadIPPluginJar : add genericplugin
2023-06-17 10:42:37,195 [INFO] IPUIPlugin:80 - create IPUIPlugin
2023-06-17 10:42:37,195 [INFO] PluginManager:220 - loadIPPluginJar : add gfxmmu
2023-06-17 10:42:37,202 [INFO] IPUIPlugin:80 - create IPUIPlugin
2023-06-17 10:42:37,202 [INFO] PluginManager:220 - loadIPPluginJar : add gic
2023-06-17 10:42:37,207 [INFO] IPUIPlugin:80 - create IPUIPlugin
2023-06-17 10:42:37,208 [INFO] PluginManager:220 - loadIPPluginJar : add gpio
2023-06-17 10:42:37,212 [INFO] IPUIPlugin:80 - create IPUIPlugin
2023-06-17 10:42:37,212 [INFO] PluginManager:220 - loadIPPluginJar : add gtzc
2023-06-17 10:42:37,215 [INFO] IPUIPlugin:80 - create IPUIPlugin
2023-06-17 10:42:37,216 [INFO] PluginManager:220 - loadIPPluginJar : add hash
2023-06-17 10:42:37,219 [INFO] IPUIPlugin:80 - create IPUIPlugin
2023-06-17 10:42:37,219 [INFO] PluginManager:220 - loadIPPluginJar : add i2c
2023-06-17 10:42:37,223 [INFO] IPUIPlugin:80 - create IPUIPlugin
2023-06-17 10:42:37,223 [INFO] PluginManager:220 - loadIPPluginJar : add i2s
2023-06-17 10:42:37,227 [INFO] IPUIPlugin:80 - create IPUIPlugin
2023-06-17 10:42:37,227 [INFO] PluginManager:220 - loadIPPluginJar : add i3c
2023-06-17 10:42:37,231 [INFO] IPUIPlugin:80 - create IPUIPlugin
2023-06-17 10:42:37,232 [INFO] PluginManager:220 - loadIPPluginJar : add ipddr
2023-06-17 10:42:37,239 [INFO] IPUIPlugin:80 - create IPUIPlugin
2023-06-17 10:42:37,239 [INFO] PluginManager:220 - loadIPPluginJar : add linkedlist
2023-06-17 10:42:37,242 [INFO] IPUIPlugin:80 - create IPUIPlugin
2023-06-17 10:42:37,242 [INFO] PluginManager:220 - loadIPPluginJar : add lorawan
2023-06-17 10:42:37,245 [INFO] IPUIPlugin:80 - create IPUIPlugin
2023-06-17 10:42:37,245 [INFO] PluginManager:220 - loadIPPluginJar : add ltdc
2023-06-17 10:42:37,253 [INFO] IPUIPlugin:80 - create IPUIPlugin
2023-06-17 10:42:37,253 [INFO] PluginManager:220 - loadIPPluginJar : add mdma
2023-06-17 10:42:37,257 [INFO] IPUIPlugin:80 - create IPUIPlugin
2023-06-17 10:42:37,257 [INFO] PluginManager:220 - loadIPPluginJar : add nvic
2023-06-17 10:42:37,261 [INFO] IPUIPlugin:80 - create IPUIPlugin
2023-06-17 10:42:37,261 [INFO] PluginManager:220 - loadIPPluginJar : add opamp
2023-06-17 10:42:37,265 [INFO] IPUIPlugin:80 - create IPUIPlugin
2023-06-17 10:42:37,266 [INFO] PluginManager:220 - loadIPPluginJar : add openamp
2023-06-17 10:42:37,271 [INFO] IPUIPlugin:80 - create IPUIPlugin
2023-06-17 10:42:37,271 [INFO] PluginManager:220 - loadIPPluginJar : add pdm2pcm
2023-06-17 10:42:37,280 [INFO] IPUIPlugin:80 - create IPUIPlugin
2023-06-17 10:42:37,284 [INFO] PluginManager:220 - loadIPPluginJar : add plateformsettings
2023-06-17 10:42:37,286 [INFO] IPUIPlugin:80 - create IPUIPlugin
2023-06-17 10:42:37,286 [INFO] PluginManager:220 - loadIPPluginJar : add quadspi
2023-06-17 10:42:37,289 [INFO] IPUIPlugin:80 - create IPUIPlugin
2023-06-17 10:42:37,289 [INFO] PluginManager:220 - loadIPPluginJar : add resmgrutility
2023-06-17 10:42:37,292 [INFO] IPUIPlugin:80 - create IPUIPlugin
2023-06-17 10:42:37,292 [INFO] PluginManager:220 - loadIPPluginJar : add sai
2023-06-17 10:42:37,296 [INFO] IPUIPlugin:80 - create IPUIPlugin
2023-06-17 10:42:37,296 [INFO] PluginManager:220 - loadIPPluginJar : add spi
2023-06-17 10:42:37,301 [INFO] IPUIPlugin:80 - create IPUIPlugin
2023-06-17 10:42:37,301 [INFO] PluginManager:220 - loadIPPluginJar : add stm32_wpan
2023-06-17 10:42:37,304 [INFO] IPUIPlugin:80 - create IPUIPlugin
2023-06-17 10:42:37,304 [INFO] PluginManager:220 - loadIPPluginJar : add tim
2023-06-17 10:42:37,308 [INFO] IPUIPlugin:80 - create IPUIPlugin
2023-06-17 10:42:37,308 [INFO] PluginManager:220 - loadIPPluginJar : add touchsensing
2023-06-17 10:42:37,310 [INFO] IPUIPlugin:80 - create IPUIPlugin
2023-06-17 10:42:37,310 [INFO] PluginManager:220 - loadIPPluginJar : add tracer_emb
2023-06-17 10:42:37,335 [INFO] IPUIPlugin:80 - create IPUIPlugin
2023-06-17 10:42:37,336 [INFO] PluginManager:220 - loadIPPluginJar : add ts
2023-06-17 10:42:37,337 [INFO] IPUIPlugin:80 - create IPUIPlugin
2023-06-17 10:42:37,338 [INFO] PluginManager:220 - loadIPPluginJar : add tsc
2023-06-17 10:42:37,340 [INFO] IPUIPlugin:80 - create IPUIPlugin
2023-06-17 10:42:37,340 [INFO] PluginManager:220 - loadIPPluginJar : add ucpd
2023-06-17 10:42:37,343 [INFO] IPUIPlugin:80 - create IPUIPlugin
2023-06-17 10:42:37,343 [INFO] PluginManager:220 - loadIPPluginJar : add usart
2023-06-17 10:42:37,347 [INFO] IPUIPlugin:80 - create IPUIPlugin
2023-06-17 10:42:37,347 [INFO] PluginManager:220 - loadIPPluginJar : add usbx
2023-06-17 10:42:37,492 [INFO] CADModel:165 - CPN selected for project level
2023-06-17 10:42:37,492 [INFO] CADModel:114 - Register for checkConnection events
2023-06-17 10:42:37,493 [FATAL] Updater:308 - Updater called before beeing initialized
2023-06-17 10:42:37,493 [ERROR] CADModel:125 - Updater not yet initialized, retry later 
2023-06-17 10:42:37,667 [INFO] CADModel:165 - CPN selected for project level
2023-06-17 10:42:37,667 [INFO] CADModel:114 - Register for checkConnection events
2023-06-17 10:42:37,667 [FATAL] Updater:308 - Updater called before beeing initialized
2023-06-17 10:42:37,667 [ERROR] CADModel:125 - Updater not yet initialized, retry later 
2023-06-17 10:42:37,673 [FATAL] Updater:308 - Updater called before beeing initialized
2023-06-17 10:42:37,887 [FATAL] Updater:308 - Updater called before beeing initialized
2023-06-17 10:42:37,917 [INFO] DbMcusAds:53 - JSON generation date=Tue Mar 07 15:50:55 GMT+07:00 2023 (1678179055335)
2023-06-17 10:42:37,918 [FATAL] Updater:308 - Updater called before beeing initialized
2023-06-17 10:42:37,953 [WARN] DetailPanel:346 - Failed to get advertising image, set to default
2023-06-17 10:42:38,067 [FATAL] Updater:308 - Updater called before beeing initialized
2023-06-17 10:42:38,069 [FATAL] Updater:308 - Updater called before beeing initialized
2023-06-17 10:42:38,069 [FATAL] Updater:308 - Updater called before beeing initialized
2023-06-17 10:42:38,070 [WARN] DetailPanel:346 - Failed to get advertising image, set to default
2023-06-17 10:42:38,070 [FATAL] Updater:308 - Updater called before beeing initialized
2023-06-17 10:42:38,130 [ERROR] Updater:1120 - MainUpdater not yet initialized. External WinMGr cannot be set.
2023-06-17 10:42:38,132 [INFO] Updater:1056 - Updater Version found : 6.8.1
2023-06-17 10:42:38,153 [INFO] ApplicationProperties:184 - Using Application install path: C:\ST\STM32CubeIDE_1.10.1\STM32CubeIDE\plugins\com.st.stm32cube.common.mx_6.8.1.202304191431
2023-06-17 10:42:38,556 [INFO] MainUpdater:2854 - connection check result : 10
2023-06-17 10:42:38,557 [INFO] MainUpdater:283 - Updater Check For Update Now.
2023-06-17 10:42:38,557 [INFO] MicroXplorer:498 - Change Database Version : DB.6.0.81
2023-06-17 10:42:38,745 [INFO] CheckServerUpdateThread:120 - End of CheckServer Thread
2023-06-17 10:42:38,771 [INFO] MainUpdater:2854 - connection check result : 10
2023-06-17 10:42:38,772 [INFO] MainUpdater:2854 - connection check result : 10
2023-06-17 10:42:38,820 [INFO] MicroXplorer:468 - Change Database Path : 
2023-06-17 10:42:38,821 [INFO] MicroXplorer:498 - Change Database Version : DB.6.0.81
2023-06-17 10:42:38,821 [WARN] ThirdParty:871 - waiting for thirdparty lock release [close project]
2023-06-17 10:42:39,552 [WARN] PackLoader:240 - Cannot read IP mode file for STMicroelectronics.X-CUBE-SMBUS.2.1.0
2023-06-17 10:42:39,602 [WARN] PackLoader:240 - Cannot read IP mode file for STMicroelectronics.X-CUBE-AZRTOS-F7.1.1.0
2023-06-17 10:42:39,645 [ERROR] RealEvaluatedCondition:428 - Found unsupported composite condition: CLASS='Data Exchange' GROUP='STM32_MetaDataManager'
2023-06-17 10:42:39,646 [ERROR] RealEvaluatedCondition:428 - Found unsupported composite condition: GROUP='STM32_MetaDataManager' CLASS='Data Exchange'
2023-06-17 10:42:39,648 [WARN] PackLoader:240 - Cannot read IP mode file for STMicroelectronics.FP-SNS-MOTENV1.4.3.0
2023-06-17 10:42:39,665 [WARN] PackLoader:240 - Cannot read IP mode file for STMicroelectronics.FP-SNS-FLIGHT1.5.0.0
2023-06-17 10:42:39,677 [ERROR] RealEvaluatedCondition:428 - Found unsupported composite condition: CLASS='Data Exchange' GROUP='STM32_MetaDataManager'
2023-06-17 10:42:39,677 [ERROR] RealEvaluatedCondition:428 - Found unsupported composite condition: GROUP='STM32_MetaDataManager' CLASS='Data Exchange'
2023-06-17 10:42:39,679 [WARN] PackLoader:240 - Cannot read IP mode file for STMicroelectronics.FP-SNS-MOTENV1.4.3.1
2023-06-17 10:42:39,694 [WARN] PackLoader:240 - Cannot read IP mode file for STMicroelectronics.FP-SNS-FLIGHT1.5.0.1
2023-06-17 10:42:39,712 [WARN] PackLoader:240 - Cannot read IP mode file for STMicroelectronics.X-CUBE-BLE1.6.2.4
2023-06-17 10:42:39,729 [WARN] PackLoader:240 - Cannot read IP mode file for STMicroelectronics.X-CUBE-DISPLAY.3.0.0
2023-06-17 10:42:39,755 [INFO] LogOutputStream:77 - [STDOUT_REDIRECT] 1 : Invalid condition id : UX_CORESTACK_Condition cause : null
2023-06-17 10:42:39,756 [INFO] LogOutputStream:77 - [STDOUT_REDIRECT] 1 : Invalid condition id : UX_CORESTACK_Condition cause : null
2023-06-17 10:42:39,757 [INFO] LogOutputStream:77 - [STDOUT_REDIRECT] 1 : Invalid condition id : UX_CORESTACK_Condition cause : null
2023-06-17 10:42:39,758 [INFO] LogOutputStream:77 - [STDOUT_REDIRECT] 1 : Invalid condition id : UX_CORESTACK_Condition cause : null
2023-06-17 10:42:39,760 [INFO] LogOutputStream:77 - [STDOUT_REDIRECT] 1 : Invalid condition id : UX_CORESTACK_Condition cause : null
2023-06-17 10:42:39,765 [WARN] PackLoader:240 - Cannot read IP mode file for STMicroelectronics.X-CUBE-AZRTOS-WL.2.0.0
2023-06-17 10:42:39,784 [WARN] PackLoader:240 - Cannot read IP mode file for WES.I-CUBE-Cesium.1.3.0
2023-06-17 10:42:39,798 [WARN] PackLoader:240 - Cannot read IP mode file for STMicroelectronics.X-CUBE-BLE2.3.3.0
2023-06-17 10:42:39,813 [WARN] PackLoader:240 - Cannot read IP mode file for STMicroelectronics.X-CUBE-TOUCHGFX.4.21.3
2023-06-17 10:42:39,823 [WARN] PackLoader:240 - Cannot read IP mode file for STMicroelectronics.X-CUBE-TOUCHGFX.4.21.4
2023-06-17 10:42:39,836 [WARN] PackLoader:240 - Cannot read IP mode file for STMicroelectronics.X-CUBE-ALGOBUILD.1.3.0
2023-06-17 10:42:39,864 [WARN] PackLoader:240 - Cannot read IP mode file for STMicroelectronics.X-CUBE-AZRTOS-G0.1.1.0
2023-06-17 10:42:39,881 [WARN] PackLoader:240 - Cannot read IP mode file for STMicroelectronics.X-CUBE-NFC4.3.0.0
2023-06-17 10:42:39,896 [WARN] PackLoader:240 - Cannot read IP mode file for STMicroelectronics.FP-ATR-SIGFOX1.3.2.0
2023-06-17 10:42:39,936 [WARN] PackLoader:240 - Cannot read IP mode file for SEGGER.I-CUBE-embOS.1.3.1
2023-06-17 10:42:40,046 [WARN] PackLoader:240 - Cannot read IP mode file for STMicroelectronics.X-CUBE-GNSS1.6.0.0
2023-06-17 10:42:40,082 [WARN] PackLoader:240 - Cannot read IP mode file for STMicroelectronics.X-CUBE-AZRTOS-F4.1.1.0
2023-06-17 10:42:40,106 [WARN] PackLoader:240 - Cannot read IP mode file for wolfSSL.I-CUBE-wolfSSL.5.6.0
2023-06-17 10:42:40,165 [WARN] PackLoader:240 - Cannot read IP mode file for STMicroelectronics.X-CUBE-MEMS1.9.6.0
2023-06-17 10:42:40,389 [WARN] PackLoader:240 - Cannot read IP mode file for emotas.I-CUBE-CANOPEN.1.1.3
2023-06-17 10:42:40,408 [WARN] PackLoader:240 - Cannot read IP mode file for STMicroelectronics.X-CUBE-BLEMGR.2.0.0
2023-06-17 10:42:40,438 [WARN] ConditionMgr:438 - getConditionDescription Invalid condition id : UX DEVICE CLASS RTOS Condition cause : null
2023-06-17 10:42:40,438 [WARN] ConditionMgr:438 - getConditionDescription Invalid condition id : UX DEVICE CLASS RTOS Condition cause : null
2023-06-17 10:42:40,441 [WARN] PackLoader:240 - Cannot read IP mode file for STMicroelectronics.X-CUBE-AZRTOS-H7.3.1.0
2023-06-17 10:42:40,442 [WARN] ConditionMgr:1039 - genDependencies : Invalid condition id : UX DEVICE CLASS RTOS Condition cause : null
2023-06-17 10:42:40,442 [WARN] ConditionMgr:1039 - genDependencies : Invalid condition id : UX DEVICE CLASS RTOS Condition cause : null
2023-06-17 10:42:40,443 [WARN] ConditionMgr:1039 - genDependencies : Invalid condition id : UX DEVICE CLASS RTOS Condition cause : null
2023-06-17 10:42:40,443 [WARN] ConditionMgr:1039 - genDependencies : Invalid condition id : UX DEVICE CLASS RTOS Condition cause : null
2023-06-17 10:42:40,443 [WARN] ConditionMgr:1039 - genDependencies : Invalid condition id : UX DEVICE CLASS RTOS Condition cause : null
2023-06-17 10:42:40,466 [WARN] PackLoader:240 - Cannot read IP mode file for STMicroelectronics.X-CUBE-NFC7.1.0.1
2023-06-17 10:42:40,481 [WARN] PackLoader:240 - Cannot read IP mode file for STMicroelectronics.X-CUBE-NFC7.1.0.0
2023-06-17 10:42:40,497 [WARN] PackLoader:240 - Cannot read IP mode file for STMicroelectronics.X-CUBE-EEPRMA1.4.1.0
2023-06-17 10:42:40,542 [WARN] ConditionMgr:438 - getConditionDescription Invalid condition id : LAN8742 Phy interface Condition cause : null
2023-06-17 10:42:40,543 [WARN] PackLoader:240 - Cannot read IP mode file for STMicroelectronics.X-CUBE-AZRTOS-L4.2.0.0
2023-06-17 10:42:40,545 [WARN] ConditionMgr:1039 - genDependencies : Invalid condition id : LAN8742 Phy interface Condition cause : null
2023-06-17 10:42:40,546 [WARN] ConditionMgr:1039 - genDependencies : Invalid condition id : LAN8742 Phy interface Condition cause : null
2023-06-17 10:42:40,546 [WARN] ConditionMgr:1039 - genDependencies : Invalid condition id : LAN8742 Phy interface Condition cause : null
2023-06-17 10:42:40,561 [WARN] PackLoader:240 - Cannot read IP mode file for STMicroelectronics.X-CUBE-SFXS2LP1.4.0.0
2023-06-17 10:42:40,573 [WARN] PackLoader:240 - Cannot read IP mode file for STMicroelectronics.X-CUBE-ISPU.1.1.0
2023-06-17 10:42:40,585 [WARN] PackLoader:240 - Cannot read IP mode file for STMicroelectronics.X-CUBE-AI.8.0.0
2023-06-17 10:42:40,600 [WARN] PackLoader:240 - Cannot read IP mode file for STMicroelectronics.X-CUBE-FREERTOS.1.0.1
2023-06-17 10:42:40,641 [WARN] PackLoader:240 - Cannot read IP mode file for STMicroelectronics.X-CUBE-AZRTOS-L5.1.1.0
2023-06-17 10:42:40,656 [WARN] PackLoader:240 - Cannot read IP mode file for STMicroelectronics.X-CUBE-AI.8.0.1
2023-06-17 10:42:40,674 [WARN] PackLoader:240 - Cannot read IP mode file for STMicroelectronics.X-CUBE-SUBG2.5.0.0
2023-06-17 10:42:40,703 [WARN] PackLoader:240 - Cannot read IP mode file for STMicroelectronics.X-CUBE-AZRTOS-G4.2.0.0
2023-06-17 10:42:40,722 [WARN] PackLoader:240 - Cannot read IP mode file for STMicroelectronics.X-CUBE-TOF1.3.3.0
2023-06-17 10:42:40,755 [WARN] PackLoader:240 - Cannot read IP mode file for STMicroelectronics.X-CUBE-AZRTOS-L4.1.0.0
2023-06-17 10:42:40,777 [WARN] PackLoader:240 - Cannot read IP mode file for STMicroelectronics.X-CUBE-AZRTOS-WL.1.0.0
2023-06-17 10:42:40,790 [WARN] PackLoader:240 - Cannot read IP mode file for portGmbH.I-Cube-SoM-uGOAL.1.1.0
2023-06-17 10:42:40,805 [WARN] PackLoader:240 - Cannot read IP mode file for STMicroelectronics.X-CUBE-ALS.1.0.1
2023-06-17 10:42:40,830 [WARN] PackLoader:240 - Cannot read IP mode file for STMicroelectronics.X-CUBE-AZRTOS-WB.1.1.0
2023-06-17 10:42:40,845 [WARN] PackLoader:240 - Cannot read IP mode file for STMicroelectronics.FP-ATR-ASTRA1.2.0.0
2023-06-17 10:42:40,846 [INFO] ThirdParty:978 - Integrity check success = true
2023-06-17 10:42:40,847 [INFO] IntegrityCheckThread:100 - exiting critical section [integrity check]
2023-06-17 10:42:40,847 [INFO] IntegrityCheckThread:103 - End integrity checks thread
2023-06-17 10:42:40,848 [INFO] ThirdParty:873 - entering critical section [close project]
2023-06-17 10:42:40,849 [INFO] ThirdParty:883 - exiting critical section [close project]
2023-06-17 10:42:40,853 [INFO] PinOutPanel:1499 - setPackage(No Configuration,No Configuration)
2023-06-17 10:42:40,862 [INFO] UtilMem:75 - Begin LoadConfig() Used Memory: 353395296 Bytes (495976448)
2023-06-17 10:42:40,864 [INFO] MicroXplorer:468 - Change Database Path : 
2023-06-17 10:42:40,864 [INFO] MicroXplorer:498 - Change Database Version : DB.6.0.81
2023-06-17 10:42:40,864 [INFO] OpenFileManager:308 - Change cursor
2023-06-17 10:42:40,921 [INFO] Mcu:1937 - Initializing MCU STM32F103R(8-B)Tx STM32F103RBTx STM32F103RBT6
2023-06-17 10:42:42,177 [INFO] Context:659 - Trying to add GPIOservice into a context  which must be forbidden
2023-06-17 10:42:42,732 [INFO] RtosManager:555 - Registered RTOS mode: class=CMSIS, group=RTOS, mode=CMSIS_V1, owner=FREERTOS
2023-06-17 10:42:42,733 [INFO] RtosManager:555 - Registered RTOS mode: class=CMSIS, group=RTOS2, mode=CMSIS_V2, owner=FREERTOS
2023-06-17 10:42:42,733 [INFO] RtosManager:555 - Registered RTOS mode: class=RTOS, group=Core, mode=CMSIS_V1, owner=FREERTOS
2023-06-17 10:42:42,734 [INFO] RtosManager:555 - Registered RTOS mode: class=RTOS, group=Core, mode=CMSIS_V2, owner=FREERTOS
2023-06-17 10:42:42,734 [WARN] ModelIntegratedComponent:184 - Missing modes for component STMicroelectronics:FreeRTOS:0.0.1:STMicroelectronics:RTOS:FreeRTOS:Core:::10.2.0:
2023-06-17 10:42:42,755 [WARN] ModelIntegratedComponent:63 - No mode defined for component null
2023-06-17 10:42:42,755 [WARN] ModelIntegratedComponent:63 - No mode defined for component null
2023-06-17 10:42:42,756 [WARN] ModelIntegratedComponent:63 - No mode defined for component null
2023-06-17 10:42:42,756 [WARN] ModelIntegratedComponent:63 - No mode defined for component null
2023-06-17 10:42:42,756 [WARN] ModelIntegratedComponent:63 - No mode defined for component null
2023-06-17 10:42:42,756 [WARN] ModelIntegratedComponent:63 - No mode defined for component null
2023-06-17 10:42:42,756 [WARN] ModelIntegratedComponent:63 - No mode defined for component null
2023-06-17 10:42:42,757 [WARN] ModelIntegratedComponent:63 - No mode defined for component null
2023-06-17 10:42:42,757 [WARN] ModelIntegratedComponent:63 - No mode defined for component null
2023-06-17 10:42:42,757 [WARN] ModelIntegratedComponent:63 - No mode defined for component null
2023-06-17 10:42:42,757 [WARN] ModelIntegratedComponent:63 - No mode defined for component null
2023-06-17 10:42:42,757 [WARN] ModelIntegratedComponent:63 - No mode defined for component null
2023-06-17 10:42:42,757 [WARN] ModelIntegratedComponent:63 - No mode defined for component null
2023-06-17 10:42:42,757 [WARN] ModelIntegratedComponent:63 - No mode defined for component null
2023-06-17 10:42:42,758 [WARN] ModelIntegratedComponent:63 - No mode defined for component null
2023-06-17 10:42:42,758 [WARN] ModelIntegratedComponent:63 - No mode defined for component null
2023-06-17 10:42:42,758 [WARN] ModelIntegratedComponent:63 - No mode defined for component null
2023-06-17 10:42:42,758 [WARN] ModelIntegratedComponent:63 - No mode defined for component null
2023-06-17 10:42:42,758 [WARN] ModelIntegratedComponent:63 - No mode defined for component null
2023-06-17 10:42:42,758 [WARN] ModelIntegratedComponent:63 - No mode defined for component null
2023-06-17 10:42:42,758 [WARN] ModelIntegratedComponent:63 - No mode defined for component null
2023-06-17 10:42:42,758 [WARN] ModelIntegratedComponent:63 - No mode defined for component null
2023-06-17 10:42:42,758 [WARN] ModelIntegratedComponent:63 - No mode defined for component null
2023-06-17 10:42:42,758 [WARN] ModelIntegratedComponent:63 - No mode defined for component null
2023-06-17 10:42:42,758 [WARN] ModelIntegratedComponent:63 - No mode defined for component null
2023-06-17 10:42:42,758 [WARN] ModelIntegratedComponent:63 - No mode defined for component null
2023-06-17 10:42:42,758 [WARN] ModelIntegratedComponent:63 - No mode defined for component null
2023-06-17 10:42:42,758 [WARN] ModelIntegratedComponent:63 - No mode defined for component null
2023-06-17 10:42:42,758 [WARN] ModelIntegratedComponent:63 - No mode defined for component null
2023-06-17 10:42:42,759 [WARN] ModelIntegratedComponent:63 - No mode defined for component null
2023-06-17 10:42:42,759 [WARN] ModelIntegratedComponent:63 - No mode defined for component null
2023-06-17 10:42:42,759 [WARN] ModelIntegratedComponent:63 - No mode defined for component null
2023-06-17 10:42:42,759 [WARN] ModelIntegratedComponent:63 - No mode defined for component null
2023-06-17 10:42:42,788 [INFO] ThirdPartyModel:298 - Start build external matchings
2023-06-17 10:42:43,004 [INFO] ThirdPartyModel:316 - End build external matchings
2023-06-17 10:42:43,039 [INFO] ImportTextPane:194 - (OptionalMessage_ERROR) IP (DMA) : Parameter (Instance) has Id (TIM1_CH1) currently not set
2023-06-17 10:42:43,039 [INFO] ImportTextPane:194 - (OptionalMessage_ERROR) IP (DMA) : Parameter (Direction) has Id (TIM1_CH1) currently not set
2023-06-17 10:42:43,040 [INFO] ImportTextPane:194 - (OptionalMessage_ERROR) IP (DMA) : Parameter (PeriphInc) has Id (TIM1_CH1) currently not set
2023-06-17 10:42:43,040 [INFO] ImportTextPane:194 - (OptionalMessage_ERROR) IP (DMA) : Parameter (MemInc) has Id (TIM1_CH1) currently not set
2023-06-17 10:42:43,040 [INFO] ImportTextPane:194 - (OptionalMessage_ERROR) IP (DMA) : Parameter (PeriphDataAlignment) has Id (TIM1_CH1) currently not set
2023-06-17 10:42:43,041 [INFO] ImportTextPane:194 - (OptionalMessage_ERROR) IP (DMA) : Parameter (MemDataAlignment) has Id (TIM1_CH1) currently not set
2023-06-17 10:42:43,041 [INFO] ImportTextPane:194 - (OptionalMessage_ERROR) IP (DMA) : Parameter (Mode) has Id (TIM1_CH1) currently not set
2023-06-17 10:42:43,041 [INFO] ImportTextPane:194 - (OptionalMessage_ERROR) IP (DMA) : Parameter (Priority) has Id (TIM1_CH1) currently not set
2023-06-17 10:42:43,044 [INFO] ImportTextPane:194 - (OptionalMessage_ERROR) IP (RCC) : Parameter (ADCFreqValue) has invalid value (36000000)
2023-06-17 10:42:43,044 [INFO] ImportTextPane:194 - (OptionalMessage_ERROR) IP (RCC) : Invalid parameter (FamilyName)
2023-06-17 10:42:43,044 [INFO] ImportTextPane:194 - (OptionalMessage_ERROR) IP (RCC) : Parameter (MCOFreq_Value) has invalid value (72000000)
2023-06-17 10:42:43,047 [INFO] ImportTextPane:194 - (OptionalMessage_ERROR) IP (RCC) : Parameter (USBFreq_Value) has invalid value (72000000)
2023-06-17 10:42:43,342 [INFO] UtilMem:75 - End LoadConfig() Used Memory: 368463648 Bytes (495976448)
2023-06-17 10:42:43,460 [INFO] ApiDb:581 - Connected to CubeFinder SQLite database (C:\Users\Tik\.stmcufinder\plugins\mcufinder\mcu\cube-finder-db.db)
2023-06-17 10:42:43,519 [INFO] ApiDb:668 - CubeFinder database Data Model version=2.1
2023-06-17 10:42:43,519 [INFO] ApiDb:669 - CubeFinder database Configuration version=3.0.35
2023-06-17 10:42:43,519 [INFO] ApiDb:670 - CubeFinder database generation date=2023-05-12 (1683877179)
2023-06-17 10:42:43,519 [INFO] ApiDb:671 - CubeFinder database FW Pack versions=[FP-ATR-ASTRA1_V2.0.0, FP-SNS-FLIGHT1_V5.0.0, FP-SNS-MOTENV1_V4.3.0, STM32Cube_FW_C0_V1.0.1, STM32Cube_FW_F0_V1.11.4, STM32Cube_FW_F3_V1.11.4, STM32Cube_FW_F4_V1.27.1, STM32Cube_FW_F7_V1.17.0, STM32Cube_FW_G0_V1.6.1, STM32Cube_FW_G4_V1.5.1, STM32Cube_FW_H5_V0.5.1, STM32Cube_FW_H5_V1.0.0, STM32Cube_FW_H7_V1.11.0, STM32Cube_FW_L0_V1.12.2, STM32Cube_FW_L5_V1.5.0, STM32Cube_FW_U5_V1.2.0, STM32Cube_FW_WBA_V1.0.0, STM32Cube_FW_WBA_V1.0.0RC1, STM32Cube_FW_WBA_V1.0.0RC3, STM32Cube_FW_WB_V1.15.0RC1, STM32Cube_FW_WB_V1.16.0, STM32Cube_FW_WB_V1.16.0RC2, STM32Cube_FW_WL_V1.3.0, X-CUBE-ALGOBUILD_V1.3.0, X-CUBE-ALS_V1.0.1, X-CUBE-AZRTOS-F4_V1.1.0, X-CUBE-AZRTOS-F7_V1.1.0, X-CUBE-AZRTOS-G0_V1.1.0, X-CUBE-AZRTOS-G4_V2.0.0, X-CUBE-AZRTOS-H7_V3.1.0, X-CUBE-AZRTOS-L4_V1.0.0, X-CUBE-AZRTOS-L5_V1.1.0, X-CUBE-AZRTOS-WB_V1.1.0, X-CUBE-AZRTOS-WL_V1.0.0, X-CUBE-BLE1_V6.2.4, X-CUBE-BLE2_V3.3.0, X-CUBE-BLEMGR_V2.0.0, X-CUBE-EEPRMA1_V4.1.0, X-CUBE-FREERTOS_V1.0.1, X-CUBE-GNSS1_V6.0.0, X-CUBE-MEMS1_V9.1.0, X-CUBE-MEMS1_V9.4.0, X-CUBE-MEMS1_V9.6.0, X-CUBE-NFC4_V3.0.0, X-CUBE-NFC7_V1.0.0, X-CUBE-SFXS2LP1_V4.0.0, X-CUBE-SUBG2_V5.0.0]
2023-06-17 10:42:45,318 [INFO] ApiDb:240 - Found 297 in-development CPN: [B-G473E-ZEST1S, B-WB1M-WPAN1, B-WL5M-SUBG1, NUCLEO-C031C6, NUCLEO-H503RB, NUCLEO-H563ZI, NUCLEO-U545RE-Q, NUCLEO-U5A5ZJ-Q, NUCLEO-WBA52CG, STEVAL-PROTEUS1, STEVAL-STWINBX1, STM320518-EVAL, STM32C0116-DK, STM32C011D6Y3TR, STM32C011D6Y6TR, STM32C011F4P3, STM32C011F4P6, STM32C011F4U3, STM32C011F4U6TR, STM32C011F6P3, STM32C011F6P6, STM32C011F6U3, STM32C011F6U6TR, STM32C011J4M3, STM32C011J4M6, STM32C011J6M3, STM32C011J6M6, STM32C0316-DK, STM32C031C4T3, STM32C031C4T6, STM32C031C4U3, STM32C031C4U6, STM32C031C6T3, STM32C031C6T6, STM32C031C6U3, STM32C031C6U6, STM32C031F4P3, STM32C031F4P6, STM32C031F6P3, STM32C031F6P6, STM32C031G4U3, STM32C031G4U6, STM32C031G6U3, STM32C031G6U6, STM32C031K4T3, STM32C031K4T6, STM32C031K4U3, STM32C031K4U6, STM32C031K6T3, STM32C031K6T6, STM32C031K6U3, STM32C031K6U6, STM32G071K8TXN, STM32G071K8UXN, STM32G081GBU6N, STM32G081KBT6N, STM32G081KBUXN, STM32G0B1CCT6N, STM32G0B1KCT6, STM32G0B1NEY6TR, STM32G0B1RCT6N, STM32G0C1CCT6, STM32G0C1CCT6N, STM32G0C1CCU6N, STM32G0C1CET6N, STM32G0C1CEU6N, STM32G0C1KCT6, STM32G0C1NEY6TR, STM32G0C1RCI6N, STM32G0C1RCT6N, STM32G0C1REI6N, STM32G0C1RET6N, STM32G0C1VCI6, STM32G0C1VEI6, STM32G471CCT6, STM32G471CCU6, STM32G471CET3, STM32G471CET6, STM32G471CEU3, STM32G471CEU6, STM32G471MCT6, STM32G471MET3, STM32G471MET6, STM32G471MEY6TR, STM32G471QCT6, STM32G471QET3, STM32G471RCT6, STM32G471RET3, STM32G471RET6, STM32G471VCH6, STM32G471VCI6, STM32G471VCT6, STM32G471VEH3, STM32G471VEH6, STM32G471VEI3, STM32G471VEI6, STM32G471VET3, STM32G471VET6, STM32G474CCT6, STM32H503CBT6, STM32H503CBU6, STM32H503EBY6TR, STM32H503KBU6, STM32H503RBT6, STM32H562AGI6, STM32H562AII6, STM32H562IGK6, STM32H562IGT6, STM32H562IIK6, STM32H562IIT6, STM32H562RGT6, STM32H562RGV6, STM32H562RIT6, STM32H562RIV6, STM32H562VGT6, STM32H562VIT6, STM32H562ZGT6, STM32H562ZIT6, STM32H563AGI6, STM32H563AII3Q, STM32H563AII6, STM32H563IGK6, STM32H563IGT6, STM32H563IIK3Q, STM32H563IIK6, STM32H563IIT3Q, STM32H563IIT6, STM32H563MIY3QTR, STM32H563RGT6, STM32H563RGV6, STM32H563RIT6, STM32H563RIV6, STM32H563VGT6, STM32H563VIT3Q, STM32H563VIT6, STM32H563ZGT6, STM32H563ZIT3Q, STM32H563ZIT6, STM32H573AII3Q, STM32H573AII6, STM32H573I-DK, STM32H573IIK3Q, STM32H573IIK6, STM32H573IIT3Q, STM32H573IIT6, STM32H573MIY3QTR, STM32H573RIT6, STM32H573RIV6, STM32H573VIT3Q, STM32H573VIT6, STM32H573ZIT3Q, STM32H573ZIT6, STM32L4R5QGI6STR, STM32MP131AAE3, STM32MP131AAF3, STM32MP131AAG3, STM32MP131CAE3, STM32MP131CAF3, STM32MP131CAG3, STM32MP131DAE7, STM32MP131DAF7, STM32MP131DAG7, STM32MP131FAE7, STM32MP131FAF7, STM32MP131FAG7, STM32MP133AAE3, STM32MP133AAF3, STM32MP133AAG3, STM32MP133CAE3, STM32MP133CAF3, STM32MP133CAG3, STM32MP133DAE7, STM32MP133DAF7, STM32MP133DAG7, STM32MP133FAE7, STM32MP133FAF7, STM32MP133FAG7, STM32MP135AAE3, STM32MP135AAF3, STM32MP135AAG3, STM32MP135CAE3, STM32MP135CAF3, STM32MP135CAG3, STM32MP135DAE7, STM32MP135DAF7, STM32MP135DAG7, STM32MP135F-DK, STM32MP135FAE7, STM32MP135FAF7, STM32MP135FAF7T, STM32MP135FAF7U, STM32MP135FAG7, STM32U535CBT6, STM32U535CBT6Q, STM32U535CBU6, STM32U535CBU6Q, STM32U535CCT6, STM32U535CCT6Q, STM32U535CCU6, STM32U535CCU6Q, STM32U535CET6, STM32U535CET6Q, STM32U535CEU6, STM32U535CEU6Q, STM32U535JEY6QTR, STM32U535NCY6QTR, STM32U535NEY6QTR, STM32U535RBI6, STM32U535RBI6Q, STM32U535RBT6, STM32U535RBT6Q, STM32U535RCI6, STM32U535RCI6Q, STM32U535RCT6, STM32U535RCT6Q, STM32U535REI6, STM32U535REI6Q, STM32U535RET6, STM32U535RET6Q, STM32U535VCI6, STM32U535VCI6Q, STM32U535VCT6, STM32U535VCT6Q, STM32U535VEI6, STM32U535VEI6Q, STM32U535VET6, STM32U535VET6Q, STM32U545CET6, STM32U545CET6Q, STM32U545CEU6, STM32U545CEU6Q, STM32U545JEY6QTR, STM32U545NEY6QTR, STM32U545REI6, STM32U545REI6Q, STM32U545RET6, STM32U545RET6Q, STM32U545VEI6, STM32U545VEI6Q, STM32U545VET6, STM32U545VET6Q, STM32U595AIH6, STM32U595AIH6Q, STM32U595AJH6, STM32U595AJH6Q, STM32U595QII6, STM32U595QII6Q, STM32U595QJI6, STM32U595QJI6Q, STM32U595RIT6, STM32U595RIT6Q, STM32U595RJT6, STM32U595RJT6Q, STM32U595VIT6, STM32U595VIT6Q, STM32U595VJT6, STM32U595VJT6Q, STM32U595ZIT6, STM32U595ZIT6Q, STM32U595ZIY6QTR, STM32U595ZJT6, STM32U595ZJT6Q, STM32U595ZJY6QTR, STM32U599BJY6QTR, STM32U599NIH6Q, STM32U599NJH6Q, STM32U599VIT6Q, STM32U599VJT6, STM32U599VJT6Q, STM32U599ZIT6Q, STM32U599ZIY6QTR, STM32U599ZJT6Q, STM32U599ZJY6QTR, STM32U5A5AJH6, STM32U5A5AJH6Q, STM32U5A5QJI6, STM32U5A5QJI6Q, STM32U5A5RJT6, STM32U5A5RJT6Q, STM32U5A5VJT6, STM32U5A5VJT6Q, STM32U5A5ZJT6, STM32U5A5ZJT6Q, STM32U5A5ZJY6QTR, STM32U5A9BJY6QTR, STM32U5A9J-DK, STM32U5A9NJH6Q, STM32U5A9VJT6Q, STM32U5A9ZJT6Q, STM32U5A9ZJY6QTR, STM32WB1MMCH6, STM32WBA52CEU6, STM32WBA52CEU6T, STM32WBA52CGU6, STM32WBA52CGU6T, STM32WL5MOCH6, STM32WL5MOCH6TR]
2023-06-17 10:42:45,321 [INFO] DbMcus:216 - Found 3775 MCUs, 3775 are supported
2023-06-17 10:42:45,324 [INFO] ApiDb:423 - Load user favorites file C:\Users\Tik/.stm32cubeide/favorites.mcus.txt: 0 item(s)
2023-06-17 10:42:45,324 [INFO] ApiDb:427 - User favorites MCUs=[]
2023-06-17 10:42:45,324 [INFO] DbMcus:222 - Set 0 / 0 favorites MCUs
2023-06-17 10:42:45,750 [WARN] ThirdParty:833 - waiting for thirdparty lock release [change project]
2023-06-17 10:42:45,750 [INFO] ThirdParty:835 - entering critical section [change project]
2023-06-17 10:42:45,751 [INFO] ThirdParty:1030 - CMSIS Pack Vendor :STMicroelectronics X-CUBE-ISPU 1.1.0
2023-06-17 10:42:45,751 [INFO] ThirdParty:1030 - CMSIS Pack Vendor :STMicroelectronics X-CUBE-GNSS1 6.0.0
2023-06-17 10:42:45,751 [INFO] ThirdParty:1030 - CMSIS Pack Vendor :STMicroelectronics USB_HOST 2.0.0
2023-06-17 10:42:45,751 [INFO] ThirdParty:1030 - CMSIS Pack Vendor :STMicroelectronics X-CUBE-AZRTOS-F4 1.1.0
2023-06-17 10:42:45,751 [INFO] ThirdParty:1030 - CMSIS Pack Vendor :STMicroelectronics LIBJPEG 8.0.0
2023-06-17 10:42:45,751 [INFO] ThirdParty:1030 - CMSIS Pack Vendor :STMicroelectronics X-CUBE-SMBUS 2.1.0
2023-06-17 10:42:45,751 [INFO] ThirdParty:1030 - CMSIS Pack Vendor :wolfSSL I-CUBE-wolfSSL 5.6.0
2023-06-17 10:42:45,751 [INFO] ThirdParty:1030 - CMSIS Pack Vendor :STMicroelectronics USB_DEVICE 3.0.0
2023-06-17 10:42:45,751 [INFO] ThirdParty:1030 - CMSIS Pack Vendor :STMicroelectronics X-CUBE-AI 8.0.0
2023-06-17 10:42:45,751 [INFO] ThirdParty:1030 - CMSIS Pack Vendor :STMicroelectronics X-CUBE-FREERTOS 1.0.1
2023-06-17 10:42:45,751 [INFO] ThirdParty:1030 - CMSIS Pack Vendor :STMicroelectronics X-CUBE-TOUCHGFX 4.21.3
2023-06-17 10:42:45,751 [INFO] ThirdParty:1030 - CMSIS Pack Vendor :STMicroelectronics X-CUBE-AZRTOS-F7 1.1.0
2023-06-17 10:42:45,751 [INFO] ThirdParty:1030 - CMSIS Pack Vendor :STMicroelectronics X-CUBE-TOUCHGFX 4.21.4
2023-06-17 10:42:45,751 [INFO] ThirdParty:1030 - CMSIS Pack Vendor :STMicroelectronics USB_DEVICE 2.0.0
2023-06-17 10:42:45,752 [INFO] ThirdParty:1030 - CMSIS Pack Vendor :STMicroelectronics X-CUBE-MEMS1 9.6.0
2023-06-17 10:42:45,752 [INFO] ThirdParty:1030 - CMSIS Pack Vendor :STMicroelectronics FP-SNS-MOTENV1 4.3.0
2023-06-17 10:42:45,752 [INFO] ThirdParty:1030 - CMSIS Pack Vendor :STMicroelectronics FP-SNS-FLIGHT1 5.0.0
2023-06-17 10:42:45,752 [INFO] ThirdParty:1030 - CMSIS Pack Vendor :STMicroelectronics FP-SNS-MOTENV1 4.3.1
2023-06-17 10:42:45,752 [INFO] ThirdParty:1030 - CMSIS Pack Vendor :STMicroelectronics FP-SNS-FLIGHT1 5.0.1
2023-06-17 10:42:45,752 [INFO] ThirdParty:1030 - CMSIS Pack Vendor :STMicroelectronics X-CUBE-ALGOBUILD 1.3.0
2023-06-17 10:42:45,752 [INFO] ThirdParty:1030 - CMSIS Pack Vendor :STMicroelectronics X-CUBE-BLE1 6.2.4
2023-06-17 10:42:45,752 [INFO] ThirdParty:1030 - CMSIS Pack Vendor :STMicroelectronics X-CUBE-AZRTOS-L5 1.1.0
2023-06-17 10:42:45,752 [INFO] ThirdParty:1030 - CMSIS Pack Vendor :STMicroelectronics FreeRTOS 0.0.1
2023-06-17 10:42:45,752 [INFO] ThirdParty:1030 - CMSIS Pack Vendor :STMicroelectronics X-CUBE-AZRTOS-G0 1.1.0
2023-06-17 10:42:45,752 [INFO] ThirdParty:1030 - CMSIS Pack Vendor :emotas I-CUBE-CANOPEN 1.1.3
2023-06-17 10:42:45,752 [INFO] ThirdParty:1030 - CMSIS Pack Vendor :STMicroelectronics X-CUBE-BLEMGR 2.0.0
2023-06-17 10:42:45,752 [INFO] ThirdParty:1030 - CMSIS Pack Vendor :STMicroelectronics X-CUBE-AI 8.0.1
2023-06-17 10:42:45,752 [INFO] ThirdParty:1030 - CMSIS Pack Vendor :STMicroelectronics X-CUBE-NFC4 3.0.0
2023-06-17 10:42:45,753 [INFO] ThirdParty:1030 - CMSIS Pack Vendor :STMicroelectronics X-CUBE-SUBG2 5.0.0
2023-06-17 10:42:45,753 [INFO] ThirdParty:1030 - CMSIS Pack Vendor :STMicroelectronics STM32_WPAN 1.0.0
2023-06-17 10:42:45,753 [INFO] ThirdParty:1030 - CMSIS Pack Vendor :STMicroelectronics lwIP 2.0.3
2023-06-17 10:42:45,753 [INFO] ThirdParty:1030 - CMSIS Pack Vendor :STMicroelectronics USB_HOST 1.0.0
2023-06-17 10:42:45,753 [INFO] ThirdParty:1030 - CMSIS Pack Vendor :STMicroelectronics X-CUBE-AZRTOS-G4 2.0.0
2023-06-17 10:42:45,753 [INFO] ThirdParty:1030 - CMSIS Pack Vendor :STMicroelectronics PDM2PCM 3.1.0
2023-06-17 10:42:45,753 [INFO] ThirdParty:1030 - CMSIS Pack Vendor :STMicroelectronics X-CUBE-AZRTOS-H7 3.1.0
2023-06-17 10:42:45,753 [INFO] ThirdParty:1030 - CMSIS Pack Vendor :STMicroelectronics X-CUBE-TOF1 3.3.0
2023-06-17 10:42:45,753 [INFO] ThirdParty:1030 - CMSIS Pack Vendor :STMicroelectronics PDM2PCM 3.3.0
2023-06-17 10:42:45,753 [INFO] ThirdParty:1030 - CMSIS Pack Vendor :STMicroelectronics X-CUBE-DISPLAY 3.0.0
2023-06-17 10:42:45,753 [INFO] ThirdParty:1030 - CMSIS Pack Vendor :STMicroelectronics FP-ATR-SIGFOX1 3.2.0
2023-06-17 10:42:45,753 [INFO] ThirdParty:1030 - CMSIS Pack Vendor :STMicroelectronics X-CUBE-AZRTOS-L4 1.0.0
2023-06-17 10:42:45,753 [INFO] ThirdParty:1030 - CMSIS Pack Vendor :STMicroelectronics HAL Drivers 0.0.0
2023-06-17 10:42:45,753 [INFO] ThirdParty:1030 - CMSIS Pack Vendor :STMicroelectronics MBEDTLS 2.16.2
2023-06-17 10:42:45,753 [INFO] ThirdParty:1030 - CMSIS Pack Vendor :STMicroelectronics X-CUBE-NFC7 1.0.1
2023-06-17 10:42:45,753 [INFO] ThirdParty:1030 - CMSIS Pack Vendor :STMicroelectronics MBEDTLS 2.14.1
2023-06-17 10:42:45,753 [INFO] ThirdParty:1030 - CMSIS Pack Vendor :STMicroelectronics X-CUBE-NFC7 1.0.0
2023-06-17 10:42:45,753 [INFO] ThirdParty:1030 - CMSIS Pack Vendor :STMicroelectronics X-CUBE-AZRTOS-WL 1.0.0
2023-06-17 10:42:45,753 [INFO] ThirdParty:1030 - CMSIS Pack Vendor :STMicroelectronics X-CUBE-EEPRMA1 4.1.0
2023-06-17 10:42:45,754 [INFO] ThirdParty:1030 - CMSIS Pack Vendor :portGmbH I-Cube-SoM-uGOAL 1.1.0
2023-06-17 10:42:45,754 [INFO] ThirdParty:1030 - CMSIS Pack Vendor :STMicroelectronics X-CUBE-ALS 1.0.1
2023-06-17 10:42:45,755 [INFO] ThirdParty:1030 - CMSIS Pack Vendor :STMicroelectronics ThreadX 1.0.0
2023-06-17 10:42:45,755 [INFO] ThirdParty:1030 - CMSIS Pack Vendor :STMicroelectronics X-CUBE-AZRTOS-WB 1.1.0
2023-06-17 10:42:45,755 [INFO] ThirdParty:1030 - CMSIS Pack Vendor :STMicroelectronics X-CUBE-AZRTOS-WL 2.0.0
2023-06-17 10:42:45,755 [INFO] ThirdParty:1030 - CMSIS Pack Vendor :SEGGER I-CUBE-embOS 1.3.1
2023-06-17 10:42:45,755 [INFO] ThirdParty:1030 - CMSIS Pack Vendor :STMicroelectronics USB_DEVICE 1.0.0
2023-06-17 10:42:45,755 [INFO] ThirdParty:1030 - CMSIS Pack Vendor :STMicroelectronics X-CUBE-AZRTOS-L4 2.0.0
2023-06-17 10:42:45,755 [INFO] ThirdParty:1030 - CMSIS Pack Vendor :STMicroelectronics ThreadX 0.0.2
2023-06-17 10:42:45,755 [INFO] ThirdParty:1030 - CMSIS Pack Vendor :WES I-CUBE-Cesium 1.3.0
2023-06-17 10:42:45,755 [INFO] ThirdParty:1030 - CMSIS Pack Vendor :STMicroelectronics FP-ATR-ASTRA1 2.0.0
2023-06-17 10:42:45,755 [INFO] ThirdParty:1030 - CMSIS Pack Vendor :STMicroelectronics lwIP 2.1.2
2023-06-17 10:42:45,755 [INFO] ThirdParty:1030 - CMSIS Pack Vendor :STMicroelectronics X-CUBE-SFXS2LP1 4.0.0
2023-06-17 10:42:45,755 [INFO] ThirdParty:1030 - CMSIS Pack Vendor :STMicroelectronics X-CUBE-BLE2 3.3.0
2023-06-17 10:42:45,755 [INFO] ThirdParty:1030 - CMSIS Pack Vendor :STMicroelectronics PDM2PCM 3.2.0
2023-06-17 10:42:45,755 [INFO] ThirdParty:841 - exiting critical section [change project]
2023-06-17 10:42:46,253 [INFO] PinOutPanel:1499 - setPackage(No Configuration,No Configuration)
2023-06-17 10:42:46,255 [INFO] PinOutPanel:1499 - setPackage(STM32F103RBTx,LQFP64)
2023-06-17 10:42:47,156 [INFO] UtilMem:75 - Before build in PCC Used Memory: 402936456 Bytes (495976448)
2023-06-17 10:42:48,222 [INFO] UtilMem:75 - After build in PCC Used Memory: 409380360 Bytes (495976448)
2023-06-17 10:42:48,286 [INFO] IPUIPlugin:80 - create IPUIPlugin
2023-06-17 10:42:48,287 [INFO] IPUIPlugin:80 - create IPUIPlugin
2023-06-17 10:42:48,287 [INFO] IPUIPlugin:80 - create IPUIPlugin
2023-06-17 10:42:48,287 [INFO] IPUIPlugin:80 - create IPUIPlugin
2023-06-17 10:42:48,287 [INFO] IPUIPlugin:80 - create IPUIPlugin
2023-06-17 10:42:48,287 [INFO] IPUIPlugin:80 - create IPUIPlugin
2023-06-17 10:42:48,288 [INFO] IPUIPlugin:80 - create IPUIPlugin
2023-06-17 10:42:48,288 [INFO] IPUIPlugin:80 - create IPUIPlugin
2023-06-17 10:42:48,288 [INFO] IPUIPlugin:80 - create IPUIPlugin
2023-06-17 10:42:48,288 [INFO] IPUIPlugin:80 - create IPUIPlugin
2023-06-17 10:42:48,288 [INFO] IPUIPlugin:80 - create IPUIPlugin
2023-06-17 10:42:48,288 [INFO] IPUIPlugin:80 - create IPUIPlugin
2023-06-17 10:42:48,290 [INFO] IPUIPlugin:80 - create IPUIPlugin
2023-06-17 10:42:48,302 [INFO] IPUIPlugin:80 - create IPUIPlugin
2023-06-17 10:42:48,303 [INFO] IPUIPlugin:80 - create IPUIPlugin
2023-06-17 10:42:48,303 [INFO] IPUIPlugin:80 - create IPUIPlugin
2023-06-17 10:42:48,303 [INFO] IPUIPlugin:80 - create IPUIPlugin
2023-06-17 10:42:48,303 [INFO] IPUIPlugin:80 - create IPUIPlugin
2023-06-17 10:42:48,304 [INFO] IPUIPlugin:80 - create IPUIPlugin
2023-06-17 10:42:48,304 [INFO] IPUIPlugin:80 - create IPUIPlugin
2023-06-17 10:42:48,304 [INFO] IPUIPlugin:80 - create IPUIPlugin
2023-06-17 10:42:48,304 [INFO] IPUIPlugin:80 - create IPUIPlugin
2023-06-17 10:42:48,305 [INFO] IPUIPlugin:80 - create IPUIPlugin
2023-06-17 10:42:48,305 [INFO] IPUIPlugin:80 - create IPUIPlugin
2023-06-17 10:42:48,305 [INFO] IPUIPlugin:80 - create IPUIPlugin
2023-06-17 10:42:48,306 [INFO] IPUIPlugin:80 - create IPUIPlugin
2023-06-17 10:42:48,306 [INFO] IPUIPlugin:80 - create IPUIPlugin
2023-06-17 10:42:48,700 [INFO] CADModel:165 - CPN selected for project levelSTM32F103RBT6
2023-06-17 10:42:48,700 [INFO] CADModel:114 - Register for checkConnection events
2023-06-17 10:42:48,773 [INFO] OpenFileManager:328 - Restore cursor
2023-06-17 10:43:00,515 [INFO] UtilMem:75 - End SaveConfig() Used Memory: 484131384 Bytes (532676608)
2023-06-17 10:43:01,193 [INFO] BlockDiagram:2759 - set Specific Code input for plugin: NVIC
2023-06-17 10:43:01,193 [INFO] BlockDiagram:2759 - set Specific Code input for plugin: DMA
2023-06-17 10:43:01,193 [INFO] BlockDiagram:2759 - set Specific Code input for plugin: TIM1_8F1
2023-06-17 10:43:01,193 [INFO] BlockDiagram:2759 - set Specific Code input for plugin: SYS
2023-06-17 10:43:01,193 [INFO] BlockDiagram:2759 - set Specific Code input for plugin: GPIO
2023-06-17 10:43:01,193 [INFO] BlockDiagram:2759 - set Specific Code input for plugin: RCC
2023-06-17 10:43:01,195 [INFO] CodeGenerator:793 - code generatio: config db path: C:\ST\STM32CubeIDE_1.10.1\STM32CubeIDE\plugins\com.st.stm32cube.common.mx_6.8.1.202304191431\\db\
2023-06-17 10:43:01,659 [INFO] CodeEngine:255 - oldGeneratedFile, C:\Users\Tik\stm\ws2812b\MXTmpFiles\license.tmp_save
2023-06-17 10:43:02,249 [INFO] CodeEngine:279 - Generated code: C:\Users\Tik\stm\ws2812b\MXTmpFiles\license.tmp
2023-06-17 10:43:02,344 [INFO] CodeEngine:255 - oldGeneratedFile, C:\Users\Tik\stm\ws2812b\MXTmpFiles\gpio.tmp_save
2023-06-17 10:43:02,499 [INFO] CodeEngine:279 - Generated code: C:\Users\Tik\stm\ws2812b\MXTmpFiles\gpio.tmp
2023-06-17 10:43:02,678 [INFO] CodeEngine:255 - oldGeneratedFile, C:\Users\Tik\stm\ws2812b\MXTmpFiles\dma.tmp_save
2023-06-17 10:43:02,809 [INFO] CodeEngine:279 - Generated code: C:\Users\Tik\stm\ws2812b\MXTmpFiles\dma.tmp
2023-06-17 10:43:02,813 [INFO] CodeEngine:255 - oldGeneratedFile, C:\Users\Tik\stm\ws2812b\MXTmpFiles\dma_GV.tmp_save
2023-06-17 10:43:02,887 [INFO] CodeEngine:279 - Generated code: C:\Users\Tik\stm\ws2812b\MXTmpFiles\dma_GV.tmp
2023-06-17 10:43:02,912 [INFO] CodeEngine:255 - oldGeneratedFile, C:\Users\Tik\stm\ws2812b\Src\stm32f1xx_it.c_save
2023-06-17 10:43:03,101 [INFO] CodeEngine:279 - Generated code: C:\Users\Tik\stm\ws2812b\Src\stm32f1xx_it.c
2023-06-17 10:43:03,127 [INFO] CodeEngine:255 - oldGeneratedFile, C:\Users\Tik\stm\ws2812b\Inc\stm32f1xx_it.h_save
2023-06-17 10:43:03,233 [INFO] CodeEngine:279 - Generated code: C:\Users\Tik\stm\ws2812b\Inc\stm32f1xx_it.h
2023-06-17 10:43:03,259 [INFO] CodeEngine:255 - oldGeneratedFile, C:\Users\Tik\stm\ws2812b\Src\stm32f1xx_hal_msp.c_save
2023-06-17 10:43:03,533 [INFO] CodeEngine:279 - Generated code: C:\Users\Tik\stm\ws2812b\Src\stm32f1xx_hal_msp.c
2023-06-17 10:43:03,538 [INFO] CodeEngine:255 - oldGeneratedFile, C:\Users\Tik\stm\ws2812b\MXTmpFiles\system.tmp_save
2023-06-17 10:43:03,649 [INFO] CodeEngine:279 - Generated code: C:\Users\Tik\stm\ws2812b\MXTmpFiles\system.tmp
2023-06-17 10:43:03,676 [INFO] CodeEngine:311 - oldGeneratedFile, C:\Users\Tik\stm\ws2812b\Inc\stm32f1xx_hal_conf.h_save
2023-06-17 10:43:03,817 [INFO] CodeEngine:335 - Generated code: C:\Users\Tik\stm\ws2812b\Inc\stm32f1xx_hal_conf.h
2023-06-17 10:43:03,867 [WARN] IPConfigManager:3431 - IP not found : TIM
2023-06-17 10:43:03,868 [WARN] CodeGenerator:3754 - IP not found : null
2023-06-17 10:43:03,892 [INFO] CodeEngine:255 - oldGeneratedFile, C:\Users\Tik\stm\ws2812b\Inc\main.h_save
2023-06-17 10:43:04,033 [INFO] CodeEngine:279 - Generated code: C:\Users\Tik\stm\ws2812b\Inc\main.h
2023-06-17 10:43:04,051 [INFO] CodeEngine:255 - oldGeneratedFile, C:\Users\Tik\stm\ws2812b\Src\main.c_save
2023-06-17 10:43:04,254 [INFO] CodeEngine:279 - Generated code: C:\Users\Tik\stm\ws2812b\Src\main.c
2023-06-17 10:43:05,119 [INFO] ProjectBuilder:2996 - Time for Copy HAL[1] : 159mS.
2023-06-17 10:43:05,134 [INFO] ProjectBuilder:4304 - Project Generator version: 3.19.2
2023-06-17 10:43:05,576 [INFO] ConfigFileManager:1483 - The Die is : DIE410
2023-06-17 10:43:05,593 [INFO] ApiDbMcu:507 - Load IP Config File for FATFS
2023-06-17 10:43:05,598 [INFO] ApiDbMcu:507 - Load IP Config File for FREERTOS
2023-06-17 10:43:05,604 [INFO] ApiDbMcu:507 - Load IP Config File for USB_DEVICE
2023-06-17 10:43:07,094 [INFO] LogOutputStream:77 - [STDOUT_REDIRECT] 
2023-06-17 10:43:09,884 [INFO] ProjectBuilder:4505 - Time for Generating toolchain IDE Files: 4749mS.
2023-06-17 10:43:09,886 [INFO] ProjectBuilder:2867 - Time for Copy CMSIS : 1mS.
2023-06-17 10:43:09,893 [INFO] ProjectBuilder:2867 - Time for Copy CMSIS : 0mS.
