ARM GAS  C:\Users\Tik\AppData\Local\Temp\ccwulVCW.s 			page 1


   1              		.cpu cortex-m4
   2              		.arch armv7e-m
   3              		.fpu fpv4-sp-d16
   4              		.eabi_attribute 27, 1
   5              		.eabi_attribute 28, 1
   6              		.eabi_attribute 20, 1
   7              		.eabi_attribute 21, 1
   8              		.eabi_attribute 23, 3
   9              		.eabi_attribute 24, 1
  10              		.eabi_attribute 25, 1
  11              		.eabi_attribute 26, 1
  12              		.eabi_attribute 30, 1
  13              		.eabi_attribute 34, 1
  14              		.eabi_attribute 18, 4
  15              		.file	"stm32f4xx_hal_msp.c"
  16              		.text
  17              	.Ltext0:
  18              		.cfi_sections	.debug_frame
  19              		.section	.text.HAL_MspInit,"ax",%progbits
  20              		.align	1
  21              		.global	HAL_MspInit
  22              		.syntax unified
  23              		.thumb
  24              		.thumb_func
  26              	HAL_MspInit:
  27              	.LFB550:
  28              		.file 1 "Core/Src/stm32f4xx_hal_msp.c"
   1:Core/Src/stm32f4xx_hal_msp.c **** /* USER CODE BEGIN Header */
   2:Core/Src/stm32f4xx_hal_msp.c **** /**
   3:Core/Src/stm32f4xx_hal_msp.c ****   ******************************************************************************
   4:Core/Src/stm32f4xx_hal_msp.c ****   * @file         stm32f4xx_hal_msp.c
   5:Core/Src/stm32f4xx_hal_msp.c ****   * @brief        This file provides code for the MSP Initialization
   6:Core/Src/stm32f4xx_hal_msp.c ****   *               and de-Initialization codes.
   7:Core/Src/stm32f4xx_hal_msp.c ****   ******************************************************************************
   8:Core/Src/stm32f4xx_hal_msp.c ****   * @attention
   9:Core/Src/stm32f4xx_hal_msp.c ****   *
  10:Core/Src/stm32f4xx_hal_msp.c ****   * Copyright (c) 2023 STMicroelectronics.
  11:Core/Src/stm32f4xx_hal_msp.c ****   * All rights reserved.
  12:Core/Src/stm32f4xx_hal_msp.c ****   *
  13:Core/Src/stm32f4xx_hal_msp.c ****   * This software is licensed under terms that can be found in the LICENSE file
  14:Core/Src/stm32f4xx_hal_msp.c ****   * in the root directory of this software component.
  15:Core/Src/stm32f4xx_hal_msp.c ****   * If no LICENSE file comes with this software, it is provided AS-IS.
  16:Core/Src/stm32f4xx_hal_msp.c ****   *
  17:Core/Src/stm32f4xx_hal_msp.c ****   ******************************************************************************
  18:Core/Src/stm32f4xx_hal_msp.c ****   */
  19:Core/Src/stm32f4xx_hal_msp.c **** /* USER CODE END Header */
  20:Core/Src/stm32f4xx_hal_msp.c **** 
  21:Core/Src/stm32f4xx_hal_msp.c **** /* Includes ------------------------------------------------------------------*/
  22:Core/Src/stm32f4xx_hal_msp.c **** #include "main.h"
  23:Core/Src/stm32f4xx_hal_msp.c **** /* USER CODE BEGIN Includes */
  24:Core/Src/stm32f4xx_hal_msp.c **** 
  25:Core/Src/stm32f4xx_hal_msp.c **** /* USER CODE END Includes */
  26:Core/Src/stm32f4xx_hal_msp.c **** 
  27:Core/Src/stm32f4xx_hal_msp.c **** /* Private typedef -----------------------------------------------------------*/
  28:Core/Src/stm32f4xx_hal_msp.c **** /* USER CODE BEGIN TD */
  29:Core/Src/stm32f4xx_hal_msp.c **** 
  30:Core/Src/stm32f4xx_hal_msp.c **** /* USER CODE END TD */
ARM GAS  C:\Users\Tik\AppData\Local\Temp\ccwulVCW.s 			page 2


  31:Core/Src/stm32f4xx_hal_msp.c **** 
  32:Core/Src/stm32f4xx_hal_msp.c **** /* Private define ------------------------------------------------------------*/
  33:Core/Src/stm32f4xx_hal_msp.c **** /* USER CODE BEGIN Define */
  34:Core/Src/stm32f4xx_hal_msp.c **** 
  35:Core/Src/stm32f4xx_hal_msp.c **** /* USER CODE END Define */
  36:Core/Src/stm32f4xx_hal_msp.c **** 
  37:Core/Src/stm32f4xx_hal_msp.c **** /* Private macro -------------------------------------------------------------*/
  38:Core/Src/stm32f4xx_hal_msp.c **** /* USER CODE BEGIN Macro */
  39:Core/Src/stm32f4xx_hal_msp.c **** 
  40:Core/Src/stm32f4xx_hal_msp.c **** /* USER CODE END Macro */
  41:Core/Src/stm32f4xx_hal_msp.c **** 
  42:Core/Src/stm32f4xx_hal_msp.c **** /* Private variables ---------------------------------------------------------*/
  43:Core/Src/stm32f4xx_hal_msp.c **** /* USER CODE BEGIN PV */
  44:Core/Src/stm32f4xx_hal_msp.c **** 
  45:Core/Src/stm32f4xx_hal_msp.c **** /* USER CODE END PV */
  46:Core/Src/stm32f4xx_hal_msp.c **** 
  47:Core/Src/stm32f4xx_hal_msp.c **** /* Private function prototypes -----------------------------------------------*/
  48:Core/Src/stm32f4xx_hal_msp.c **** /* USER CODE BEGIN PFP */
  49:Core/Src/stm32f4xx_hal_msp.c **** 
  50:Core/Src/stm32f4xx_hal_msp.c **** /* USER CODE END PFP */
  51:Core/Src/stm32f4xx_hal_msp.c **** 
  52:Core/Src/stm32f4xx_hal_msp.c **** /* External functions --------------------------------------------------------*/
  53:Core/Src/stm32f4xx_hal_msp.c **** /* USER CODE BEGIN ExternalFunctions */
  54:Core/Src/stm32f4xx_hal_msp.c **** 
  55:Core/Src/stm32f4xx_hal_msp.c **** /* USER CODE END ExternalFunctions */
  56:Core/Src/stm32f4xx_hal_msp.c **** 
  57:Core/Src/stm32f4xx_hal_msp.c **** /* USER CODE BEGIN 0 */
  58:Core/Src/stm32f4xx_hal_msp.c **** 
  59:Core/Src/stm32f4xx_hal_msp.c **** /* USER CODE END 0 */
  60:Core/Src/stm32f4xx_hal_msp.c **** /**
  61:Core/Src/stm32f4xx_hal_msp.c ****   * Initializes the Global MSP.
  62:Core/Src/stm32f4xx_hal_msp.c ****   */
  63:Core/Src/stm32f4xx_hal_msp.c **** void HAL_MspInit(void)
  64:Core/Src/stm32f4xx_hal_msp.c **** {
  29              		.loc 1 64 1 view -0
  30              		.cfi_startproc
  31              		@ args = 0, pretend = 0, frame = 8
  32              		@ frame_needed = 0, uses_anonymous_args = 0
  33              		@ link register save eliminated.
  34 0000 82B0     		sub	sp, sp, #8
  35              	.LCFI0:
  36              		.cfi_def_cfa_offset 8
  65:Core/Src/stm32f4xx_hal_msp.c ****   /* USER CODE BEGIN MspInit 0 */
  66:Core/Src/stm32f4xx_hal_msp.c **** 
  67:Core/Src/stm32f4xx_hal_msp.c ****   /* USER CODE END MspInit 0 */
  68:Core/Src/stm32f4xx_hal_msp.c **** 
  69:Core/Src/stm32f4xx_hal_msp.c ****   __HAL_RCC_SYSCFG_CLK_ENABLE();
  37              		.loc 1 69 3 view .LVU1
  38              	.LBB2:
  39              		.loc 1 69 3 view .LVU2
  40 0002 0021     		movs	r1, #0
  41 0004 0091     		str	r1, [sp]
  42              		.loc 1 69 3 view .LVU3
  43 0006 0B4B     		ldr	r3, .L3
  44 0008 5A6C     		ldr	r2, [r3, #68]
  45 000a 42F48042 		orr	r2, r2, #16384
  46 000e 5A64     		str	r2, [r3, #68]
ARM GAS  C:\Users\Tik\AppData\Local\Temp\ccwulVCW.s 			page 3


  47              		.loc 1 69 3 view .LVU4
  48 0010 5A6C     		ldr	r2, [r3, #68]
  49 0012 02F48042 		and	r2, r2, #16384
  50 0016 0092     		str	r2, [sp]
  51              		.loc 1 69 3 view .LVU5
  52 0018 009A     		ldr	r2, [sp]
  53              	.LBE2:
  54              		.loc 1 69 3 view .LVU6
  70:Core/Src/stm32f4xx_hal_msp.c ****   __HAL_RCC_PWR_CLK_ENABLE();
  55              		.loc 1 70 3 view .LVU7
  56              	.LBB3:
  57              		.loc 1 70 3 view .LVU8
  58 001a 0191     		str	r1, [sp, #4]
  59              		.loc 1 70 3 view .LVU9
  60 001c 1A6C     		ldr	r2, [r3, #64]
  61 001e 42F08052 		orr	r2, r2, #268435456
  62 0022 1A64     		str	r2, [r3, #64]
  63              		.loc 1 70 3 view .LVU10
  64 0024 1B6C     		ldr	r3, [r3, #64]
  65 0026 03F08053 		and	r3, r3, #268435456
  66 002a 0193     		str	r3, [sp, #4]
  67              		.loc 1 70 3 view .LVU11
  68 002c 019B     		ldr	r3, [sp, #4]
  69              	.LBE3:
  70              		.loc 1 70 3 view .LVU12
  71:Core/Src/stm32f4xx_hal_msp.c **** 
  72:Core/Src/stm32f4xx_hal_msp.c ****   /* System interrupt init*/
  73:Core/Src/stm32f4xx_hal_msp.c **** 
  74:Core/Src/stm32f4xx_hal_msp.c ****   /* USER CODE BEGIN MspInit 1 */
  75:Core/Src/stm32f4xx_hal_msp.c **** 
  76:Core/Src/stm32f4xx_hal_msp.c ****   /* USER CODE END MspInit 1 */
  77:Core/Src/stm32f4xx_hal_msp.c **** }
  71              		.loc 1 77 1 is_stmt 0 view .LVU13
  72 002e 02B0     		add	sp, sp, #8
  73              	.LCFI1:
  74              		.cfi_def_cfa_offset 0
  75              		@ sp needed
  76 0030 7047     		bx	lr
  77              	.L4:
  78 0032 00BF     		.align	2
  79              	.L3:
  80 0034 00380240 		.word	1073887232
  81              		.cfi_endproc
  82              	.LFE550:
  84              		.section	.text.HAL_SPI_MspInit,"ax",%progbits
  85              		.align	1
  86              		.global	HAL_SPI_MspInit
  87              		.syntax unified
  88              		.thumb
  89              		.thumb_func
  91              	HAL_SPI_MspInit:
  92              	.LVL0:
  93              	.LFB551:
  78:Core/Src/stm32f4xx_hal_msp.c **** 
  79:Core/Src/stm32f4xx_hal_msp.c **** /**
  80:Core/Src/stm32f4xx_hal_msp.c **** * @brief SPI MSP Initialization
  81:Core/Src/stm32f4xx_hal_msp.c **** * This function configures the hardware resources used in this example
ARM GAS  C:\Users\Tik\AppData\Local\Temp\ccwulVCW.s 			page 4


  82:Core/Src/stm32f4xx_hal_msp.c **** * @param hspi: SPI handle pointer
  83:Core/Src/stm32f4xx_hal_msp.c **** * @retval None
  84:Core/Src/stm32f4xx_hal_msp.c **** */
  85:Core/Src/stm32f4xx_hal_msp.c **** void HAL_SPI_MspInit(SPI_HandleTypeDef* hspi)
  86:Core/Src/stm32f4xx_hal_msp.c **** {
  94              		.loc 1 86 1 is_stmt 1 view -0
  95              		.cfi_startproc
  96              		@ args = 0, pretend = 0, frame = 32
  97              		@ frame_needed = 0, uses_anonymous_args = 0
  98              		.loc 1 86 1 is_stmt 0 view .LVU15
  99 0000 00B5     		push	{lr}
 100              	.LCFI2:
 101              		.cfi_def_cfa_offset 4
 102              		.cfi_offset 14, -4
 103 0002 89B0     		sub	sp, sp, #36
 104              	.LCFI3:
 105              		.cfi_def_cfa_offset 40
  87:Core/Src/stm32f4xx_hal_msp.c ****   GPIO_InitTypeDef GPIO_InitStruct = {0};
 106              		.loc 1 87 3 is_stmt 1 view .LVU16
 107              		.loc 1 87 20 is_stmt 0 view .LVU17
 108 0004 0023     		movs	r3, #0
 109 0006 0393     		str	r3, [sp, #12]
 110 0008 0493     		str	r3, [sp, #16]
 111 000a 0593     		str	r3, [sp, #20]
 112 000c 0693     		str	r3, [sp, #24]
 113 000e 0793     		str	r3, [sp, #28]
  88:Core/Src/stm32f4xx_hal_msp.c ****   if(hspi->Instance==SPI1)
 114              		.loc 1 88 3 is_stmt 1 view .LVU18
 115              		.loc 1 88 10 is_stmt 0 view .LVU19
 116 0010 0268     		ldr	r2, [r0]
 117              		.loc 1 88 5 view .LVU20
 118 0012 154B     		ldr	r3, .L9
 119 0014 9A42     		cmp	r2, r3
 120 0016 02D0     		beq	.L8
 121              	.LVL1:
 122              	.L5:
  89:Core/Src/stm32f4xx_hal_msp.c ****   {
  90:Core/Src/stm32f4xx_hal_msp.c ****   /* USER CODE BEGIN SPI1_MspInit 0 */
  91:Core/Src/stm32f4xx_hal_msp.c **** 
  92:Core/Src/stm32f4xx_hal_msp.c ****   /* USER CODE END SPI1_MspInit 0 */
  93:Core/Src/stm32f4xx_hal_msp.c ****     /* Peripheral clock enable */
  94:Core/Src/stm32f4xx_hal_msp.c ****     __HAL_RCC_SPI1_CLK_ENABLE();
  95:Core/Src/stm32f4xx_hal_msp.c **** 
  96:Core/Src/stm32f4xx_hal_msp.c ****     __HAL_RCC_GPIOA_CLK_ENABLE();
  97:Core/Src/stm32f4xx_hal_msp.c ****     /**SPI1 GPIO Configuration
  98:Core/Src/stm32f4xx_hal_msp.c ****     PA5     ------> SPI1_SCK
  99:Core/Src/stm32f4xx_hal_msp.c ****     PA6     ------> SPI1_MISO
 100:Core/Src/stm32f4xx_hal_msp.c ****     PA7     ------> SPI1_MOSI
 101:Core/Src/stm32f4xx_hal_msp.c ****     */
 102:Core/Src/stm32f4xx_hal_msp.c ****     GPIO_InitStruct.Pin = GPIO_PIN_5|GPIO_PIN_6|GPIO_PIN_7;
 103:Core/Src/stm32f4xx_hal_msp.c ****     GPIO_InitStruct.Mode = GPIO_MODE_AF_PP;
 104:Core/Src/stm32f4xx_hal_msp.c ****     GPIO_InitStruct.Pull = GPIO_NOPULL;
 105:Core/Src/stm32f4xx_hal_msp.c ****     GPIO_InitStruct.Speed = GPIO_SPEED_FREQ_VERY_HIGH;
 106:Core/Src/stm32f4xx_hal_msp.c ****     GPIO_InitStruct.Alternate = GPIO_AF5_SPI1;
 107:Core/Src/stm32f4xx_hal_msp.c ****     HAL_GPIO_Init(GPIOA, &GPIO_InitStruct);
 108:Core/Src/stm32f4xx_hal_msp.c **** 
 109:Core/Src/stm32f4xx_hal_msp.c ****   /* USER CODE BEGIN SPI1_MspInit 1 */
ARM GAS  C:\Users\Tik\AppData\Local\Temp\ccwulVCW.s 			page 5


 110:Core/Src/stm32f4xx_hal_msp.c **** 
 111:Core/Src/stm32f4xx_hal_msp.c ****   /* USER CODE END SPI1_MspInit 1 */
 112:Core/Src/stm32f4xx_hal_msp.c ****   }
 113:Core/Src/stm32f4xx_hal_msp.c **** 
 114:Core/Src/stm32f4xx_hal_msp.c **** }
 123              		.loc 1 114 1 view .LVU21
 124 0018 09B0     		add	sp, sp, #36
 125              	.LCFI4:
 126              		.cfi_remember_state
 127              		.cfi_def_cfa_offset 4
 128              		@ sp needed
 129 001a 5DF804FB 		ldr	pc, [sp], #4
 130              	.LVL2:
 131              	.L8:
 132              	.LCFI5:
 133              		.cfi_restore_state
  94:Core/Src/stm32f4xx_hal_msp.c **** 
 134              		.loc 1 94 5 is_stmt 1 view .LVU22
 135              	.LBB4:
  94:Core/Src/stm32f4xx_hal_msp.c **** 
 136              		.loc 1 94 5 view .LVU23
 137 001e 0021     		movs	r1, #0
 138 0020 0191     		str	r1, [sp, #4]
  94:Core/Src/stm32f4xx_hal_msp.c **** 
 139              		.loc 1 94 5 view .LVU24
 140 0022 03F58433 		add	r3, r3, #67584
 141 0026 5A6C     		ldr	r2, [r3, #68]
 142 0028 42F48052 		orr	r2, r2, #4096
 143 002c 5A64     		str	r2, [r3, #68]
  94:Core/Src/stm32f4xx_hal_msp.c **** 
 144              		.loc 1 94 5 view .LVU25
 145 002e 5A6C     		ldr	r2, [r3, #68]
 146 0030 02F48052 		and	r2, r2, #4096
 147 0034 0192     		str	r2, [sp, #4]
  94:Core/Src/stm32f4xx_hal_msp.c **** 
 148              		.loc 1 94 5 view .LVU26
 149 0036 019A     		ldr	r2, [sp, #4]
 150              	.LBE4:
  94:Core/Src/stm32f4xx_hal_msp.c **** 
 151              		.loc 1 94 5 view .LVU27
  96:Core/Src/stm32f4xx_hal_msp.c ****     /**SPI1 GPIO Configuration
 152              		.loc 1 96 5 view .LVU28
 153              	.LBB5:
  96:Core/Src/stm32f4xx_hal_msp.c ****     /**SPI1 GPIO Configuration
 154              		.loc 1 96 5 view .LVU29
 155 0038 0291     		str	r1, [sp, #8]
  96:Core/Src/stm32f4xx_hal_msp.c ****     /**SPI1 GPIO Configuration
 156              		.loc 1 96 5 view .LVU30
 157 003a 1A6B     		ldr	r2, [r3, #48]
 158 003c 42F00102 		orr	r2, r2, #1
 159 0040 1A63     		str	r2, [r3, #48]
  96:Core/Src/stm32f4xx_hal_msp.c ****     /**SPI1 GPIO Configuration
 160              		.loc 1 96 5 view .LVU31
 161 0042 1B6B     		ldr	r3, [r3, #48]
 162 0044 03F00103 		and	r3, r3, #1
 163 0048 0293     		str	r3, [sp, #8]
  96:Core/Src/stm32f4xx_hal_msp.c ****     /**SPI1 GPIO Configuration
ARM GAS  C:\Users\Tik\AppData\Local\Temp\ccwulVCW.s 			page 6


 164              		.loc 1 96 5 view .LVU32
 165 004a 029B     		ldr	r3, [sp, #8]
 166              	.LBE5:
  96:Core/Src/stm32f4xx_hal_msp.c ****     /**SPI1 GPIO Configuration
 167              		.loc 1 96 5 view .LVU33
 102:Core/Src/stm32f4xx_hal_msp.c ****     GPIO_InitStruct.Mode = GPIO_MODE_AF_PP;
 168              		.loc 1 102 5 view .LVU34
 102:Core/Src/stm32f4xx_hal_msp.c ****     GPIO_InitStruct.Mode = GPIO_MODE_AF_PP;
 169              		.loc 1 102 25 is_stmt 0 view .LVU35
 170 004c E023     		movs	r3, #224
 171 004e 0393     		str	r3, [sp, #12]
 103:Core/Src/stm32f4xx_hal_msp.c ****     GPIO_InitStruct.Pull = GPIO_NOPULL;
 172              		.loc 1 103 5 is_stmt 1 view .LVU36
 103:Core/Src/stm32f4xx_hal_msp.c ****     GPIO_InitStruct.Pull = GPIO_NOPULL;
 173              		.loc 1 103 26 is_stmt 0 view .LVU37
 174 0050 0223     		movs	r3, #2
 175 0052 0493     		str	r3, [sp, #16]
 104:Core/Src/stm32f4xx_hal_msp.c ****     GPIO_InitStruct.Speed = GPIO_SPEED_FREQ_VERY_HIGH;
 176              		.loc 1 104 5 is_stmt 1 view .LVU38
 105:Core/Src/stm32f4xx_hal_msp.c ****     GPIO_InitStruct.Alternate = GPIO_AF5_SPI1;
 177              		.loc 1 105 5 view .LVU39
 105:Core/Src/stm32f4xx_hal_msp.c ****     GPIO_InitStruct.Alternate = GPIO_AF5_SPI1;
 178              		.loc 1 105 27 is_stmt 0 view .LVU40
 179 0054 0323     		movs	r3, #3
 180 0056 0693     		str	r3, [sp, #24]
 106:Core/Src/stm32f4xx_hal_msp.c ****     HAL_GPIO_Init(GPIOA, &GPIO_InitStruct);
 181              		.loc 1 106 5 is_stmt 1 view .LVU41
 106:Core/Src/stm32f4xx_hal_msp.c ****     HAL_GPIO_Init(GPIOA, &GPIO_InitStruct);
 182              		.loc 1 106 31 is_stmt 0 view .LVU42
 183 0058 0523     		movs	r3, #5
 184 005a 0793     		str	r3, [sp, #28]
 107:Core/Src/stm32f4xx_hal_msp.c **** 
 185              		.loc 1 107 5 is_stmt 1 view .LVU43
 186 005c 03A9     		add	r1, sp, #12
 187 005e 0348     		ldr	r0, .L9+4
 188              	.LVL3:
 107:Core/Src/stm32f4xx_hal_msp.c **** 
 189              		.loc 1 107 5 is_stmt 0 view .LVU44
 190 0060 FFF7FEFF 		bl	HAL_GPIO_Init
 191              	.LVL4:
 192              		.loc 1 114 1 view .LVU45
 193 0064 D8E7     		b	.L5
 194              	.L10:
 195 0066 00BF     		.align	2
 196              	.L9:
 197 0068 00300140 		.word	1073819648
 198 006c 00000240 		.word	1073872896
 199              		.cfi_endproc
 200              	.LFE551:
 202              		.section	.text.HAL_SPI_MspDeInit,"ax",%progbits
 203              		.align	1
 204              		.global	HAL_SPI_MspDeInit
 205              		.syntax unified
 206              		.thumb
 207              		.thumb_func
 209              	HAL_SPI_MspDeInit:
 210              	.LVL5:
ARM GAS  C:\Users\Tik\AppData\Local\Temp\ccwulVCW.s 			page 7


 211              	.LFB552:
 115:Core/Src/stm32f4xx_hal_msp.c **** 
 116:Core/Src/stm32f4xx_hal_msp.c **** /**
 117:Core/Src/stm32f4xx_hal_msp.c **** * @brief SPI MSP De-Initialization
 118:Core/Src/stm32f4xx_hal_msp.c **** * This function freeze the hardware resources used in this example
 119:Core/Src/stm32f4xx_hal_msp.c **** * @param hspi: SPI handle pointer
 120:Core/Src/stm32f4xx_hal_msp.c **** * @retval None
 121:Core/Src/stm32f4xx_hal_msp.c **** */
 122:Core/Src/stm32f4xx_hal_msp.c **** void HAL_SPI_MspDeInit(SPI_HandleTypeDef* hspi)
 123:Core/Src/stm32f4xx_hal_msp.c **** {
 212              		.loc 1 123 1 is_stmt 1 view -0
 213              		.cfi_startproc
 214              		@ args = 0, pretend = 0, frame = 0
 215              		@ frame_needed = 0, uses_anonymous_args = 0
 216              		.loc 1 123 1 is_stmt 0 view .LVU47
 217 0000 08B5     		push	{r3, lr}
 218              	.LCFI6:
 219              		.cfi_def_cfa_offset 8
 220              		.cfi_offset 3, -8
 221              		.cfi_offset 14, -4
 124:Core/Src/stm32f4xx_hal_msp.c ****   if(hspi->Instance==SPI1)
 222              		.loc 1 124 3 is_stmt 1 view .LVU48
 223              		.loc 1 124 10 is_stmt 0 view .LVU49
 224 0002 0268     		ldr	r2, [r0]
 225              		.loc 1 124 5 view .LVU50
 226 0004 064B     		ldr	r3, .L15
 227 0006 9A42     		cmp	r2, r3
 228 0008 00D0     		beq	.L14
 229              	.LVL6:
 230              	.L11:
 125:Core/Src/stm32f4xx_hal_msp.c ****   {
 126:Core/Src/stm32f4xx_hal_msp.c ****   /* USER CODE BEGIN SPI1_MspDeInit 0 */
 127:Core/Src/stm32f4xx_hal_msp.c **** 
 128:Core/Src/stm32f4xx_hal_msp.c ****   /* USER CODE END SPI1_MspDeInit 0 */
 129:Core/Src/stm32f4xx_hal_msp.c ****     /* Peripheral clock disable */
 130:Core/Src/stm32f4xx_hal_msp.c ****     __HAL_RCC_SPI1_CLK_DISABLE();
 131:Core/Src/stm32f4xx_hal_msp.c **** 
 132:Core/Src/stm32f4xx_hal_msp.c ****     /**SPI1 GPIO Configuration
 133:Core/Src/stm32f4xx_hal_msp.c ****     PA5     ------> SPI1_SCK
 134:Core/Src/stm32f4xx_hal_msp.c ****     PA6     ------> SPI1_MISO
 135:Core/Src/stm32f4xx_hal_msp.c ****     PA7     ------> SPI1_MOSI
 136:Core/Src/stm32f4xx_hal_msp.c ****     */
 137:Core/Src/stm32f4xx_hal_msp.c ****     HAL_GPIO_DeInit(GPIOA, GPIO_PIN_5|GPIO_PIN_6|GPIO_PIN_7);
 138:Core/Src/stm32f4xx_hal_msp.c **** 
 139:Core/Src/stm32f4xx_hal_msp.c ****   /* USER CODE BEGIN SPI1_MspDeInit 1 */
 140:Core/Src/stm32f4xx_hal_msp.c **** 
 141:Core/Src/stm32f4xx_hal_msp.c ****   /* USER CODE END SPI1_MspDeInit 1 */
 142:Core/Src/stm32f4xx_hal_msp.c ****   }
 143:Core/Src/stm32f4xx_hal_msp.c **** 
 144:Core/Src/stm32f4xx_hal_msp.c **** }
 231              		.loc 1 144 1 view .LVU51
 232 000a 08BD     		pop	{r3, pc}
 233              	.LVL7:
 234              	.L14:
 130:Core/Src/stm32f4xx_hal_msp.c **** 
 235              		.loc 1 130 5 is_stmt 1 view .LVU52
 236 000c 054A     		ldr	r2, .L15+4
ARM GAS  C:\Users\Tik\AppData\Local\Temp\ccwulVCW.s 			page 8


 237 000e 536C     		ldr	r3, [r2, #68]
 238 0010 23F48053 		bic	r3, r3, #4096
 239 0014 5364     		str	r3, [r2, #68]
 137:Core/Src/stm32f4xx_hal_msp.c **** 
 240              		.loc 1 137 5 view .LVU53
 241 0016 E021     		movs	r1, #224
 242 0018 0348     		ldr	r0, .L15+8
 243              	.LVL8:
 137:Core/Src/stm32f4xx_hal_msp.c **** 
 244              		.loc 1 137 5 is_stmt 0 view .LVU54
 245 001a FFF7FEFF 		bl	HAL_GPIO_DeInit
 246              	.LVL9:
 247              		.loc 1 144 1 view .LVU55
 248 001e F4E7     		b	.L11
 249              	.L16:
 250              		.align	2
 251              	.L15:
 252 0020 00300140 		.word	1073819648
 253 0024 00380240 		.word	1073887232
 254 0028 00000240 		.word	1073872896
 255              		.cfi_endproc
 256              	.LFE552:
 258              		.section	.text.HAL_UART_MspInit,"ax",%progbits
 259              		.align	1
 260              		.global	HAL_UART_MspInit
 261              		.syntax unified
 262              		.thumb
 263              		.thumb_func
 265              	HAL_UART_MspInit:
 266              	.LVL10:
 267              	.LFB553:
 145:Core/Src/stm32f4xx_hal_msp.c **** 
 146:Core/Src/stm32f4xx_hal_msp.c **** /**
 147:Core/Src/stm32f4xx_hal_msp.c **** * @brief UART MSP Initialization
 148:Core/Src/stm32f4xx_hal_msp.c **** * This function configures the hardware resources used in this example
 149:Core/Src/stm32f4xx_hal_msp.c **** * @param huart: UART handle pointer
 150:Core/Src/stm32f4xx_hal_msp.c **** * @retval None
 151:Core/Src/stm32f4xx_hal_msp.c **** */
 152:Core/Src/stm32f4xx_hal_msp.c **** void HAL_UART_MspInit(UART_HandleTypeDef* huart)
 153:Core/Src/stm32f4xx_hal_msp.c **** {
 268              		.loc 1 153 1 is_stmt 1 view -0
 269              		.cfi_startproc
 270              		@ args = 0, pretend = 0, frame = 40
 271              		@ frame_needed = 0, uses_anonymous_args = 0
 272              		.loc 1 153 1 is_stmt 0 view .LVU57
 273 0000 00B5     		push	{lr}
 274              	.LCFI7:
 275              		.cfi_def_cfa_offset 4
 276              		.cfi_offset 14, -4
 277 0002 8BB0     		sub	sp, sp, #44
 278              	.LCFI8:
 279              		.cfi_def_cfa_offset 48
 154:Core/Src/stm32f4xx_hal_msp.c ****   GPIO_InitTypeDef GPIO_InitStruct = {0};
 280              		.loc 1 154 3 is_stmt 1 view .LVU58
 281              		.loc 1 154 20 is_stmt 0 view .LVU59
 282 0004 0023     		movs	r3, #0
 283 0006 0593     		str	r3, [sp, #20]
ARM GAS  C:\Users\Tik\AppData\Local\Temp\ccwulVCW.s 			page 9


 284 0008 0693     		str	r3, [sp, #24]
 285 000a 0793     		str	r3, [sp, #28]
 286 000c 0893     		str	r3, [sp, #32]
 287 000e 0993     		str	r3, [sp, #36]
 155:Core/Src/stm32f4xx_hal_msp.c ****   if(huart->Instance==UART4)
 288              		.loc 1 155 3 is_stmt 1 view .LVU60
 289              		.loc 1 155 11 is_stmt 0 view .LVU61
 290 0010 0368     		ldr	r3, [r0]
 291              		.loc 1 155 5 view .LVU62
 292 0012 274A     		ldr	r2, .L23
 293 0014 9342     		cmp	r3, r2
 294 0016 05D0     		beq	.L21
 156:Core/Src/stm32f4xx_hal_msp.c ****   {
 157:Core/Src/stm32f4xx_hal_msp.c ****   /* USER CODE BEGIN UART4_MspInit 0 */
 158:Core/Src/stm32f4xx_hal_msp.c **** 
 159:Core/Src/stm32f4xx_hal_msp.c ****   /* USER CODE END UART4_MspInit 0 */
 160:Core/Src/stm32f4xx_hal_msp.c ****     /* Peripheral clock enable */
 161:Core/Src/stm32f4xx_hal_msp.c ****     __HAL_RCC_UART4_CLK_ENABLE();
 162:Core/Src/stm32f4xx_hal_msp.c **** 
 163:Core/Src/stm32f4xx_hal_msp.c ****     __HAL_RCC_GPIOA_CLK_ENABLE();
 164:Core/Src/stm32f4xx_hal_msp.c ****     /**UART4 GPIO Configuration
 165:Core/Src/stm32f4xx_hal_msp.c ****     PA0-WKUP     ------> UART4_TX
 166:Core/Src/stm32f4xx_hal_msp.c ****     PA1     ------> UART4_RX
 167:Core/Src/stm32f4xx_hal_msp.c ****     */
 168:Core/Src/stm32f4xx_hal_msp.c ****     GPIO_InitStruct.Pin = GPIO_PIN_0|GPIO_PIN_1;
 169:Core/Src/stm32f4xx_hal_msp.c ****     GPIO_InitStruct.Mode = GPIO_MODE_AF_PP;
 170:Core/Src/stm32f4xx_hal_msp.c ****     GPIO_InitStruct.Pull = GPIO_NOPULL;
 171:Core/Src/stm32f4xx_hal_msp.c ****     GPIO_InitStruct.Speed = GPIO_SPEED_FREQ_VERY_HIGH;
 172:Core/Src/stm32f4xx_hal_msp.c ****     GPIO_InitStruct.Alternate = GPIO_AF8_UART4;
 173:Core/Src/stm32f4xx_hal_msp.c ****     HAL_GPIO_Init(GPIOA, &GPIO_InitStruct);
 174:Core/Src/stm32f4xx_hal_msp.c **** 
 175:Core/Src/stm32f4xx_hal_msp.c ****   /* USER CODE BEGIN UART4_MspInit 1 */
 176:Core/Src/stm32f4xx_hal_msp.c **** 
 177:Core/Src/stm32f4xx_hal_msp.c ****   /* USER CODE END UART4_MspInit 1 */
 178:Core/Src/stm32f4xx_hal_msp.c ****   }
 179:Core/Src/stm32f4xx_hal_msp.c ****   else if(huart->Instance==USART1)
 295              		.loc 1 179 8 is_stmt 1 view .LVU63
 296              		.loc 1 179 10 is_stmt 0 view .LVU64
 297 0018 264A     		ldr	r2, .L23+4
 298 001a 9342     		cmp	r3, r2
 299 001c 24D0     		beq	.L22
 300              	.LVL11:
 301              	.L17:
 180:Core/Src/stm32f4xx_hal_msp.c ****   {
 181:Core/Src/stm32f4xx_hal_msp.c ****   /* USER CODE BEGIN USART1_MspInit 0 */
 182:Core/Src/stm32f4xx_hal_msp.c **** 
 183:Core/Src/stm32f4xx_hal_msp.c ****   /* USER CODE END USART1_MspInit 0 */
 184:Core/Src/stm32f4xx_hal_msp.c ****     /* Peripheral clock enable */
 185:Core/Src/stm32f4xx_hal_msp.c ****     __HAL_RCC_USART1_CLK_ENABLE();
 186:Core/Src/stm32f4xx_hal_msp.c **** 
 187:Core/Src/stm32f4xx_hal_msp.c ****     __HAL_RCC_GPIOA_CLK_ENABLE();
 188:Core/Src/stm32f4xx_hal_msp.c ****     /**USART1 GPIO Configuration
 189:Core/Src/stm32f4xx_hal_msp.c ****     PA9     ------> USART1_TX
 190:Core/Src/stm32f4xx_hal_msp.c ****     PA10     ------> USART1_RX
 191:Core/Src/stm32f4xx_hal_msp.c ****     */
 192:Core/Src/stm32f4xx_hal_msp.c ****     GPIO_InitStruct.Pin = GPIO_PIN_9|GPIO_PIN_10;
 193:Core/Src/stm32f4xx_hal_msp.c ****     GPIO_InitStruct.Mode = GPIO_MODE_AF_PP;
ARM GAS  C:\Users\Tik\AppData\Local\Temp\ccwulVCW.s 			page 10


 194:Core/Src/stm32f4xx_hal_msp.c ****     GPIO_InitStruct.Pull = GPIO_NOPULL;
 195:Core/Src/stm32f4xx_hal_msp.c ****     GPIO_InitStruct.Speed = GPIO_SPEED_FREQ_VERY_HIGH;
 196:Core/Src/stm32f4xx_hal_msp.c ****     GPIO_InitStruct.Alternate = GPIO_AF7_USART1;
 197:Core/Src/stm32f4xx_hal_msp.c ****     HAL_GPIO_Init(GPIOA, &GPIO_InitStruct);
 198:Core/Src/stm32f4xx_hal_msp.c **** 
 199:Core/Src/stm32f4xx_hal_msp.c ****   /* USER CODE BEGIN USART1_MspInit 1 */
 200:Core/Src/stm32f4xx_hal_msp.c **** 
 201:Core/Src/stm32f4xx_hal_msp.c ****   /* USER CODE END USART1_MspInit 1 */
 202:Core/Src/stm32f4xx_hal_msp.c ****   }
 203:Core/Src/stm32f4xx_hal_msp.c **** 
 204:Core/Src/stm32f4xx_hal_msp.c **** }
 302              		.loc 1 204 1 view .LVU65
 303 001e 0BB0     		add	sp, sp, #44
 304              	.LCFI9:
 305              		.cfi_remember_state
 306              		.cfi_def_cfa_offset 4
 307              		@ sp needed
 308 0020 5DF804FB 		ldr	pc, [sp], #4
 309              	.LVL12:
 310              	.L21:
 311              	.LCFI10:
 312              		.cfi_restore_state
 161:Core/Src/stm32f4xx_hal_msp.c **** 
 313              		.loc 1 161 5 is_stmt 1 view .LVU66
 314              	.LBB6:
 161:Core/Src/stm32f4xx_hal_msp.c **** 
 315              		.loc 1 161 5 view .LVU67
 316 0024 0021     		movs	r1, #0
 317 0026 0191     		str	r1, [sp, #4]
 161:Core/Src/stm32f4xx_hal_msp.c **** 
 318              		.loc 1 161 5 view .LVU68
 319 0028 234B     		ldr	r3, .L23+8
 320 002a 1A6C     		ldr	r2, [r3, #64]
 321 002c 42F40022 		orr	r2, r2, #524288
 322 0030 1A64     		str	r2, [r3, #64]
 161:Core/Src/stm32f4xx_hal_msp.c **** 
 323              		.loc 1 161 5 view .LVU69
 324 0032 1A6C     		ldr	r2, [r3, #64]
 325 0034 02F40022 		and	r2, r2, #524288
 326 0038 0192     		str	r2, [sp, #4]
 161:Core/Src/stm32f4xx_hal_msp.c **** 
 327              		.loc 1 161 5 view .LVU70
 328 003a 019A     		ldr	r2, [sp, #4]
 329              	.LBE6:
 161:Core/Src/stm32f4xx_hal_msp.c **** 
 330              		.loc 1 161 5 view .LVU71
 163:Core/Src/stm32f4xx_hal_msp.c ****     /**UART4 GPIO Configuration
 331              		.loc 1 163 5 view .LVU72
 332              	.LBB7:
 163:Core/Src/stm32f4xx_hal_msp.c ****     /**UART4 GPIO Configuration
 333              		.loc 1 163 5 view .LVU73
 334 003c 0291     		str	r1, [sp, #8]
 163:Core/Src/stm32f4xx_hal_msp.c ****     /**UART4 GPIO Configuration
 335              		.loc 1 163 5 view .LVU74
 336 003e 1A6B     		ldr	r2, [r3, #48]
 337 0040 42F00102 		orr	r2, r2, #1
 338 0044 1A63     		str	r2, [r3, #48]
ARM GAS  C:\Users\Tik\AppData\Local\Temp\ccwulVCW.s 			page 11


 163:Core/Src/stm32f4xx_hal_msp.c ****     /**UART4 GPIO Configuration
 339              		.loc 1 163 5 view .LVU75
 340 0046 1B6B     		ldr	r3, [r3, #48]
 341 0048 03F00103 		and	r3, r3, #1
 342 004c 0293     		str	r3, [sp, #8]
 163:Core/Src/stm32f4xx_hal_msp.c ****     /**UART4 GPIO Configuration
 343              		.loc 1 163 5 view .LVU76
 344 004e 029B     		ldr	r3, [sp, #8]
 345              	.LBE7:
 163:Core/Src/stm32f4xx_hal_msp.c ****     /**UART4 GPIO Configuration
 346              		.loc 1 163 5 view .LVU77
 168:Core/Src/stm32f4xx_hal_msp.c ****     GPIO_InitStruct.Mode = GPIO_MODE_AF_PP;
 347              		.loc 1 168 5 view .LVU78
 168:Core/Src/stm32f4xx_hal_msp.c ****     GPIO_InitStruct.Mode = GPIO_MODE_AF_PP;
 348              		.loc 1 168 25 is_stmt 0 view .LVU79
 349 0050 0323     		movs	r3, #3
 350 0052 0593     		str	r3, [sp, #20]
 169:Core/Src/stm32f4xx_hal_msp.c ****     GPIO_InitStruct.Pull = GPIO_NOPULL;
 351              		.loc 1 169 5 is_stmt 1 view .LVU80
 169:Core/Src/stm32f4xx_hal_msp.c ****     GPIO_InitStruct.Pull = GPIO_NOPULL;
 352              		.loc 1 169 26 is_stmt 0 view .LVU81
 353 0054 0222     		movs	r2, #2
 354 0056 0692     		str	r2, [sp, #24]
 170:Core/Src/stm32f4xx_hal_msp.c ****     GPIO_InitStruct.Speed = GPIO_SPEED_FREQ_VERY_HIGH;
 355              		.loc 1 170 5 is_stmt 1 view .LVU82
 171:Core/Src/stm32f4xx_hal_msp.c ****     GPIO_InitStruct.Alternate = GPIO_AF8_UART4;
 356              		.loc 1 171 5 view .LVU83
 171:Core/Src/stm32f4xx_hal_msp.c ****     GPIO_InitStruct.Alternate = GPIO_AF8_UART4;
 357              		.loc 1 171 27 is_stmt 0 view .LVU84
 358 0058 0893     		str	r3, [sp, #32]
 172:Core/Src/stm32f4xx_hal_msp.c ****     HAL_GPIO_Init(GPIOA, &GPIO_InitStruct);
 359              		.loc 1 172 5 is_stmt 1 view .LVU85
 172:Core/Src/stm32f4xx_hal_msp.c ****     HAL_GPIO_Init(GPIOA, &GPIO_InitStruct);
 360              		.loc 1 172 31 is_stmt 0 view .LVU86
 361 005a 0823     		movs	r3, #8
 362 005c 0993     		str	r3, [sp, #36]
 173:Core/Src/stm32f4xx_hal_msp.c **** 
 363              		.loc 1 173 5 is_stmt 1 view .LVU87
 364 005e 05A9     		add	r1, sp, #20
 365 0060 1648     		ldr	r0, .L23+12
 366              	.LVL13:
 173:Core/Src/stm32f4xx_hal_msp.c **** 
 367              		.loc 1 173 5 is_stmt 0 view .LVU88
 368 0062 FFF7FEFF 		bl	HAL_GPIO_Init
 369              	.LVL14:
 370 0066 DAE7     		b	.L17
 371              	.LVL15:
 372              	.L22:
 185:Core/Src/stm32f4xx_hal_msp.c **** 
 373              		.loc 1 185 5 is_stmt 1 view .LVU89
 374              	.LBB8:
 185:Core/Src/stm32f4xx_hal_msp.c **** 
 375              		.loc 1 185 5 view .LVU90
 376 0068 0021     		movs	r1, #0
 377 006a 0391     		str	r1, [sp, #12]
 185:Core/Src/stm32f4xx_hal_msp.c **** 
 378              		.loc 1 185 5 view .LVU91
ARM GAS  C:\Users\Tik\AppData\Local\Temp\ccwulVCW.s 			page 12


 379 006c 124B     		ldr	r3, .L23+8
 380 006e 5A6C     		ldr	r2, [r3, #68]
 381 0070 42F01002 		orr	r2, r2, #16
 382 0074 5A64     		str	r2, [r3, #68]
 185:Core/Src/stm32f4xx_hal_msp.c **** 
 383              		.loc 1 185 5 view .LVU92
 384 0076 5A6C     		ldr	r2, [r3, #68]
 385 0078 02F01002 		and	r2, r2, #16
 386 007c 0392     		str	r2, [sp, #12]
 185:Core/Src/stm32f4xx_hal_msp.c **** 
 387              		.loc 1 185 5 view .LVU93
 388 007e 039A     		ldr	r2, [sp, #12]
 389              	.LBE8:
 185:Core/Src/stm32f4xx_hal_msp.c **** 
 390              		.loc 1 185 5 view .LVU94
 187:Core/Src/stm32f4xx_hal_msp.c ****     /**USART1 GPIO Configuration
 391              		.loc 1 187 5 view .LVU95
 392              	.LBB9:
 187:Core/Src/stm32f4xx_hal_msp.c ****     /**USART1 GPIO Configuration
 393              		.loc 1 187 5 view .LVU96
 394 0080 0491     		str	r1, [sp, #16]
 187:Core/Src/stm32f4xx_hal_msp.c ****     /**USART1 GPIO Configuration
 395              		.loc 1 187 5 view .LVU97
 396 0082 1A6B     		ldr	r2, [r3, #48]
 397 0084 42F00102 		orr	r2, r2, #1
 398 0088 1A63     		str	r2, [r3, #48]
 187:Core/Src/stm32f4xx_hal_msp.c ****     /**USART1 GPIO Configuration
 399              		.loc 1 187 5 view .LVU98
 400 008a 1B6B     		ldr	r3, [r3, #48]
 401 008c 03F00103 		and	r3, r3, #1
 402 0090 0493     		str	r3, [sp, #16]
 187:Core/Src/stm32f4xx_hal_msp.c ****     /**USART1 GPIO Configuration
 403              		.loc 1 187 5 view .LVU99
 404 0092 049B     		ldr	r3, [sp, #16]
 405              	.LBE9:
 187:Core/Src/stm32f4xx_hal_msp.c ****     /**USART1 GPIO Configuration
 406              		.loc 1 187 5 view .LVU100
 192:Core/Src/stm32f4xx_hal_msp.c ****     GPIO_InitStruct.Mode = GPIO_MODE_AF_PP;
 407              		.loc 1 192 5 view .LVU101
 192:Core/Src/stm32f4xx_hal_msp.c ****     GPIO_InitStruct.Mode = GPIO_MODE_AF_PP;
 408              		.loc 1 192 25 is_stmt 0 view .LVU102
 409 0094 4FF4C063 		mov	r3, #1536
 410 0098 0593     		str	r3, [sp, #20]
 193:Core/Src/stm32f4xx_hal_msp.c ****     GPIO_InitStruct.Pull = GPIO_NOPULL;
 411              		.loc 1 193 5 is_stmt 1 view .LVU103
 193:Core/Src/stm32f4xx_hal_msp.c ****     GPIO_InitStruct.Pull = GPIO_NOPULL;
 412              		.loc 1 193 26 is_stmt 0 view .LVU104
 413 009a 0223     		movs	r3, #2
 414 009c 0693     		str	r3, [sp, #24]
 194:Core/Src/stm32f4xx_hal_msp.c ****     GPIO_InitStruct.Speed = GPIO_SPEED_FREQ_VERY_HIGH;
 415              		.loc 1 194 5 is_stmt 1 view .LVU105
 195:Core/Src/stm32f4xx_hal_msp.c ****     GPIO_InitStruct.Alternate = GPIO_AF7_USART1;
 416              		.loc 1 195 5 view .LVU106
 195:Core/Src/stm32f4xx_hal_msp.c ****     GPIO_InitStruct.Alternate = GPIO_AF7_USART1;
 417              		.loc 1 195 27 is_stmt 0 view .LVU107
 418 009e 0323     		movs	r3, #3
 419 00a0 0893     		str	r3, [sp, #32]
ARM GAS  C:\Users\Tik\AppData\Local\Temp\ccwulVCW.s 			page 13


 196:Core/Src/stm32f4xx_hal_msp.c ****     HAL_GPIO_Init(GPIOA, &GPIO_InitStruct);
 420              		.loc 1 196 5 is_stmt 1 view .LVU108
 196:Core/Src/stm32f4xx_hal_msp.c ****     HAL_GPIO_Init(GPIOA, &GPIO_InitStruct);
 421              		.loc 1 196 31 is_stmt 0 view .LVU109
 422 00a2 0723     		movs	r3, #7
 423 00a4 0993     		str	r3, [sp, #36]
 197:Core/Src/stm32f4xx_hal_msp.c **** 
 424              		.loc 1 197 5 is_stmt 1 view .LVU110
 425 00a6 05A9     		add	r1, sp, #20
 426 00a8 0448     		ldr	r0, .L23+12
 427              	.LVL16:
 197:Core/Src/stm32f4xx_hal_msp.c **** 
 428              		.loc 1 197 5 is_stmt 0 view .LVU111
 429 00aa FFF7FEFF 		bl	HAL_GPIO_Init
 430              	.LVL17:
 431              		.loc 1 204 1 view .LVU112
 432 00ae B6E7     		b	.L17
 433              	.L24:
 434              		.align	2
 435              	.L23:
 436 00b0 004C0040 		.word	1073761280
 437 00b4 00100140 		.word	1073811456
 438 00b8 00380240 		.word	1073887232
 439 00bc 00000240 		.word	1073872896
 440              		.cfi_endproc
 441              	.LFE553:
 443              		.section	.text.HAL_UART_MspDeInit,"ax",%progbits
 444              		.align	1
 445              		.global	HAL_UART_MspDeInit
 446              		.syntax unified
 447              		.thumb
 448              		.thumb_func
 450              	HAL_UART_MspDeInit:
 451              	.LVL18:
 452              	.LFB554:
 205:Core/Src/stm32f4xx_hal_msp.c **** 
 206:Core/Src/stm32f4xx_hal_msp.c **** /**
 207:Core/Src/stm32f4xx_hal_msp.c **** * @brief UART MSP De-Initialization
 208:Core/Src/stm32f4xx_hal_msp.c **** * This function freeze the hardware resources used in this example
 209:Core/Src/stm32f4xx_hal_msp.c **** * @param huart: UART handle pointer
 210:Core/Src/stm32f4xx_hal_msp.c **** * @retval None
 211:Core/Src/stm32f4xx_hal_msp.c **** */
 212:Core/Src/stm32f4xx_hal_msp.c **** void HAL_UART_MspDeInit(UART_HandleTypeDef* huart)
 213:Core/Src/stm32f4xx_hal_msp.c **** {
 453              		.loc 1 213 1 is_stmt 1 view -0
 454              		.cfi_startproc
 455              		@ args = 0, pretend = 0, frame = 0
 456              		@ frame_needed = 0, uses_anonymous_args = 0
 457              		.loc 1 213 1 is_stmt 0 view .LVU114
 458 0000 08B5     		push	{r3, lr}
 459              	.LCFI11:
 460              		.cfi_def_cfa_offset 8
 461              		.cfi_offset 3, -8
 462              		.cfi_offset 14, -4
 214:Core/Src/stm32f4xx_hal_msp.c ****   if(huart->Instance==UART4)
 463              		.loc 1 214 3 is_stmt 1 view .LVU115
 464              		.loc 1 214 11 is_stmt 0 view .LVU116
ARM GAS  C:\Users\Tik\AppData\Local\Temp\ccwulVCW.s 			page 14


 465 0002 0368     		ldr	r3, [r0]
 466              		.loc 1 214 5 view .LVU117
 467 0004 0E4A     		ldr	r2, .L31
 468 0006 9342     		cmp	r3, r2
 469 0008 03D0     		beq	.L29
 215:Core/Src/stm32f4xx_hal_msp.c ****   {
 216:Core/Src/stm32f4xx_hal_msp.c ****   /* USER CODE BEGIN UART4_MspDeInit 0 */
 217:Core/Src/stm32f4xx_hal_msp.c **** 
 218:Core/Src/stm32f4xx_hal_msp.c ****   /* USER CODE END UART4_MspDeInit 0 */
 219:Core/Src/stm32f4xx_hal_msp.c ****     /* Peripheral clock disable */
 220:Core/Src/stm32f4xx_hal_msp.c ****     __HAL_RCC_UART4_CLK_DISABLE();
 221:Core/Src/stm32f4xx_hal_msp.c **** 
 222:Core/Src/stm32f4xx_hal_msp.c ****     /**UART4 GPIO Configuration
 223:Core/Src/stm32f4xx_hal_msp.c ****     PA0-WKUP     ------> UART4_TX
 224:Core/Src/stm32f4xx_hal_msp.c ****     PA1     ------> UART4_RX
 225:Core/Src/stm32f4xx_hal_msp.c ****     */
 226:Core/Src/stm32f4xx_hal_msp.c ****     HAL_GPIO_DeInit(GPIOA, GPIO_PIN_0|GPIO_PIN_1);
 227:Core/Src/stm32f4xx_hal_msp.c **** 
 228:Core/Src/stm32f4xx_hal_msp.c ****   /* USER CODE BEGIN UART4_MspDeInit 1 */
 229:Core/Src/stm32f4xx_hal_msp.c **** 
 230:Core/Src/stm32f4xx_hal_msp.c ****   /* USER CODE END UART4_MspDeInit 1 */
 231:Core/Src/stm32f4xx_hal_msp.c ****   }
 232:Core/Src/stm32f4xx_hal_msp.c ****   else if(huart->Instance==USART1)
 470              		.loc 1 232 8 is_stmt 1 view .LVU118
 471              		.loc 1 232 10 is_stmt 0 view .LVU119
 472 000a 0E4A     		ldr	r2, .L31+4
 473 000c 9342     		cmp	r3, r2
 474 000e 0BD0     		beq	.L30
 475              	.LVL19:
 476              	.L25:
 233:Core/Src/stm32f4xx_hal_msp.c ****   {
 234:Core/Src/stm32f4xx_hal_msp.c ****   /* USER CODE BEGIN USART1_MspDeInit 0 */
 235:Core/Src/stm32f4xx_hal_msp.c **** 
 236:Core/Src/stm32f4xx_hal_msp.c ****   /* USER CODE END USART1_MspDeInit 0 */
 237:Core/Src/stm32f4xx_hal_msp.c ****     /* Peripheral clock disable */
 238:Core/Src/stm32f4xx_hal_msp.c ****     __HAL_RCC_USART1_CLK_DISABLE();
 239:Core/Src/stm32f4xx_hal_msp.c **** 
 240:Core/Src/stm32f4xx_hal_msp.c ****     /**USART1 GPIO Configuration
 241:Core/Src/stm32f4xx_hal_msp.c ****     PA9     ------> USART1_TX
 242:Core/Src/stm32f4xx_hal_msp.c ****     PA10     ------> USART1_RX
 243:Core/Src/stm32f4xx_hal_msp.c ****     */
 244:Core/Src/stm32f4xx_hal_msp.c ****     HAL_GPIO_DeInit(GPIOA, GPIO_PIN_9|GPIO_PIN_10);
 245:Core/Src/stm32f4xx_hal_msp.c **** 
 246:Core/Src/stm32f4xx_hal_msp.c ****   /* USER CODE BEGIN USART1_MspDeInit 1 */
 247:Core/Src/stm32f4xx_hal_msp.c **** 
 248:Core/Src/stm32f4xx_hal_msp.c ****   /* USER CODE END USART1_MspDeInit 1 */
 249:Core/Src/stm32f4xx_hal_msp.c ****   }
 250:Core/Src/stm32f4xx_hal_msp.c **** 
 251:Core/Src/stm32f4xx_hal_msp.c **** }
 477              		.loc 1 251 1 view .LVU120
 478 0010 08BD     		pop	{r3, pc}
 479              	.LVL20:
 480              	.L29:
 220:Core/Src/stm32f4xx_hal_msp.c **** 
 481              		.loc 1 220 5 is_stmt 1 view .LVU121
 482 0012 02F5F632 		add	r2, r2, #125952
 483 0016 136C     		ldr	r3, [r2, #64]
ARM GAS  C:\Users\Tik\AppData\Local\Temp\ccwulVCW.s 			page 15


 484 0018 23F40023 		bic	r3, r3, #524288
 485 001c 1364     		str	r3, [r2, #64]
 226:Core/Src/stm32f4xx_hal_msp.c **** 
 486              		.loc 1 226 5 view .LVU122
 487 001e 0321     		movs	r1, #3
 488 0020 0948     		ldr	r0, .L31+8
 489              	.LVL21:
 226:Core/Src/stm32f4xx_hal_msp.c **** 
 490              		.loc 1 226 5 is_stmt 0 view .LVU123
 491 0022 FFF7FEFF 		bl	HAL_GPIO_DeInit
 492              	.LVL22:
 493 0026 F3E7     		b	.L25
 494              	.LVL23:
 495              	.L30:
 238:Core/Src/stm32f4xx_hal_msp.c **** 
 496              		.loc 1 238 5 is_stmt 1 view .LVU124
 497 0028 02F59432 		add	r2, r2, #75776
 498 002c 536C     		ldr	r3, [r2, #68]
 499 002e 23F01003 		bic	r3, r3, #16
 500 0032 5364     		str	r3, [r2, #68]
 244:Core/Src/stm32f4xx_hal_msp.c **** 
 501              		.loc 1 244 5 view .LVU125
 502 0034 4FF4C061 		mov	r1, #1536
 503 0038 0348     		ldr	r0, .L31+8
 504              	.LVL24:
 244:Core/Src/stm32f4xx_hal_msp.c **** 
 505              		.loc 1 244 5 is_stmt 0 view .LVU126
 506 003a FFF7FEFF 		bl	HAL_GPIO_DeInit
 507              	.LVL25:
 508              		.loc 1 251 1 view .LVU127
 509 003e E7E7     		b	.L25
 510              	.L32:
 511              		.align	2
 512              	.L31:
 513 0040 004C0040 		.word	1073761280
 514 0044 00100140 		.word	1073811456
 515 0048 00000240 		.word	1073872896
 516              		.cfi_endproc
 517              	.LFE554:
 519              		.text
 520              	.Letext0:
 521              		.file 2 "c:\\program files (x86)\\gnu arm embedded toolchain\\10 2021.10\\arm-none-eabi\\include\\
 522              		.file 3 "c:\\program files (x86)\\gnu arm embedded toolchain\\10 2021.10\\arm-none-eabi\\include\\
 523              		.file 4 "Drivers/CMSIS/Device/ST/STM32F4xx/Include/stm32f407xx.h"
 524              		.file 5 "Drivers/STM32F4xx_HAL_Driver/Inc/stm32f4xx_hal_def.h"
 525              		.file 6 "Drivers/STM32F4xx_HAL_Driver/Inc/stm32f4xx_hal_gpio.h"
 526              		.file 7 "Drivers/STM32F4xx_HAL_Driver/Inc/stm32f4xx_hal_dma.h"
 527              		.file 8 "Drivers/STM32F4xx_HAL_Driver/Inc/stm32f4xx_hal_spi.h"
 528              		.file 9 "Drivers/STM32F4xx_HAL_Driver/Inc/stm32f4xx_hal_uart.h"
 529              		.file 10 "Drivers/STM32F4xx_HAL_Driver/Inc/stm32f4xx_ll_dma.h"
ARM GAS  C:\Users\Tik\AppData\Local\Temp\ccwulVCW.s 			page 16


DEFINED SYMBOLS
                            *ABS*:00000000 stm32f4xx_hal_msp.c
C:\Users\Tik\AppData\Local\Temp\ccwulVCW.s:20     .text.HAL_MspInit:00000000 $t
C:\Users\Tik\AppData\Local\Temp\ccwulVCW.s:26     .text.HAL_MspInit:00000000 HAL_MspInit
C:\Users\Tik\AppData\Local\Temp\ccwulVCW.s:80     .text.HAL_MspInit:00000034 $d
C:\Users\Tik\AppData\Local\Temp\ccwulVCW.s:85     .text.HAL_SPI_MspInit:00000000 $t
C:\Users\Tik\AppData\Local\Temp\ccwulVCW.s:91     .text.HAL_SPI_MspInit:00000000 HAL_SPI_MspInit
C:\Users\Tik\AppData\Local\Temp\ccwulVCW.s:197    .text.HAL_SPI_MspInit:00000068 $d
C:\Users\Tik\AppData\Local\Temp\ccwulVCW.s:203    .text.HAL_SPI_MspDeInit:00000000 $t
C:\Users\Tik\AppData\Local\Temp\ccwulVCW.s:209    .text.HAL_SPI_MspDeInit:00000000 HAL_SPI_MspDeInit
C:\Users\Tik\AppData\Local\Temp\ccwulVCW.s:252    .text.HAL_SPI_MspDeInit:00000020 $d
C:\Users\Tik\AppData\Local\Temp\ccwulVCW.s:259    .text.HAL_UART_MspInit:00000000 $t
C:\Users\Tik\AppData\Local\Temp\ccwulVCW.s:265    .text.HAL_UART_MspInit:00000000 HAL_UART_MspInit
C:\Users\Tik\AppData\Local\Temp\ccwulVCW.s:436    .text.HAL_UART_MspInit:000000b0 $d
C:\Users\Tik\AppData\Local\Temp\ccwulVCW.s:444    .text.HAL_UART_MspDeInit:00000000 $t
C:\Users\Tik\AppData\Local\Temp\ccwulVCW.s:450    .text.HAL_UART_MspDeInit:00000000 HAL_UART_MspDeInit
C:\Users\Tik\AppData\Local\Temp\ccwulVCW.s:513    .text.HAL_UART_MspDeInit:00000040 $d

UNDEFINED SYMBOLS
HAL_GPIO_Init
HAL_GPIO_DeInit
